#
# A fatal error has been detected by the Java Runtime Environment:
#
#  EXCEPTION_UNCAUGHT_CXX_EXCEPTION (0xe06d7363) at pc=0x000007fefd25be0d, pid=9700, tid=10132
#
# JRE version: Java(TM) SE Runtime Environment (12.0.1+12) (build 12.0.1+12)
# Java VM: Java HotSpot(TM) 64-Bit Server VM (12.0.1+12, mixed mode, sharing, tiered, compressed oops, g1 gc, windows-amd64)
# Problematic frame:
# C  [KERNELBASE.dll+0xbe0d]
#
# No core dump will be written. Minidumps are not enabled by default on client versions of Windows
#
# If you would like to submit a bug report, please visit:
#   http://bugreport.java.com/bugreport/crash.jsp
# The crash happened outside the Java Virtual Machine in native code.
# See problematic frame for where to report the bug.
#

---------------  S U M M A R Y ------------

Command Line: -XX:TieredStopAtLevel=1 -Xverify:none -Dspring.output.ansi.enabled=always -Dcom.sun.management.jmxremote -Dspring.jmx.enabled=true -Dspring.liveBeansView.mbeanDomain -Dspring.application.admin.enabled=true -javaagent:C:\Program Files\JetBrains\IntelliJ IDEA 2019.1.1\lib\idea_rt.jar=53406:C:\Program Files\JetBrains\IntelliJ IDEA 2019.1.1\bin -Dfile.encoding=UTF-8 zpo.project.fuelscanner.FuelScannerApplication

Host: Intel(R) Core(TM) i5-4288U CPU @ 2.60GHz, 4 cores, 7G,  Windows 7 , 64 bit Build 7601 (6.1.7601.24354)
Time: Fri Jan 31 22:13:32 2020 ?rodkowoeuropejski czas stand. elapsed time: 18 seconds (0d 0h 0m 18s)

---------------  T H R E A D  ---------------

Current thread (0x0000000025339000):  JavaThread "http-nio-8080-exec-1" daemon [_thread_in_native, id=10132, stack(0x0000000029960000,0x0000000029a60000)]

Stack: [0x0000000029960000,0x0000000029a60000],  sp=0x0000000029a4c210,  free space=944k
Native frames: (J=compiled Java code, j=interpreted, Vv=VM code, C=native code)
C  [KERNELBASE.dll+0xbe0d]
C  [msvcr120.dll+0x5ef63]

Java frames: (J=compiled Java code, j=interpreted, Vv=VM code)
j  org.bytedeco.javacpp.opencv_imgproc.cvSmooth(Lorg/bytedeco/javacpp/helper/opencv_core$CvArr;Lorg/bytedeco/javacpp/helper/opencv_core$CvArr;IIIDD)V+0
j  zpo.project.fuelscanner.config.ReceiptScanning.cleanImageSmoothingForOCR(Lorg/bytedeco/javacpp/opencv_core$IplImage;)Lorg/bytedeco/javacpp/opencv_core$IplImage;+39
j  zpo.project.fuelscanner.controller.OcrController.doOcr(Lorg/springframework/web/multipart/MultipartFile;)Lzpo/project/fuelscanner/model/Receipt;+58
v  ~StubRoutines::call_stub
J 2273  jdk.internal.reflect.NativeMethodAccessorImpl.invoke0(Ljava/lang/reflect/Method;Ljava/lang/Object;[Ljava/lang/Object;)Ljava/lang/Object; java.base@12.0.1 (0 bytes) @ 0x000000000b73d86f [0x000000000b73d7e0+0x000000000000008f]
J 2272 c1 jdk.internal.reflect.NativeMethodAccessorImpl.invoke(Ljava/lang/Object;[Ljava/lang/Object;)Ljava/lang/Object; java.base@12.0.1 (104 bytes) @ 0x000000000b73e1c4 [0x000000000b73ddc0+0x0000000000000404]
J 2267 c1 jdk.internal.reflect.DelegatingMethodAccessorImpl.invoke(Ljava/lang/Object;[Ljava/lang/Object;)Ljava/lang/Object; java.base@12.0.1 (10 bytes) @ 0x000000000b73bfa4 [0x000000000b73bf40+0x0000000000000064]
J 2271 c1 java.lang.reflect.Method.invoke(Ljava/lang/Object;[Ljava/lang/Object;)Ljava/lang/Object; java.base@12.0.1 (65 bytes) @ 0x000000000b73d3a4 [0x000000000b73d280+0x0000000000000124]
j  org.springframework.web.method.support.InvocableHandlerMethod.doInvoke([Ljava/lang/Object;)Ljava/lang/Object;+16
j  org.springframework.web.method.support.InvocableHandlerMethod.invokeForRequest(Lorg/springframework/web/context/request/NativeWebRequest;Lorg/springframework/web/method/support/ModelAndViewContainer;[Ljava/lang/Object;)Ljava/lang/Object;+56
j  org.springframework.web.servlet.mvc.method.annotation.ServletInvocableHandlerMethod.invokeAndHandle(Lorg/springframework/web/context/request/ServletWebRequest;Lorg/springframework/web/method/support/ModelAndViewContainer;[Ljava/lang/Object;)V+4
j  org.springframework.web.servlet.mvc.method.annotation.RequestMappingHandlerAdapter.invokeHandlerMethod(Ljavax/servlet/http/HttpServletRequest;Ljavax/servlet/http/HttpServletResponse;Lorg/springframework/web/method/HandlerMethod;)Lorg/springframework/web/servlet/ModelAndView;+244
j  org.springframework.web.servlet.mvc.method.annotation.RequestMappingHandlerAdapter.handleInternal(Ljavax/servlet/http/HttpServletRequest;Ljavax/servlet/http/HttpServletResponse;Lorg/springframework/web/method/HandlerMethod;)Lorg/springframework/web/servlet/ModelAndView;+81
j  org.springframework.web.servlet.mvc.method.AbstractHandlerMethodAdapter.handle(Ljavax/servlet/http/HttpServletRequest;Ljavax/servlet/http/HttpServletResponse;Ljava/lang/Object;)Lorg/springframework/web/servlet/ModelAndView;+7
j  org.springframework.web.servlet.DispatcherServlet.doDispatch(Ljavax/servlet/http/HttpServletRequest;Ljavax/servlet/http/HttpServletResponse;)V+257
j  org.springframework.web.servlet.DispatcherServlet.doService(Ljavax/servlet/http/HttpServletRequest;Ljavax/servlet/http/HttpServletResponse;)V+212
j  org.springframework.web.servlet.FrameworkServlet.processRequest(Ljavax/servlet/http/HttpServletRequest;Ljavax/servlet/http/HttpServletResponse;)V+71
j  org.springframework.web.servlet.FrameworkServlet.doPost(Ljavax/servlet/http/HttpServletRequest;Ljavax/servlet/http/HttpServletResponse;)V+3
j  javax.servlet.http.HttpServlet.service(Ljavax/servlet/http/HttpServletRequest;Ljavax/servlet/http/HttpServletResponse;)V+149
j  org.springframework.web.servlet.FrameworkServlet.service(Ljavax/servlet/http/HttpServletRequest;Ljavax/servlet/http/HttpServletResponse;)V+33
j  javax.servlet.http.HttpServlet.service(Ljavax/servlet/ServletRequest;Ljavax/servlet/ServletResponse;)V+36
j  org.apache.catalina.core.ApplicationFilterChain.internalDoFilter(Ljavax/servlet/ServletRequest;Ljavax/servlet/ServletResponse;)V+304
j  org.apache.catalina.core.ApplicationFilterChain.doFilter(Ljavax/servlet/ServletRequest;Ljavax/servlet/ServletResponse;)V+101
j  org.apache.tomcat.websocket.server.WsFilter.doFilter(Ljavax/servlet/ServletRequest;Ljavax/servlet/ServletResponse;Ljavax/servlet/FilterChain;)V+21
j  org.apache.catalina.core.ApplicationFilterChain.internalDoFilter(Ljavax/servlet/ServletRequest;Ljavax/servlet/ServletResponse;)V+135
j  org.apache.catalina.core.ApplicationFilterChain.doFilter(Ljavax/servlet/ServletRequest;Ljavax/servlet/ServletResponse;)V+101
j  org.springframework.web.filter.RequestContextFilter.doFilterInternal(Ljavax/servlet/http/HttpServletRequest;Ljavax/servlet/http/HttpServletResponse;Ljavax/servlet/FilterChain;)V+21
j  org.springframework.web.filter.OncePerRequestFilter.doFilter(Ljavax/servlet/ServletRequest;Ljavax/servlet/ServletResponse;Ljavax/servlet/FilterChain;)V+147
j  org.apache.catalina.core.ApplicationFilterChain.internalDoFilter(Ljavax/servlet/ServletRequest;Ljavax/servlet/ServletResponse;)V+135
j  org.apache.catalina.core.ApplicationFilterChain.doFilter(Ljavax/servlet/ServletRequest;Ljavax/servlet/ServletResponse;)V+101
j  org.springframework.web.filter.FormContentFilter.doFilterInternal(Ljavax/servlet/http/HttpServletRequest;Ljavax/servlet/http/HttpServletResponse;Ljavax/servlet/FilterChain;)V+38
j  org.springframework.web.filter.OncePerRequestFilter.doFilter(Ljavax/servlet/ServletRequest;Ljavax/servlet/ServletResponse;Ljavax/servlet/FilterChain;)V+147
j  org.apache.catalina.core.ApplicationFilterChain.internalDoFilter(Ljavax/servlet/ServletRequest;Ljavax/servlet/ServletResponse;)V+135
j  org.apache.catalina.core.ApplicationFilterChain.doFilter(Ljavax/servlet/ServletRequest;Ljavax/servlet/ServletResponse;)V+101
j  org.springframework.web.filter.CharacterEncodingFilter.doFilterInternal(Ljavax/servlet/http/HttpServletRequest;Ljavax/servlet/http/HttpServletResponse;Ljavax/servlet/FilterChain;)V+53
j  org.springframework.web.filter.OncePerRequestFilter.doFilter(Ljavax/servlet/ServletRequest;Ljavax/servlet/ServletResponse;Ljavax/servlet/FilterChain;)V+147
j  org.apache.catalina.core.ApplicationFilterChain.internalDoFilter(Ljavax/servlet/ServletRequest;Ljavax/servlet/ServletResponse;)V+135
j  org.apache.catalina.core.ApplicationFilterChain.doFilter(Ljavax/servlet/ServletRequest;Ljavax/servlet/ServletResponse;)V+101
j  org.apache.catalina.core.StandardWrapperValve.invoke(Lorg/apache/catalina/connector/Request;Lorg/apache/catalina/connector/Response;)V+694
j  org.apache.catalina.core.StandardContextValve.invoke(Lorg/apache/catalina/connector/Request;Lorg/apache/catalina/connector/Response;)V+166
j  org.apache.catalina.authenticator.AuthenticatorBase.invoke(Lorg/apache/catalina/connector/Request;Lorg/apache/catalina/connector/Response;)V+260
j  org.apache.catalina.core.StandardHostValve.invoke(Lorg/apache/catalina/connector/Request;Lorg/apache/catalina/connector/Response;)V+114
j  org.apache.catalina.valves.ErrorReportValve.invoke(Lorg/apache/catalina/connector/Request;Lorg/apache/catalina/connector/Response;)V+6
j  org.apache.catalina.core.StandardEngineValve.invoke(Lorg/apache/catalina/connector/Request;Lorg/apache/catalina/connector/Response;)V+45
j  org.apache.catalina.connector.CoyoteAdapter.service(Lorg/apache/coyote/Request;Lorg/apache/coyote/Response;)V+199
j  org.apache.coyote.http11.Http11Processor.service(Lorg/apache/tomcat/util/net/SocketWrapperBase;)Lorg/apache/tomcat/util/net/AbstractEndpoint$Handler$SocketState;+784
j  org.apache.coyote.AbstractProcessorLight.process(Lorg/apache/tomcat/util/net/SocketWrapperBase;Lorg/apache/tomcat/util/net/SocketEvent;)Lorg/apache/tomcat/util/net/AbstractEndpoint$Handler$SocketState;+113
j  org.apache.coyote.AbstractProtocol$ConnectionHandler.process(Lorg/apache/tomcat/util/net/SocketWrapperBase;Lorg/apache/tomcat/util/net/SocketEvent;)Lorg/apache/tomcat/util/net/AbstractEndpoint$Handler$SocketState;+442
j  org.apache.tomcat.util.net.NioEndpoint$SocketProcessor.doRun()V+221
j  org.apache.tomcat.util.net.SocketProcessorBase.run()V+21
j  java.util.concurrent.ThreadPoolExecutor.runWorker(Ljava/util/concurrent/ThreadPoolExecutor$Worker;)V+92 java.base@12.0.1
j  java.util.concurrent.ThreadPoolExecutor$Worker.run()V+5 java.base@12.0.1
j  org.apache.tomcat.util.threads.TaskThread$WrappingRunnable.run()V+4
j  java.lang.Thread.run()V+11 java.base@12.0.1
v  ~StubRoutines::call_stub

siginfo: EXCEPTION_UNCAUGHT_CXX_EXCEPTION (0xe06d7363), ExceptionInformation=0x0000000019930520 0x0000000029a4c390 0x000007feacb79fc0 0x000007feac930000 


Register to memory mapping:

RIP=0x000007fefd25be0d KERNELBASE.dll
RAX=0x000000005ce8fe08 is an unknown value
RBX=0x000007feacb79fc0 opencv_core300.dll
RCX=0x0000000029a4bc00 is pointing into the stack for thread: 0x0000000025339000
RDX=0x00000000000000d0 is an unknown value
RSP=0x0000000029a4c210 is pointing into the stack for thread: 0x0000000025339000
RBP=0x0000000029a4c340 is pointing into the stack for thread: 0x0000000025339000
RSI=0x000007feac7cc898 opencv_imgproc300.dll
RDI=0x0000000029a4c390 is pointing into the stack for thread: 0x0000000025339000
R8 =0x0 is NULL
R9 =0x0 is NULL
R10=0x000007feac930000 opencv_core300.dll
R11=0x0000000029a4c250 is pointing into the stack for thread: 0x0000000025339000
R12=
[error occurred during error reporting (printing register info), id 0xc0000005, EXCEPTION_ACCESS_VIOLATION (0xc0000005) at pc=0x000007fead758cff]

Registers:
RAX=0x000000005ce8fe08, RBX=0x000007feacb79fc0, RCX=0x0000000029a4bc00, RDX=0x00000000000000d0
RSP=0x0000000029a4c210, RBP=0x0000000029a4c340, RSI=0x000007feac7cc898, RDI=0x0000000029a4c390
R8 =0x0000000000000000, R9 =0x0000000000000000, R10=0x000007feac930000, R11=0x0000000029a4c250
R12=0x00000000ffffff29, R13=0x0000000000000000, R14=0x000007feac7cc590, R15=0x0000000029a5c550
RIP=0x000007fefd25be0d, EFLAGS=0x0000000000000202

Top of Stack: (sp=0x0000000029a4c210)
0x0000000029a4c210:   000007feacb79fc0 000007feac7cc898
0x0000000029a4c220:   0000000029a4c390 000007feb124a1ae
0x0000000029a4c230:   00000001e06d7363 0000000000000000
0x0000000029a4c240:   000007fefd25be0d 000007fe00000004
0x0000000029a4c250:   0000000019930520 0000000029a4c390
0x0000000029a4c260:   000007feacb79fc0 000007feac930000
0x0000000029a4c270:   0000000000000002 0000000029a4c2f8
0x0000000029a4c280:   0000000000000000 0000000000000002
0x0000000029a4c290:   000000002841f770 000007feac7cc590
0x0000000029a4c2a0:   0000000029a4c390 000007feb123d306
0x0000000029a4c2b0:   000007feac7cc590 0000000000000000
0x0000000029a4c2c0:   00000000ffffff29 0000000029a4c390
0x0000000029a4c2d0:   000007feac7cc898 000007feb123ef63
0x0000000029a4c2e0:   000007feacb79fc0 0000000029a4c350
0x0000000029a4c2f0:   000007fe00000001 000007feac930100
0x0000000029a4c300:   00000001e06d7363 0000000000000000 

Instructions: (pc=0x000007fefd25be0d)
0x000007fefd25bded:   54 24 24 48 89 4c 24 28 4d 85 c9 0f 85 8e 03 00
0x000007fefd25bdfd:   00 89 4c 24 38 48 8d 4c 24 20 ff 15 93 e4 03 00
0x000007fefd25be0d:   48 81 c4 c8 00 00 00 c3 90 90 90 90 90 90 90 90
0x000007fefd25be1d:   90 90 90 48 83 ec 28 65 48 8b 04 25 30 00 00 00 


Stack slot to memory mapping:
stack at sp + 0 slots: 0x000007feacb79fc0 opencv_core300.dll
stack at sp + 1 slots: 0x000007feac7cc898 opencv_imgproc300.dll
stack at sp + 2 slots: 0x0000000029a4c390 is pointing into the stack for thread: 0x0000000025339000
stack at sp + 3 slots: 0x000007feb124a1ae msvcr120.dll
stack at sp + 4 slots: 0x00000001e06d7363 is an unknown value
stack at sp + 5 slots: 0x0 is NULL
stack at sp + 6 slots: 0x000007fefd25be0d KERNELBASE.dll
stack at sp + 7 slots: 0x000007fe00000004 is an unknown value


---------------  P R O C E S S  ---------------

Threads class SMR info:
_java_thread_list=0x0000000027c867d0, length=34, elements={
0x000000001ee2c000, 0x000000001ee2d000, 0x0000000021f8d000, 0x0000000021f90000,
0x0000000021f91000, 0x0000000021f94000, 0x000000001ee0b000, 0x0000000023366000,
0x0000000023366800, 0x0000000023659800, 0x0000000023871000, 0x00000000237ca000,
0x0000000022eee800, 0x0000000021fcc000, 0x0000000021fcc800, 0x0000000022cc3000,
0x0000000022cc0800, 0x0000000025337800, 0x0000000025338800, 0x0000000025339000,
0x000000002533a000, 0x0000000028400000, 0x0000000028400800, 0x0000000028401800,
0x0000000028402000, 0x0000000028403000, 0x0000000028404000, 0x0000000028404800,
0x0000000028405800, 0x0000000028406800, 0x0000000028425800, 0x0000000028426800,
0x0000000028427000, 0x0000000028428000
}

Java Threads: ( => current thread )
  0x000000001ee2c000 JavaThread "Reference Handler" daemon [_thread_blocked, id=9176, stack(0x0000000022210000,0x0000000022310000)]
  0x000000001ee2d000 JavaThread "Finalizer" daemon [_thread_blocked, id=3096, stack(0x0000000022420000,0x0000000022520000)]
  0x0000000021f8d000 JavaThread "Signal Dispatcher" daemon [_thread_blocked, id=10308, stack(0x0000000022650000,0x0000000022750000)]
  0x0000000021f90000 JavaThread "Attach Listener" daemon [_thread_blocked, id=10300, stack(0x0000000022800000,0x0000000022900000)]
  0x0000000021f91000 JavaThread "C1 CompilerThread0" daemon [_thread_blocked, id=9544, stack(0x0000000022a10000,0x0000000022b10000)]
  0x0000000021f94000 JavaThread "Sweeper thread" daemon [_thread_blocked, id=10916, stack(0x0000000022b90000,0x0000000022c90000)]
  0x000000001ee0b000 JavaThread "Common-Cleaner" daemon [_thread_blocked, id=780, stack(0x0000000023090000,0x0000000023190000)]
  0x0000000023366000 JavaThread "Monitor Ctrl-Break" daemon [_thread_in_native, id=8324, stack(0x0000000023b00000,0x0000000023c00000)]
  0x0000000023366800 JavaThread "Service Thread" daemon [_thread_blocked, id=8456, stack(0x0000000023c10000,0x0000000023d10000)]
  0x0000000023659800 JavaThread "RMI TCP Accept-0" daemon [_thread_in_native, id=8712, stack(0x0000000023ff0000,0x00000000240f0000)]
  0x0000000023871000 JavaThread "RMI TCP Connection(3)-192.168.0.103" daemon [_thread_in_native, id=10272, stack(0x0000000024220000,0x0000000024320000)]
  0x00000000237ca000 JavaThread "RMI Scheduler(0)" daemon [_thread_blocked, id=6604, stack(0x0000000024740000,0x0000000024840000)]
  0x0000000022eee800 JavaThread "mysql-cj-abandoned-connection-cleanup" daemon [_thread_blocked, id=7940, stack(0x0000000024840000,0x0000000024940000)]
  0x0000000021fcc000 JavaThread "MVStore background writer nio:C:/Users/Mati/Documents/Fuel-Scanner/fuel-scanner.mv.db" daemon [_thread_blocked, id=10960, stack(0x0000000026c90000,0x0000000026d90000)]
  0x0000000021fcc800 JavaThread "HikariPool-1 housekeeper" daemon [_thread_blocked, id=8260, stack(0x0000000023a00000,0x0000000023b00000)]
  0x0000000022cc3000 JavaThread "Catalina-utility-1" [_thread_blocked, id=9640, stack(0x00000000245e0000,0x00000000246e0000)]
  0x0000000022cc0800 JavaThread "Catalina-utility-2" [_thread_blocked, id=10840, stack(0x0000000027270000,0x0000000027370000)]
  0x0000000025337800 JavaThread "container-0" [_thread_blocked, id=8788, stack(0x0000000027170000,0x0000000027270000)]
  0x0000000025338800 JavaThread "http-nio-8080-BlockPoller" daemon [_thread_in_native, id=10204, stack(0x00000000297a0000,0x00000000298a0000)]
=>0x0000000025339000 JavaThread "http-nio-8080-exec-1" daemon [_thread_in_native, id=10132, stack(0x0000000029960000,0x0000000029a60000)]
  0x000000002533a000 JavaThread "http-nio-8080-exec-2" daemon [_thread_blocked, id=8512, stack(0x0000000029aa0000,0x0000000029ba0000)]
  0x0000000028400000 JavaThread "http-nio-8080-exec-3" daemon [_thread_blocked, id=9480, stack(0x0000000029d30000,0x0000000029e30000)]
  0x0000000028400800 JavaThread "http-nio-8080-exec-4" daemon [_thread_blocked, id=3684, stack(0x0000000029ea0000,0x0000000029fa0000)]
  0x0000000028401800 JavaThread "http-nio-8080-exec-5" daemon [_thread_blocked, id=11012, stack(0x000000002a080000,0x000000002a180000)]
  0x0000000028402000 JavaThread "http-nio-8080-exec-6" daemon [_thread_blocked, id=10328, stack(0x000000002a1b0000,0x000000002a2b0000)]
  0x0000000028403000 JavaThread "http-nio-8080-exec-7" daemon [_thread_blocked, id=9672, stack(0x000000002a3c0000,0x000000002a4c0000)]
  0x0000000028404000 JavaThread "http-nio-8080-exec-8" daemon [_thread_blocked, id=7152, stack(0x000000002a510000,0x000000002a610000)]
  0x0000000028404800 JavaThread "http-nio-8080-exec-9" daemon [_thread_blocked, id=8160, stack(0x000000002a6d0000,0x000000002a7d0000)]
  0x0000000028405800 JavaThread "http-nio-8080-exec-10" daemon [_thread_blocked, id=7212, stack(0x000000002a8a0000,0x000000002a9a0000)]
  0x0000000028406800 JavaThread "http-nio-8080-ClientPoller" daemon [_thread_in_native, id=7804, stack(0x0000000029bd0000,0x0000000029cd0000)]
  0x0000000028425800 JavaThread "http-nio-8080-Acceptor" daemon [_thread_in_native, id=952, stack(0x000000002ab00000,0x000000002ac00000)]
  0x0000000028426800 JavaThread "DestroyJavaVM" [_thread_blocked, id=10980, stack(0x00000000021a0000,0x00000000022a0000)]
  0x0000000028427000 JavaThread "RMI TCP Connection(idle)" daemon [_thread_blocked, id=9500, stack(0x000000002ac60000,0x000000002ad60000)]
  0x0000000028428000 JavaThread "Java2D Disposer" daemon [_thread_blocked, id=9220, stack(0x000000002afd0000,0x000000002b0d0000)]

Other Threads:
  0x000000001ee21800 VMThread "VM Thread" [stack: 0x0000000022090000,0x0000000022190000] [id=3240]
  0x0000000023653800 WatcherThread [stack: 0x0000000024100000,0x0000000024200000] [id=11236]
  0x00000000004fa000 GCTaskThread "GC Thread#0" [stack: 0x000000001ec30000,0x000000001ed30000] [id=8716]
  0x0000000023674800 GCTaskThread "GC Thread#1" [stack: 0x0000000023d40000,0x0000000023e40000] [id=9440]
  0x0000000023701000 GCTaskThread "GC Thread#2" [stack: 0x0000000024370000,0x0000000024470000] [id=9896]
  0x0000000023856800 GCTaskThread "GC Thread#3" [stack: 0x0000000024950000,0x0000000024a50000] [id=10084]
  0x0000000000507800 ConcurrentGCThread "G1 Main Marker" [stack: 0x000000001ee30000,0x000000001ef30000] [id=9768]
  0x000000000050c800 ConcurrentGCThread "G1 Conc#0" [stack: 0x000000001eaf0000,0x000000001ebf0000] [id=10324]
  0x000000001edb7000 ConcurrentGCThread "G1 Refine#0" [stack: 0x0000000021370000,0x0000000021470000] [id=2020]
  0x0000000022e16800 ConcurrentGCThread "G1 Refine#1" [stack: 0x00000000244d0000,0x00000000245d0000] [id=5392]
  0x000000001edb8000 ConcurrentGCThread "G1 Young RemSet Sampling" [stack: 0x0000000021550000,0x0000000021650000] [id=1036]

Threads with active compile tasks:

VM state:not at safepoint (normal execution)

VM Mutex/Monitor currently owned by a thread: None

Heap address: 0x0000000081200000, size: 2030 MB, Compressed Oops mode: 32-bit
Narrow klass base: 0x0000000800000000, Narrow klass shift: 3
Compressed class space size: 1073741824 Address: 0x00000008011a0000

Heap:
 garbage-first heap   total 115712K, used 36110K [0x0000000081200000, 0x0000000100000000)
  region size 1024K, 11 young (11264K), 4 survivors (4096K)
 Metaspace       used 59523K, capacity 61225K, committed 61360K, reserved 1101824K
  class space    used 8047K, capacity 8690K, committed 8704K, reserved 1048576K
Heap Regions: E=young(eden), S=young(survivor), O=old, HS=humongous(starts), HC=humongous(continues), CS=collection set, F=free, A=archive, TAMS=top-at-mark-start (previous, next)
|   0|0x0000000081200000, 0x0000000081300000, 0x0000000081300000|100%|HS|  |TAMS 0x0000000081300000, 0x0000000081200000| Complete 
|   1|0x0000000081300000, 0x0000000081400000, 0x0000000081400000|100%| O|  |TAMS 0x0000000081400000, 0x0000000081300000| Untracked 
|   2|0x0000000081400000, 0x0000000081500000, 0x0000000081500000|100%| O|  |TAMS 0x0000000081500000, 0x0000000081400000| Untracked 
|   3|0x0000000081500000, 0x0000000081600000, 0x0000000081600000|100%| O|  |TAMS 0x0000000081600000, 0x0000000081500000| Untracked 
|   4|0x0000000081600000, 0x0000000081700000, 0x0000000081700000|100%| O|  |TAMS 0x0000000081700000, 0x0000000081600000| Untracked 
|   5|0x0000000081700000, 0x0000000081800000, 0x0000000081800000|100%| O|  |TAMS 0x0000000081800000, 0x0000000081700000| Untracked 
|   6|0x0000000081800000, 0x0000000081900000, 0x0000000081900000|100%| O|  |TAMS 0x0000000081900000, 0x0000000081800000| Untracked 
|   7|0x0000000081900000, 0x0000000081934e00, 0x0000000081a00000| 20%| O|  |TAMS 0x0000000081934e00, 0x0000000081900000| Untracked 
|   8|0x0000000081a00000, 0x0000000081b00000, 0x0000000081b00000|100%| O|  |TAMS 0x0000000081b00000, 0x0000000081a00000| Untracked 
|   9|0x0000000081b00000, 0x0000000081c00000, 0x0000000081c00000|100%| O|  |TAMS 0x0000000081c00000, 0x0000000081b00000| Untracked 
|  10|0x0000000081c00000, 0x0000000081d00000, 0x0000000081d00000|100%| O|  |TAMS 0x0000000081d00000, 0x0000000081c00000| Untracked 
|  11|0x0000000081d00000, 0x0000000081e00000, 0x0000000081e00000|100%| O|  |TAMS 0x0000000081e00000, 0x0000000081d00000| Untracked 
|  12|0x0000000081e00000, 0x0000000081f00000, 0x0000000081f00000|100%| O|  |TAMS 0x0000000081f00000, 0x0000000081e00000| Untracked 
|  13|0x0000000081f00000, 0x0000000082000000, 0x0000000082000000|100%| O|  |TAMS 0x0000000082000000, 0x0000000081f00000| Untracked 
|  14|0x0000000082000000, 0x0000000082100000, 0x0000000082100000|100%| O|  |TAMS 0x0000000082100000, 0x0000000082000000| Untracked 
|  15|0x0000000082100000, 0x0000000082200000, 0x0000000082200000|100%| O|  |TAMS 0x0000000082200000, 0x0000000082100000| Untracked 
|  16|0x0000000082200000, 0x0000000082300000, 0x0000000082300000|100%| O|  |TAMS 0x0000000082300000, 0x0000000082200000| Untracked 
|  17|0x0000000082300000, 0x0000000082400000, 0x0000000082400000|100%| O|  |TAMS 0x0000000082400000, 0x0000000082300000| Untracked 
|  18|0x0000000082400000, 0x0000000082500000, 0x0000000082500000|100%|HS|  |TAMS 0x0000000082500000, 0x0000000082400000| Complete 
|  19|0x0000000082500000, 0x0000000082600000, 0x0000000082600000|100%|HC|  |TAMS 0x0000000082600000, 0x0000000082500000| Complete 
|  20|0x0000000082600000, 0x0000000082700000, 0x0000000082700000|100%| O|  |TAMS 0x0000000082700000, 0x0000000082600000| Untracked 
|  21|0x0000000082700000, 0x0000000082800000, 0x0000000082800000|100%| O|  |TAMS 0x0000000082800000, 0x0000000082700000| Untracked 
|  22|0x0000000082800000, 0x0000000082900000, 0x0000000082900000|100%| O|  |TAMS 0x0000000082900000, 0x0000000082800000| Untracked 
|  23|0x0000000082900000, 0x0000000082a00000, 0x0000000082a00000|100%| O|  |TAMS 0x0000000082a00000, 0x0000000082900000| Untracked 
|  24|0x0000000082a00000, 0x0000000082b00000, 0x0000000082b00000|100%| O|  |TAMS 0x0000000082b00000, 0x0000000082a00000| Untracked 
|  25|0x0000000082b00000, 0x0000000082c00000, 0x0000000082c00000|100%| O|  |TAMS 0x0000000082c00000, 0x0000000082b00000| Untracked 
|  26|0x0000000082c00000, 0x0000000082d00000, 0x0000000082d00000|100%| O|  |TAMS 0x0000000082d00000, 0x0000000082c00000| Untracked 
|  27|0x0000000082d00000, 0x0000000082d38800, 0x0000000082e00000| 22%| O|  |TAMS 0x0000000082d38800, 0x0000000082d00000| Untracked 
|  28|0x0000000082e00000, 0x0000000082e00000, 0x0000000082f00000|  0%| F|  |TAMS 0x0000000082e00000, 0x0000000082e00000| Untracked 
|  29|0x0000000082f00000, 0x0000000082f00000, 0x0000000083000000|  0%| F|  |TAMS 0x0000000082f00000, 0x0000000082f00000| Untracked 
|  30|0x0000000083000000, 0x0000000083000000, 0x0000000083100000|  0%| F|  |TAMS 0x0000000083000000, 0x0000000083000000| Untracked 
|  31|0x0000000083100000, 0x0000000083100000, 0x0000000083200000|  0%| F|  |TAMS 0x0000000083100000, 0x0000000083100000| Untracked 
|  32|0x0000000083200000, 0x0000000083200000, 0x0000000083300000|  0%| F|  |TAMS 0x0000000083200000, 0x0000000083200000| Untracked 
|  33|0x0000000083300000, 0x0000000083300000, 0x0000000083400000|  0%| F|  |TAMS 0x0000000083300000, 0x0000000083300000| Untracked 
|  34|0x0000000083400000, 0x0000000083400000, 0x0000000083500000|  0%| F|  |TAMS 0x0000000083400000, 0x0000000083400000| Untracked 
|  35|0x0000000083500000, 0x0000000083500000, 0x0000000083600000|  0%| F|  |TAMS 0x0000000083500000, 0x0000000083500000| Untracked 
|  36|0x0000000083600000, 0x0000000083600000, 0x0000000083700000|  0%| F|  |TAMS 0x0000000083600000, 0x0000000083600000| Untracked 
|  37|0x0000000083700000, 0x0000000083700000, 0x0000000083800000|  0%| F|  |TAMS 0x0000000083700000, 0x0000000083700000| Untracked 
|  38|0x0000000083800000, 0x0000000083800000, 0x0000000083900000|  0%| F|  |TAMS 0x0000000083800000, 0x0000000083800000| Untracked 
|  39|0x0000000083900000, 0x0000000083900000, 0x0000000083a00000|  0%| F|  |TAMS 0x0000000083900000, 0x0000000083900000| Untracked 
|  40|0x0000000083a00000, 0x0000000083a00000, 0x0000000083b00000|  0%| F|  |TAMS 0x0000000083a00000, 0x0000000083a00000| Untracked 
|  41|0x0000000083b00000, 0x0000000083b00000, 0x0000000083c00000|  0%| F|  |TAMS 0x0000000083b00000, 0x0000000083b00000| Untracked 
|  42|0x0000000083c00000, 0x0000000083c00000, 0x0000000083d00000|  0%| F|  |TAMS 0x0000000083c00000, 0x0000000083c00000| Untracked 
|  43|0x0000000083d00000, 0x0000000083d00000, 0x0000000083e00000|  0%| F|  |TAMS 0x0000000083d00000, 0x0000000083d00000| Untracked 
|  44|0x0000000083e00000, 0x0000000083e00000, 0x0000000083f00000|  0%| F|  |TAMS 0x0000000083e00000, 0x0000000083e00000| Untracked 
|  45|0x0000000083f00000, 0x0000000083f00000, 0x0000000084000000|  0%| F|  |TAMS 0x0000000083f00000, 0x0000000083f00000| Untracked 
|  46|0x0000000084000000, 0x0000000084000000, 0x0000000084100000|  0%| F|  |TAMS 0x0000000084000000, 0x0000000084000000| Untracked 
|  47|0x0000000084100000, 0x0000000084100000, 0x0000000084200000|  0%| F|  |TAMS 0x0000000084100000, 0x0000000084100000| Untracked 
|  48|0x0000000084200000, 0x0000000084200000, 0x0000000084300000|  0%| F|  |TAMS 0x0000000084200000, 0x0000000084200000| Untracked 
|  49|0x0000000084300000, 0x0000000084300000, 0x0000000084400000|  0%| F|  |TAMS 0x0000000084300000, 0x0000000084300000| Untracked 
|  50|0x0000000084400000, 0x0000000084400000, 0x0000000084500000|  0%| F|  |TAMS 0x0000000084400000, 0x0000000084400000| Untracked 
|  51|0x0000000084500000, 0x0000000084500000, 0x0000000084600000|  0%| F|  |TAMS 0x0000000084500000, 0x0000000084500000| Untracked 
|  52|0x0000000084600000, 0x0000000084600000, 0x0000000084700000|  0%| F|  |TAMS 0x0000000084600000, 0x0000000084600000| Untracked 
|  53|0x0000000084700000, 0x0000000084700000, 0x0000000084800000|  0%| F|  |TAMS 0x0000000084700000, 0x0000000084700000| Untracked 
|  54|0x0000000084800000, 0x0000000084800000, 0x0000000084900000|  0%| F|  |TAMS 0x0000000084800000, 0x0000000084800000| Untracked 
|  55|0x0000000084900000, 0x0000000084900000, 0x0000000084a00000|  0%| F|  |TAMS 0x0000000084900000, 0x0000000084900000| Untracked 
|  56|0x0000000084a00000, 0x0000000084a00000, 0x0000000084b00000|  0%| F|  |TAMS 0x0000000084a00000, 0x0000000084a00000| Untracked 
|  57|0x0000000084b00000, 0x0000000084b00000, 0x0000000084c00000|  0%| F|  |TAMS 0x0000000084b00000, 0x0000000084b00000| Untracked 
|  58|0x0000000084c00000, 0x0000000084c00000, 0x0000000084d00000|  0%| F|  |TAMS 0x0000000084c00000, 0x0000000084c00000| Untracked 
|  59|0x0000000084d00000, 0x0000000084dd6498, 0x0000000084e00000| 83%| S|CS|TAMS 0x0000000084d00000, 0x0000000084d00000| Complete 
|  60|0x0000000084e00000, 0x0000000084f00000, 0x0000000084f00000|100%| S|CS|TAMS 0x0000000084e00000, 0x0000000084e00000| Complete 
|  61|0x0000000084f00000, 0x0000000085000000, 0x0000000085000000|100%| S|CS|TAMS 0x0000000084f00000, 0x0000000084f00000| Complete 
|  62|0x0000000085000000, 0x0000000085100000, 0x0000000085100000|100%| S|CS|TAMS 0x0000000085000000, 0x0000000085000000| Complete 
|  63|0x0000000085100000, 0x0000000085100000, 0x0000000085200000|  0%| F|  |TAMS 0x0000000085100000, 0x0000000085100000| Untracked 
|  64|0x0000000085200000, 0x0000000085200000, 0x0000000085300000|  0%| F|  |TAMS 0x0000000085200000, 0x0000000085200000| Untracked 
|  65|0x0000000085300000, 0x0000000085300000, 0x0000000085400000|  0%| F|  |TAMS 0x0000000085300000, 0x0000000085300000| Untracked 
|  66|0x0000000085400000, 0x0000000085400000, 0x0000000085500000|  0%| F|  |TAMS 0x0000000085400000, 0x0000000085400000| Untracked 
|  67|0x0000000085500000, 0x0000000085500000, 0x0000000085600000|  0%| F|  |TAMS 0x0000000085500000, 0x0000000085500000| Untracked 
|  68|0x0000000085600000, 0x0000000085600000, 0x0000000085700000|  0%| F|  |TAMS 0x0000000085600000, 0x0000000085600000| Untracked 
|  69|0x0000000085700000, 0x0000000085700000, 0x0000000085800000|  0%| F|  |TAMS 0x0000000085700000, 0x0000000085700000| Untracked 
|  70|0x0000000085800000, 0x0000000085800000, 0x0000000085900000|  0%| F|  |TAMS 0x0000000085800000, 0x0000000085800000| Untracked 
|  71|0x0000000085900000, 0x0000000085900000, 0x0000000085a00000|  0%| F|  |TAMS 0x0000000085900000, 0x0000000085900000| Untracked 
|  72|0x0000000085a00000, 0x0000000085a00000, 0x0000000085b00000|  0%| F|  |TAMS 0x0000000085a00000, 0x0000000085a00000| Untracked 
|  73|0x0000000085b00000, 0x0000000085b00000, 0x0000000085c00000|  0%| F|  |TAMS 0x0000000085b00000, 0x0000000085b00000| Untracked 
|  74|0x0000000085c00000, 0x0000000085c00000, 0x0000000085d00000|  0%| F|  |TAMS 0x0000000085c00000, 0x0000000085c00000| Untracked 
|  75|0x0000000085d00000, 0x0000000085d00000, 0x0000000085e00000|  0%| F|  |TAMS 0x0000000085d00000, 0x0000000085d00000| Untracked 
|  76|0x0000000085e00000, 0x0000000085e00000, 0x0000000085f00000|  0%| F|  |TAMS 0x0000000085e00000, 0x0000000085e00000| Untracked 
|  77|0x0000000085f00000, 0x0000000085f00000, 0x0000000086000000|  0%| F|  |TAMS 0x0000000085f00000, 0x0000000085f00000| Untracked 
|  78|0x0000000086000000, 0x0000000086000000, 0x0000000086100000|  0%| F|  |TAMS 0x0000000086000000, 0x0000000086000000| Untracked 
|  79|0x0000000086100000, 0x0000000086100000, 0x0000000086200000|  0%| F|  |TAMS 0x0000000086100000, 0x0000000086100000| Untracked 
|  80|0x0000000086200000, 0x0000000086200000, 0x0000000086300000|  0%| F|  |TAMS 0x0000000086200000, 0x0000000086200000| Untracked 
|  81|0x0000000086300000, 0x0000000086300000, 0x0000000086400000|  0%| F|  |TAMS 0x0000000086300000, 0x0000000086300000| Untracked 
|  82|0x0000000086400000, 0x0000000086400000, 0x0000000086500000|  0%| F|  |TAMS 0x0000000086400000, 0x0000000086400000| Untracked 
|  83|0x0000000086500000, 0x0000000086500000, 0x0000000086600000|  0%| F|  |TAMS 0x0000000086500000, 0x0000000086500000| Untracked 
|  84|0x0000000086600000, 0x0000000086600000, 0x0000000086700000|  0%| F|  |TAMS 0x0000000086600000, 0x0000000086600000| Untracked 
|  85|0x0000000086700000, 0x0000000086700000, 0x0000000086800000|  0%| F|  |TAMS 0x0000000086700000, 0x0000000086700000| Untracked 
|  86|0x0000000086800000, 0x0000000086800000, 0x0000000086900000|  0%| F|  |TAMS 0x0000000086800000, 0x0000000086800000| Untracked 
|  87|0x0000000086900000, 0x0000000086900000, 0x0000000086a00000|  0%| F|  |TAMS 0x0000000086900000, 0x0000000086900000| Untracked 
|  88|0x0000000086a00000, 0x0000000086a00000, 0x0000000086b00000|  0%| F|  |TAMS 0x0000000086a00000, 0x0000000086a00000| Untracked 
|  89|0x0000000086b00000, 0x0000000086b00000, 0x0000000086c00000|  0%| F|  |TAMS 0x0000000086b00000, 0x0000000086b00000| Untracked 
|  90|0x0000000086c00000, 0x0000000086c00000, 0x0000000086d00000|  0%| F|  |TAMS 0x0000000086c00000, 0x0000000086c00000| Untracked 
|  91|0x0000000086d00000, 0x0000000086d00000, 0x0000000086e00000|  0%| F|  |TAMS 0x0000000086d00000, 0x0000000086d00000| Untracked 
|  92|0x0000000086e00000, 0x0000000086e00000, 0x0000000086f00000|  0%| F|  |TAMS 0x0000000086e00000, 0x0000000086e00000| Untracked 
|  93|0x0000000086f00000, 0x0000000086f00000, 0x0000000087000000|  0%| F|  |TAMS 0x0000000086f00000, 0x0000000086f00000| Untracked 
|  94|0x0000000087000000, 0x0000000087000000, 0x0000000087100000|  0%| F|  |TAMS 0x0000000087000000, 0x0000000087000000| Untracked 
|  95|0x0000000087100000, 0x0000000087100000, 0x0000000087200000|  0%| F|  |TAMS 0x0000000087100000, 0x0000000087100000| Untracked 
|  96|0x0000000087200000, 0x0000000087200000, 0x0000000087300000|  0%| F|  |TAMS 0x0000000087200000, 0x0000000087200000| Untracked 
|  97|0x0000000087300000, 0x0000000087300000, 0x0000000087400000|  0%| F|  |TAMS 0x0000000087300000, 0x0000000087300000| Untracked 
|  98|0x0000000087400000, 0x0000000087400000, 0x0000000087500000|  0%| F|  |TAMS 0x0000000087400000, 0x0000000087400000| Untracked 
|  99|0x0000000087500000, 0x0000000087500000, 0x0000000087600000|  0%| F|  |TAMS 0x0000000087500000, 0x0000000087500000| Untracked 
| 100|0x0000000087600000, 0x0000000087600000, 0x0000000087700000|  0%| F|  |TAMS 0x0000000087600000, 0x0000000087600000| Untracked 
| 101|0x0000000087700000, 0x0000000087700000, 0x0000000087800000|  0%| F|  |TAMS 0x0000000087700000, 0x0000000087700000| Untracked 
| 102|0x0000000087800000, 0x0000000087800000, 0x0000000087900000|  0%| F|  |TAMS 0x0000000087800000, 0x0000000087800000| Untracked 
| 103|0x0000000087900000, 0x0000000087900000, 0x0000000087a00000|  0%| F|  |TAMS 0x0000000087900000, 0x0000000087900000| Untracked 
| 104|0x0000000087a00000, 0x0000000087a00000, 0x0000000087b00000|  0%| F|  |TAMS 0x0000000087a00000, 0x0000000087a00000| Untracked 
| 105|0x0000000087b00000, 0x0000000087b00000, 0x0000000087c00000|  0%| F|  |TAMS 0x0000000087b00000, 0x0000000087b00000| Untracked 
| 106|0x0000000087c00000, 0x0000000087c07bc0, 0x0000000087d00000|  3%| E|  |TAMS 0x0000000087c00000, 0x0000000087c00000| Complete 
| 107|0x0000000087d00000, 0x0000000087e00000, 0x0000000087e00000|100%| E|CS|TAMS 0x0000000087d00000, 0x0000000087d00000| Complete 
| 108|0x0000000087e00000, 0x0000000087f00000, 0x0000000087f00000|100%| E|  |TAMS 0x0000000087e00000, 0x0000000087e00000| Complete 
| 109|0x0000000087f00000, 0x0000000088000000, 0x0000000088000000|100%| E|CS|TAMS 0x0000000087f00000, 0x0000000087f00000| Complete 
| 110|0x0000000088000000, 0x0000000088100000, 0x0000000088100000|100%| E|CS|TAMS 0x0000000088000000, 0x0000000088000000| Complete 
| 111|0x0000000088100000, 0x0000000088200000, 0x0000000088200000|100%| E|CS|TAMS 0x0000000088100000, 0x0000000088100000| Complete 
| 153|0x000000008ab00000, 0x000000008ac00000, 0x000000008ac00000|100%| E|CS|TAMS 0x000000008ab00000, 0x000000008ab00000| Complete 

Card table byte_map: [0x000000001a340000,0x000000001a740000] _byte_map_base: 0x0000000019f37000

Marking Bits (Prev, Next): (CMBitMap*) 0x00000000004fada8, (CMBitMap*) 0x00000000004fad68
 Prev Bits: [0x000000001cb00000, 0x000000001eab8000)
 Next Bits: [0x000000001ab40000, 0x000000001caf8000)

Polling page: 0x0000000000130000

Metaspace:

Usage:
  Non-class:     51.30 MB capacity,    50.27 MB ( 98%) used,   860.80 KB (  2%) free+waste,   199.06 KB ( <1%) overhead. 
      Class:      8.49 MB capacity,     7.86 MB ( 93%) used,   546.05 KB (  6%) free+waste,    96.00 KB (  1%) overhead. 
       Both:     59.79 MB capacity,    58.13 MB ( 97%) used,     1.37 MB (  2%) free+waste,   295.06 KB ( <1%) overhead. 

Virtual space:
  Non-class space:       52.00 MB reserved,      51.42 MB ( 99%) committed 
      Class space:        1.00 GB reserved,       8.50 MB ( <1%) committed 
             Both:        1.05 GB reserved,      59.92 MB (  6%) committed 

Chunk freelists:
   Non-Class:  7.13 KB
       Class:  1.75 KB
        Both:  8.88 KB

CodeHeap 'non-profiled nmethods': size=238912Kb used=10279Kb max_used=10279Kb free=228632Kb
 bounds [0x000000000b3d0000, 0x000000000bde0000, 0x0000000019d20000]
CodeHeap 'non-nmethods': size=6848Kb used=1339Kb max_used=1339Kb free=5508Kb
 bounds [0x000000000ad20000, 0x000000000af90000, 0x000000000b3d0000]
 total_blobs=6804 nmethods=5993 adapters=674
 compilation: enabled
              stopped_count=0, restarted_count=0
 full_count=0

Compilation events (10 events):
Event: 18.012 Thread 0x0000000021f91000 6036       1       org.bytedeco.javacpp.ClassProperties::setProperty (53 bytes)
Event: 18.013 Thread 0x0000000021f91000 nmethod 6036 0x000000000bdd5b10 code [0x000000000bdd5d60, 0x000000000bdd64a0]
Event: 18.013 Thread 0x0000000021f91000 6037   !   1       java.util.Collections$SynchronizedMap::get (25 bytes)
Event: 18.013 Thread 0x0000000021f91000 nmethod 6037 0x000000000bdd6810 code [0x000000000bdd69e0, 0x000000000bdd6d10]
Event: 18.039 Thread 0x0000000021f91000 6039       1       java.lang.String::split (324 bytes)
Event: 18.043 Thread 0x0000000021f91000 nmethod 6039 0x000000000bdd6e10 code [0x000000000bdd71a0, 0x000000000bdd86c0]
Event: 18.043 Thread 0x0000000021f91000 6038       1       java.lang.String::split (7 bytes)
Event: 18.043 Thread 0x0000000021f91000 nmethod 6038 0x000000000bdd9390 code [0x000000000bdd9540, 0x000000000bdd96b0]
Event: 18.131 Thread 0x0000000021f91000 6040       1       java.io.File::getAbsoluteFile (21 bytes)
Event: 18.131 Thread 0x0000000021f91000 nmethod 6040 0x000000000bdd9710 code [0x000000000bdd98e0, 0x000000000bdd9b60]

GC Heap History (10 events):
Event: 9.679 GC heap before
{Heap before GC invocations=21 (full 0):
 garbage-first heap   total 79872K, used 58336K [0x0000000081200000, 0x0000000100000000)
  region size 1024K, 37 young (37888K), 4 survivors (4096K)
 Metaspace       used 46370K, capacity 47780K, committed 47920K, reserved 1089536K
  class space    used 6398K, capacity 6952K, committed 7040K, reserved 1048576K
}
Event: 9.686 GC heap after
{Heap after GC invocations=22 (full 0):
 garbage-first heap   total 96256K, used 25892K [0x0000000081200000, 0x0000000100000000)
  region size 1024K, 4 young (4096K), 4 survivors (4096K)
 Metaspace       used 46370K, capacity 47780K, committed 47920K, reserved 1089536K
  class space    used 6398K, capacity 6952K, committed 7040K, reserved 1048576K
}
Event: 10.207 GC heap before
{Heap before GC invocations=22 (full 0):
 garbage-first heap   total 96256K, used 67876K [0x0000000081200000, 0x0000000100000000)
  region size 1024K, 45 young (46080K), 4 survivors (4096K)
 Metaspace       used 49618K, capacity 51093K, committed 51376K, reserved 1093632K
  class space    used 6791K, capacity 7345K, committed 7424K, reserved 1048576K
}
Event: 10.216 GC heap after
{Heap after GC invocations=23 (full 0):
 garbage-first heap   total 96256K, used 27370K [0x0000000081200000, 0x0000000100000000)
  region size 1024K, 5 young (5120K), 5 survivors (5120K)
 Metaspace       used 49618K, capacity 51093K, committed 51376K, reserved 1093632K
  class space    used 6791K, capacity 7345K, committed 7424K, reserved 1048576K
}
Event: 10.746 GC heap before
{Heap before GC invocations=23 (full 0):
 garbage-first heap   total 96256K, used 69354K [0x0000000081200000, 0x0000000100000000)
  region size 1024K, 46 young (47104K), 5 survivors (5120K)
 Metaspace       used 51653K, capacity 53227K, committed 53424K, reserved 1095680K
  class space    used 7073K, capacity 7671K, committed 7680K, reserved 1048576K
}
Event: 10.755 GC heap after
{Heap after GC invocations=24 (full 0):
 garbage-first heap   total 96256K, used 29410K [0x0000000081200000, 0x0000000100000000)
  region size 1024K, 5 young (5120K), 5 survivors (5120K)
 Metaspace       used 51653K, capacity 53227K, committed 53424K, reserved 1095680K
  class space    used 7073K, capacity 7671K, committed 7680K, reserved 1048576K
}
Event: 15.478 GC heap before
{Heap before GC invocations=24 (full 0):
 garbage-first heap   total 96256K, used 71394K [0x0000000081200000, 0x0000000100000000)
  region size 1024K, 46 young (47104K), 5 survivors (5120K)
 Metaspace       used 54410K, capacity 56039K, committed 56240K, reserved 1097728K
  class space    used 7489K, capacity 8114K, committed 8192K, reserved 1048576K
}
Event: 15.489 GC heap after
{Heap after GC invocations=25 (full 0):
 garbage-first heap   total 96256K, used 30583K [0x0000000081200000, 0x0000000100000000)
  region size 1024K, 4 young (4096K), 4 survivors (4096K)
 Metaspace       used 54410K, capacity 56039K, committed 56240K, reserved 1097728K
  class space    used 7489K, capacity 8114K, committed 8192K, reserved 1048576K
}
Event: 17.860 GC heap before
{Heap before GC invocations=25 (full 0):
 garbage-first heap   total 96256K, used 64375K [0x0000000081200000, 0x0000000100000000)
  region size 1024K, 35 young (35840K), 4 survivors (4096K)
 Metaspace       used 58429K, capacity 60105K, committed 60208K, reserved 1101824K
  class space    used 7891K, capacity 8530K, committed 8576K, reserved 1048576K
}
Event: 17.873 GC heap after
{Heap after GC invocations=26 (full 0):
 garbage-first heap   total 115712K, used 30990K [0x0000000081200000, 0x0000000100000000)
  region size 1024K, 4 young (4096K), 4 survivors (4096K)
 Metaspace       used 58429K, capacity 60105K, committed 60208K, reserved 1101824K
  class space    used 7891K, capacity 8530K, committed 8576K, reserved 1048576K
}

Deoptimization events (0 events):
No events

Classes redefined (0 events):
No events

Internal exceptions (10 events):
Event: 10.345 Thread 0x00000000004bc800 Exception <a 'java/lang/ClassNotFoundException'{0x0000000086769728}: org/springframework/beans/factory/AwareCustomizer> (0x0000000086769728) thrown at [t:/workspace/open/src/hotspot/share/classfile/systemDictionary.cpp, line 235]
Event: 10.345 Thread 0x00000000004bc800 Exception <a 'java/lang/ClassNotFoundException'{0x0000000086786908}: org/springframework/web/context/ServletContextAwareCustomizer> (0x0000000086786908) thrown at [t:/workspace/open/src/hotspot/share/classfile/systemDictionary.cpp, line 235]
Event: 10.346 Thread 0x00000000004bc800 Exception <a 'java/lang/ClassNotFoundException'{0x00000000867a20f8}: org/springframework/beans/factory/AwareCustomizer> (0x00000000867a20f8) thrown at [t:/workspace/open/src/hotspot/share/classfile/systemDictionary.cpp, line 235]
Event: 10.547 Thread 0x00000000004bc800 Exception <a 'java/lang/NoSuchMethodError'{0x0000000085825d78}: java.lang.invoke.DirectMethodHandle$Holder.invokeInterface(Ljava/lang/Object;Ljava/lang/Object;Ljava/lang/Object;Ljava/lang/Object;)Ljava/lang/Object;> (0x0000000085825d78) thrown at [t:/work
Event: 10.678 Thread 0x00000000004bc800 Exception <a 'java/lang/NoSuchMethodError'{0x0000000084d4cf98}: java.lang.invoke.DirectMethodHandle$Holder.invokeVirtual(Ljava/lang/Object;Ljava/lang/Object;I)V> (0x0000000084d4cf98) thrown at [t:/workspace/open/src/hotspot/share/interpreter/linkResolver.
Event: 10.760 Thread 0x00000000004bc800 Exception <a 'java/lang/IncompatibleClassChangeError'{0x000000008ab31418}: Found class java.lang.Object, but interface was expected> (0x000000008ab31418) thrown at [t:/workspace/open/src/hotspot/share/interpreter/linkResolver.cpp, line 843]
Event: 10.790 Thread 0x00000000004bc800 Exception <a 'java/lang/NoSuchMethodError'{0x0000000087654e68}: java.lang.invoke.DirectMethodHandle$Holder.invokeStaticInit(Ljava/lang/Object;Ljava/lang/Object;Ljava/lang/Object;Ljava/lang/Object;)I> (0x0000000087654e68) thrown at [t:/workspace/open/src/h
Event: 15.743 Thread 0x0000000025339000 Exception <a 'java/lang/ClassNotFoundException'{0x0000000086016778}: sun/awt/resources/spi/awtProvider> (0x0000000086016778) thrown at [t:/workspace/open/src/hotspot/share/classfile/systemDictionary.cpp, line 235]
Event: 15.750 Thread 0x0000000025339000 Exception <a 'java/io/FileNotFoundException'{0x0000000086037dc0}> (0x0000000086037dc0) thrown at [t:/workspace/open/src/hotspot/share/prims/jni.cpp, line 615]
Event: 15.751 Thread 0x0000000025339000 Exception <a 'java/io/FileNotFoundException'{0x000000008603a0b8}> (0x000000008603a0b8) thrown at [t:/workspace/open/src/hotspot/share/prims/jni.cpp, line 615]

Events (10 events):
Event: 18.037 loading class org/bytedeco/javacpp/opencv_imgproc$LineSegmentDetector
Event: 18.037 loading class org/bytedeco/javacpp/opencv_imgproc$LineSegmentDetector done
Event: 18.037 loading class org/bytedeco/javacpp/opencv_imgproc$GeneralizedHoughBallard
Event: 18.037 loading class org/bytedeco/javacpp/opencv_imgproc$GeneralizedHoughBallard done
Event: 18.037 loading class org/bytedeco/javacpp/opencv_imgproc$GeneralizedHough
Event: 18.037 loading class org/bytedeco/javacpp/opencv_imgproc$GeneralizedHough done
Event: 18.038 loading class org/bytedeco/javacpp/opencv_imgproc$GeneralizedHoughGuil
Event: 18.038 loading class org/bytedeco/javacpp/opencv_imgproc$GeneralizedHoughGuil done
Event: 18.038 loading class org/bytedeco/javacpp/opencv_imgproc$CvDistanceFunction
Event: 18.038 loading class org/bytedeco/javacpp/opencv_imgproc$CvDistanceFunction done


Dynamic libraries:
0x000000013f1d0000 - 0x000000013f1df000 	C:\Program Files\Java\jdk-12.0.1\bin\java.exe
0x00000000774c0000 - 0x000000007765f000 	C:\Windows\SYSTEM32\ntdll.dll
0x000007fed9380000 - 0x000007fed9394000 	C:\Program Files\AVAST Software\Avast\aswhook.dll
0x00000000773a0000 - 0x00000000774bf000 	C:\Windows\system32\kernel32.dll
0x000007fefd250000 - 0x000007fefd2ba000 	C:\Windows\system32\KERNELBASE.dll
0x000007fef1d00000 - 0x000007fef1d18000 	C:\Program Files\Java\jdk-12.0.1\bin\jli.dll
0x000007fefd3e0000 - 0x000007fefd4bb000 	C:\Windows\system32\ADVAPI32.dll
0x000007fefd830000 - 0x000007fefd8cf000 	C:\Windows\system32\msvcrt.dll
0x000007fefdc40000 - 0x000007fefdc5f000 	C:\Windows\SYSTEM32\sechost.dll
0x000007feff600000 - 0x000007feff72d000 	C:\Windows\system32\RPCRT4.dll
0x000007fefb4a0000 - 0x000007fefb694000 	C:\Windows\WinSxS\amd64_microsoft.windows.common-controls_6595b64144ccf1df_6.0.7601.18837_none_fa3b1e3d17594757\COMCTL32.dll
0x000007fefddf0000 - 0x000007fefde57000 	C:\Windows\system32\GDI32.dll
0x00000000772a0000 - 0x000000007739a000 	C:\Windows\system32\USER32.dll
0x000007fefd3d0000 - 0x000007fefd3de000 	C:\Windows\system32\LPK.dll
0x000007fefd8d0000 - 0x000007fefd99b000 	C:\Windows\system32\USP10.dll
0x000007fefd9a0000 - 0x000007fefda11000 	C:\Windows\system32\SHLWAPI.dll
0x000007fefcf40000 - 0x000007fefcf4c000 	C:\Windows\system32\VERSION.dll
0x000007fef8190000 - 0x000007fef81a6000 	C:\Program Files\Java\jdk-12.0.1\bin\VCRUNTIME140.dll
0x000007fefbef0000 - 0x000007fefbef4000 	C:\Program Files\Java\jdk-12.0.1\bin\api-ms-win-crt-runtime-l1-1-0.dll
0x000007feb1030000 - 0x000007feb1126000 	C:\Program Files\Java\jdk-12.0.1\bin\ucrtbase.DLL
0x000007fef8180000 - 0x000007fef8183000 	C:\Program Files\Java\jdk-12.0.1\bin\api-ms-win-core-localization-l1-2-0.dll
0x000007fef80a0000 - 0x000007fef80a3000 	C:\Program Files\Java\jdk-12.0.1\bin\api-ms-win-core-processthreads-l1-1-1.dll
0x000007fef1740000 - 0x000007fef1743000 	C:\Program Files\Java\jdk-12.0.1\bin\api-ms-win-core-file-l1-2-0.dll
0x000007fef1730000 - 0x000007fef1733000 	C:\Program Files\Java\jdk-12.0.1\bin\api-ms-win-core-timezone-l1-1-0.dll
0x000007fef1720000 - 0x000007fef1723000 	C:\Program Files\Java\jdk-12.0.1\bin\api-ms-win-core-file-l2-1-0.dll
0x000007fef1710000 - 0x000007fef1713000 	C:\Program Files\Java\jdk-12.0.1\bin\api-ms-win-core-synch-l1-2-0.dll
0x000007fef1140000 - 0x000007fef1144000 	C:\Program Files\Java\jdk-12.0.1\bin\api-ms-win-crt-string-l1-1-0.dll
0x000007fef1130000 - 0x000007fef1133000 	C:\Program Files\Java\jdk-12.0.1\bin\api-ms-win-crt-heap-l1-1-0.dll
0x000007fef1120000 - 0x000007fef1124000 	C:\Program Files\Java\jdk-12.0.1\bin\api-ms-win-crt-stdio-l1-1-0.dll
0x000007fef1110000 - 0x000007fef1114000 	C:\Program Files\Java\jdk-12.0.1\bin\api-ms-win-crt-convert-l1-1-0.dll
0x000007fef1100000 - 0x000007fef1103000 	C:\Program Files\Java\jdk-12.0.1\bin\api-ms-win-crt-environment-l1-1-0.dll
0x000007fef0fc0000 - 0x000007fef0fc3000 	C:\Program Files\Java\jdk-12.0.1\bin\api-ms-win-crt-filesystem-l1-1-0.dll
0x000007fef0fb0000 - 0x000007fef0fb5000 	C:\Program Files\Java\jdk-12.0.1\bin\api-ms-win-crt-math-l1-1-0.dll
0x000007fef0f90000 - 0x000007fef0f93000 	C:\Program Files\Java\jdk-12.0.1\bin\api-ms-win-crt-locale-l1-1-0.dll
0x000007fefef50000 - 0x000007fefef7e000 	C:\Windows\system32\IMM32.DLL
0x000007fefef90000 - 0x000007feff099000 	C:\Windows\system32\MSCTF.dll
0x000007fefcf50000 - 0x000007fefcf80000 	C:\Windows\system32\nvinitx.dll
0x0000000073a10000 - 0x0000000073a16000 	C:\Program Files\NVIDIA Corporation\CoProcManager\detoured.dll
0x000007fef9e10000 - 0x000007fef9e48000 	C:\Program Files\NVIDIA Corporation\CoProcManager\nvd3d9wrapx.dll
0x000007fefdfe0000 - 0x000007fefe1b7000 	C:\Windows\system32\SETUPAPI.dll
0x000007fefd2c0000 - 0x000007fefd2f6000 	C:\Windows\system32\CFGMGR32.dll
0x000007fefde60000 - 0x000007fefdf3a000 	C:\Windows\system32\OLEAUT32.dll
0x000007fefda20000 - 0x000007fefdc1f000 	C:\Windows\system32\ole32.dll
0x000007fefd230000 - 0x000007fefd24a000 	C:\Windows\system32\DEVOBJ.dll
0x000007fef9de0000 - 0x000007fef9e04000 	C:\Program Files\NVIDIA Corporation\CoProcManager\nvdxgiwrapx.dll
0x000007febda20000 - 0x000007febdaca000 	C:\Program Files\Java\jdk-12.0.1\bin\msvcp140.dll
0x000007fef0f80000 - 0x000007fef0f85000 	C:\Program Files\Java\jdk-12.0.1\bin\api-ms-win-crt-multibyte-l1-1-0.dll
0x000007fef0f70000 - 0x000007fef0f73000 	C:\Program Files\Java\jdk-12.0.1\bin\api-ms-win-crt-time-l1-1-0.dll
0x000007fef0f60000 - 0x000007fef0f63000 	C:\Program Files\Java\jdk-12.0.1\bin\api-ms-win-crt-utility-l1-1-0.dll
0x000007fead460000 - 0x000007feadfd4000 	C:\Program Files\Java\jdk-12.0.1\bin\server\jvm.dll
0x000007fef7b20000 - 0x000007fef7b29000 	C:\Windows\system32\WSOCK32.dll
0x000007feff100000 - 0x000007feff14d000 	C:\Windows\system32\WS2_32.dll
0x000007fefef80000 - 0x000007fefef88000 	C:\Windows\system32\NSI.dll
0x000007fef30e0000 - 0x000007fef311b000 	C:\Windows\system32\WINMM.dll
0x0000000077670000 - 0x0000000077677000 	C:\Windows\system32\PSAPI.DLL
0x000007fef0970000 - 0x000007fef0981000 	C:\Program Files\Java\jdk-12.0.1\bin\verify.dll
0x000007fef6cb0000 - 0x000007fef6dd5000 	C:\Windows\system32\DBGHELP.DLL
0x000007fef0940000 - 0x000007fef0966000 	C:\Program Files\Java\jdk-12.0.1\bin\java.dll
0x000007fef08e0000 - 0x000007fef08ee000 	C:\Program Files\Java\jdk-12.0.1\bin\instrument.dll
0x000007fef0920000 - 0x000007fef0937000 	C:\Program Files\Java\jdk-12.0.1\bin\zip.dll
0x000007fef0910000 - 0x000007fef091a000 	C:\Program Files\Java\jdk-12.0.1\bin\jimage.dll
0x000007fefe1c0000 - 0x000007fefef4a000 	C:\Windows\system32\SHELL32.dll
0x000007fefd020000 - 0x000007fefd02f000 	C:\Windows\system32\profapi.dll
0x000007fedfa60000 - 0x000007fedfa79000 	C:\Program Files\Java\jdk-12.0.1\bin\net.dll
0x000007fef6ea0000 - 0x000007fef6f11000 	C:\Windows\system32\WINHTTP.dll
0x000007fef6e30000 - 0x000007fef6e95000 	C:\Windows\system32\webio.dll
0x000007fefdc60000 - 0x000007fefdde8000 	C:\Windows\system32\urlmon.dll
0x000007fefd030000 - 0x000007fefd034000 	C:\Windows\system32\api-ms-win-downlevel-ole32-l1-1-0.dll
0x000007fefd1c0000 - 0x000007fefd1c4000 	C:\Windows\system32\api-ms-win-downlevel-shlwapi-l1-1-0.dll
0x000007fefd3c0000 - 0x000007fefd3c5000 	C:\Windows\system32\api-ms-win-downlevel-advapi32-l1-1-0.dll
0x000007fefd300000 - 0x000007fefd304000 	C:\Windows\system32\api-ms-win-downlevel-user32-l1-1-0.dll
0x000007fefd310000 - 0x000007fefd314000 	C:\Windows\system32\api-ms-win-downlevel-version-l1-1-0.dll
0x000007fefd1b0000 - 0x000007fefd1b3000 	C:\Windows\system32\api-ms-win-downlevel-normaliz-l1-1-0.dll
0x0000000077660000 - 0x0000000077663000 	C:\Windows\system32\normaliz.DLL
0x000007fefd4c0000 - 0x000007fefd78a000 	C:\Windows\system32\iertutil.dll
0x000007feff150000 - 0x000007feff5fc000 	C:\Windows\system32\WININET.dll
0x00000000003c0000 - 0x00000000003de000 	C:\Windows\system32\USERENV.dll
0x000007fefc750000 - 0x000007fefc7a5000 	C:\Windows\system32\mswsock.dll
0x000007fefc740000 - 0x000007fefc747000 	C:\Windows\System32\wship6.dll
0x000007fed1ab0000 - 0x000007fed1ac3000 	C:\Program Files\Java\jdk-12.0.1\bin\nio.dll
0x000007fed0fa0000 - 0x000007fed0fba000 	C:\Program Files\JetBrains\IntelliJ IDEA 2019.1.1\bin\breakgen64.dll
0x000007fefc180000 - 0x000007fefc187000 	C:\Windows\System32\wshtcpip.dll
0x000007fefc5d0000 - 0x000007fefc62b000 	C:\Windows\system32\DNSAPI.dll
0x000007fefa680000 - 0x000007fefa6a7000 	C:\Windows\system32\IPHLPAPI.DLL
0x000007fefa670000 - 0x000007fefa67b000 	C:\Windows\system32\WINNSI.DLL
0x000007feeff60000 - 0x000007feeff68000 	C:\Windows\system32\rasadhlp.dll
0x000007fef8100000 - 0x000007fef8153000 	C:\Windows\System32\fwpuclnt.dll
0x000007fed33e0000 - 0x000007fed33e9000 	C:\Program Files\Java\jdk-12.0.1\bin\management.dll
0x000007fed28b0000 - 0x000007fed28bc000 	C:\Program Files\Java\jdk-12.0.1\bin\management_ext.dll
0x000007fefc7b0000 - 0x000007fefc7c8000 	C:\Windows\system32\CRYPTSP.dll
0x000007fefc4b0000 - 0x000007fefc4f7000 	C:\Windows\system32\rsaenh.dll
0x000007fefce70000 - 0x000007fefce7f000 	C:\Windows\system32\CRYPTBASE.dll
0x000007fef8080000 - 0x000007fef8098000 	C:\Windows\system32\dhcpcsvc.DLL
0x000007fef7f60000 - 0x000007fef7f71000 	C:\Windows\system32\dhcpcsvc6.DLL
0x000007fefb700000 - 0x000007fefb715000 	C:\Windows\system32\NLAapi.dll
0x000007feeb180000 - 0x000007feeb195000 	C:\Windows\system32\napinsp.dll
0x000007feeb160000 - 0x000007feeb179000 	C:\Windows\system32\pnrpnsp.dll
0x000007feeb150000 - 0x000007feeb15b000 	C:\Windows\System32\winrnr.dll
0x000007feeb140000 - 0x000007feeb150000 	C:\Windows\system32\wshbth.dll
0x000007feaf960000 - 0x000007feafaff000 	C:\Program Files\Java\jdk-12.0.1\bin\awt.dll
0x000007feb9530000 - 0x000007feb98f4000 	C:\Windows\system32\d2d1.dll
0x000007fed03d0000 - 0x000007fed03fd000 	C:\Program Files\Java\jdk-12.0.1\bin\javajpeg.dll
0x000007febdb30000 - 0x000007febdb72000 	C:\Users\Mati\AppData\Local\Temp\jna-2390825\jna5833729267768290878.dll
0x000007feacf60000 - 0x000007fead45b000 	C:\Users\Mati\AppData\Local\Temp\tess4j\win32-x86-64\libtesseract400.dll
0x000007feacbc0000 - 0x000007feacf59000 	C:\Users\Mati\AppData\Local\Temp\tess4j\win32-x86-64\liblept1760.dll
0x000007feb11e0000 - 0x000007feb12cf000 	C:\Users\Mati\AppData\Local\Temp\javacpp34768705659455\msvcr120.dll
0x000007feb2030000 - 0x000007feb20d6000 	C:\Users\Mati\AppData\Local\Temp\javacpp34768705659455\msvcp120.dll
0x000007feac930000 - 0x000007feacbb1000 	C:\Users\Mati\AppData\Local\Temp\javacpp34768705659455\opencv_core300.dll
0x000007feac5b0000 - 0x000007feac92f000 	C:\Users\Mati\AppData\Local\Temp\javacpp34768705659455\opencv_imgproc300.dll
0x000007feb0aa0000 - 0x000007feb0c58000 	C:\Users\Mati\AppData\Local\Temp\javacpp34768705659455\jniopencv_core.dll
0x000007feb1540000 - 0x000007feb15e5000 	C:\Users\Mati\AppData\Local\Temp\javacpp34768705659455\jniopencv_imgproc.dll
0x000007feac2f0000 - 0x000007feac5a7000 	C:\Users\Mati\AppData\Local\Temp\javacpp34768705659455\opencv_imgcodecs300.dll
0x000007fed0d10000 - 0x000007fed0d2b000 	C:\Users\Mati\AppData\Local\Temp\javacpp34768705659455\jniopencv_imgcodecs.dll

dbghelp: loaded successfully - version: 4.0.5 - missing functions: none
symbol engine: initialized successfully - sym options: 0x614 - pdb path: .;C:\Program Files\Java\jdk-12.0.1\bin;C:\Windows\SYSTEM32;C:\Program Files\AVAST Software\Avast;C:\Windows\WinSxS\amd64_microsoft.windows.common-controls_6595b64144ccf1df_6.0.7601.18837_none_fa3b1e3d17594757;C:\Program Files\NVIDIA Corporation\CoProcManager;C:\Program Files\Java\jdk-12.0.1\bin\server;C:\Program Files\JetBrains\IntelliJ IDEA 2019.1.1\bin;C:\Users\Mati\AppData\Local\Temp\jna-2390825;C:\Users\Mati\AppData\Local\Temp\tess4j\win32-x86-64;C:\Users\Mati\AppData\Local\Temp\javacpp34768705659455

VM Arguments:
jvm_args: -XX:TieredStopAtLevel=1 -Xverify:none -Dspring.output.ansi.enabled=always -Dcom.sun.management.jmxremote -Dspring.jmx.enabled=true -Dspring.liveBeansView.mbeanDomain -Dspring.application.admin.enabled=true -javaagent:C:\Program Files\JetBrains\IntelliJ IDEA 2019.1.1\lib\idea_rt.jar=53406:C:\Program Files\JetBrains\IntelliJ IDEA 2019.1.1\bin -Dfile.encoding=UTF-8 
java_command: zpo.project.fuelscanner.FuelScannerApplication
java_class_path (initial): C:\Users\Mati\Documents\Fuel-Scanner\target\classes;C:\Users\Mati\.m2\repository\net\sourceforge\tess4j\tess4j\4.3.1\tess4j-4.3.1.jar;C:\Users\Mati\.m2\repository\net\java\dev\jna\jna\4.5.2\jna-4.5.2.jar;C:\Users\Mati\.m2\repository\com\github\jai-imageio\jai-imageio-core\1.4.0\jai-imageio-core-1.4.0.jar;C:\Users\Mati\.m2\repository\org\ghost4j\ghost4j\1.0.1\ghost4j-1.0.1.jar;C:\Users\Mati\.m2\repository\log4j\log4j\1.2.17\log4j-1.2.17.jar;C:\Users\Mati\.m2\repository\commons-beanutils\commons-beanutils\1.9.2\commons-beanutils-1.9.2.jar;C:\Users\Mati\.m2\repository\commons-collections\commons-collections\3.2.1\commons-collections-3.2.1.jar;C:\Users\Mati\.m2\repository\org\apache\xmlgraphics\xmlgraphics-commons\1.4\xmlgraphics-commons-1.4.jar;C:\Users\Mati\.m2\repository\com\lowagie\itext\2.1.7\itext-2.1.7.jar;C:\Users\Mati\.m2\repository\org\apache\pdfbox\pdfbox\2.0.12\pdfbox-2.0.12.jar;C:\Users\Mati\.m2\repository\org\apache\pdfbox\fontbox\2.0.12\fontbox-2.0.12.jar;C:\Users\Mati\.m2\repository\commons-logging\commons-logging\1.2\commons-logging-1.2.jar;C:\Users\Mati\.m2\repository\org\apache\pdfbox\pdfbox-tools\2.0.12\pdfbox-tools-2.0.12.jar;C:\Users\Mati\.m2\repository\org\apache\pdfbox\pdfbox-debugger\2.0.12\pdfbox-debugger-2.0.12.jar;C:\Users\Mati\.m2\repository\org\apache\pdfbox\jbig2-imageio\3.0.2\jbig2-imageio-3.0.2.jar;C:\Users\Mati\.m2\repository\commons-io\commons-io\2.6\commons-io-2.6.jar;C:\Users\Mati\.m2\repository\net\sourceforge\lept4j\lept4j\1.10.0\lept4j-1.10.0.jar;C:\Users\Mati\.m2\repository\org\jboss\jboss-vfs\3.2.14.Final\jboss-vfs-3.2.14.Final.jar;C:\Users\Mati\.m2\repository\org\jboss\logging\jboss-logging\3.4.1.Final\jboss-logging-3.4.1.Final.jar;C:\Users\Mati\.m2\repository\ch\qos\logback\logback-classic\1.2.3\logback-classic-1.2.3.jar;C:\Users\Mati\.m2\repository\ch\qos\logback\logback-core\1.2.3\logback-core-1.2.3.jar;C:\Users\Mati\.m2\repository\org\slf4j\jul-to-slf4j\1.7.29\jul-to-slf4j-1.7.29.jar;C:\Users\Ma
Launcher Type: SUN_STANDARD

[Global flags]
     bool BytecodeVerificationLocal                = false                                     {product} {command line}
     bool BytecodeVerificationRemote               = false                                     {product} {command line}
     intx CICompilerCount                          = 3                                         {product} {ergonomic}
     uint ConcGCThreads                            = 1                                         {product} {ergonomic}
     uint G1ConcRefinementThreads                  = 4                                         {product} {ergonomic}
   size_t G1HeapRegionSize                         = 1048576                                   {product} {ergonomic}
    uintx GCDrainStackTargetSize                   = 64                                        {product} {ergonomic}
   size_t InitialHeapSize                          = 134217728                                 {product} {ergonomic}
     bool ManagementServer                         = true                                      {product} {command line}
   size_t MarkStackSize                            = 4194304                                   {product} {ergonomic}
   size_t MaxHeapSize                              = 2128609280                                {product} {ergonomic}
   size_t MaxNewSize                               = 1277165568                                {product} {ergonomic}
   size_t MinHeapDeltaBytes                        = 1048576                                   {product} {ergonomic}
    uintx NonNMethodCodeHeapSize                   = 6973028                                {pd product} {ergonomic}
    uintx NonProfiledCodeHeapSize                  = 244685212                              {pd product} {ergonomic}
    uintx ProfiledCodeHeapSize                     = 0                                      {pd product} {ergonomic}
    uintx ReservedCodeCacheSize                    = 251658240                              {pd product} {ergonomic}
     bool SegmentedCodeCache                       = true                                      {product} {ergonomic}
     intx TieredStopAtLevel                        = 1                                         {product} {command line}
     bool UseCompressedClassPointers               = true                                 {lp64_product} {ergonomic}
     bool UseCompressedOops                        = true                                 {lp64_product} {ergonomic}
     bool UseG1GC                                  = true                                      {product} {ergonomic}
     bool UseLargePagesIndividualAllocation        = false                                  {pd product} {ergonomic}

Logging:
Log output configuration:
 #0: stdout all=warning uptime,level,tags
 #1: stderr all=off uptime,level,tags

Environment Variables:
PATH=C:\Program Files (x86)\PC Connectivity Solution\;C:\Program Files (x86)\Common Files\Oracle\Java\javapath;C:\ProgramData\Oracle\Java\javapath;C:\Program Files (x86)\Intel\iCLS Client\;C:\Program Files\Intel\iCLS Client\;C:\Windows\system32;C:\Windows;C:\Windows\System32\Wbem;C:\Windows\System32\WindowsPowerShell\v1.0\;C:\Program Files\Intel\Intel(R) Management Engine Components\DAL;C:\Program Files (x86)\Intel\Intel(R) Management Engine Components\DAL;C:\Program Files\Intel\Intel(R) Management Engine Components\IPT;C:\Program Files (x86)\Intel\Intel(R) Management Engine Components\IPT;C:\Program Files (x86)\Skype\Phone\;C:\Program Files (x86)\PostgreSQL\9.5\bin;C:\Program Files\PuTTY\;C:\Program Files\Git\cmd;C:\Users\Mati\AppData\Local\Programs\Python\Python37-32\Scripts;C:\Users\Mati\AppData\Local\Programs\Python\Python37-32;C:\Program Files\nodejs\;C:\Users\Mati\AppData\Roaming\npm
USERNAME=Mati
OS=Windows_NT
PROCESSOR_IDENTIFIER=Intel64 Family 6 Model 69 Stepping 1, GenuineIntel



---------------  S Y S T E M  ---------------

OS: Windows 7 , 64 bit Build 7601 (6.1.7601.24354)

CPU:total 4 (initial active 4) (2 cores per cpu, 2 threads per core) family 6 model 69 stepping 1, cmov, cx8, fxsr, mmx, sse, sse2, sse3, ssse3, sse4.1, sse4.2, popcnt, avx, avx2, aes, clmul, erms, lzcnt, ht, tsc, tscinvbit, bmi1, bmi2, fma

Memory: 4k page, system-wide physical 8115M (572M free)
TotalPageFile size 16228M (AvailPageFile size 5681M)
current process WorkingSet (physical memory assigned to process): 279M, peak: 289M
current process commit charge ("private bytes"): 328M, peak: 328M

vm_info: Java HotSpot(TM) 64-Bit Server VM (12.0.1+12) for windows-amd64 JRE (12.0.1+12), built on Apr  2 2019 14:02:19 by "mach5one" with MS VC++ 15.5 (VS2017)

END.
