#
# A fatal error has been detected by the Java Runtime Environment:
#
#  EXCEPTION_UNCAUGHT_CXX_EXCEPTION (0xe06d7363) at pc=0x000007fefcb6be0d, pid=9444, tid=11328
#
# JRE version: Java(TM) SE Runtime Environment (12.0.1+12) (build 12.0.1+12)
# Java VM: Java HotSpot(TM) 64-Bit Server VM (12.0.1+12, mixed mode, sharing, tiered, compressed oops, g1 gc, windows-amd64)
# Problematic frame:
# C  [KERNELBASE.dll+0xbe0d]
#
# No core dump will be written. Minidumps are not enabled by default on client versions of Windows
#
# If you would like to submit a bug report, please visit:
#   http://bugreport.java.com/bugreport/crash.jsp
# The crash happened outside the Java Virtual Machine in native code.
# See problematic frame for where to report the bug.
#

---------------  S U M M A R Y ------------

Command Line: -XX:TieredStopAtLevel=1 -Xverify:none -Dspring.output.ansi.enabled=always -Dcom.sun.management.jmxremote -Dspring.jmx.enabled=true -Dspring.liveBeansView.mbeanDomain -Dspring.application.admin.enabled=true -javaagent:C:\Program Files\JetBrains\IntelliJ IDEA 2019.1.1\lib\idea_rt.jar=50859:C:\Program Files\JetBrains\IntelliJ IDEA 2019.1.1\bin -Dfile.encoding=UTF-8 zpo.project.fuelscanner.FuelScannerApplication

Host: Intel(R) Core(TM) i5-4288U CPU @ 2.60GHz, 4 cores, 7G,  Windows 7 , 64 bit Build 7601 (6.1.7601.24354)
Time: Sun Feb  2 16:44:32 2020 ?rodkowoeuropejski czas stand. elapsed time: 128 seconds (0d 0h 2m 8s)

---------------  T H R E A D  ---------------

Current thread (0x00000000252ce800):  JavaThread "http-nio-8080-exec-3" daemon [_thread_in_native, id=11328, stack(0x0000000029ca0000,0x0000000029da0000)]

Stack: [0x0000000029ca0000,0x0000000029da0000],  sp=0x0000000029d8ad30,  free space=939k
Native frames: (J=compiled Java code, j=interpreted, Vv=VM code, C=native code)
C  [KERNELBASE.dll+0xbe0d]
C  [msvcr120.dll+0x5ef63]

Java frames: (J=compiled Java code, j=interpreted, Vv=VM code)
j  org.bytedeco.javacpp.opencv_imgproc.cvResize(Lorg/bytedeco/javacpp/helper/opencv_core$CvArr;Lorg/bytedeco/javacpp/helper/opencv_core$CvArr;)V+0
j  zpo.project.fuelscanner.config.ReceiptScanning.downScaleImage(Lorg/bytedeco/javacpp/opencv_core$IplImage;I)Lorg/bytedeco/javacpp/opencv_core$IplImage;+43
j  zpo.project.fuelscanner.config.ReceiptScanning.applyPerspectiveTransformThresholdOnOriginalImage(Lorg/bytedeco/javacpp/opencv_core$IplImage;Lorg/bytedeco/javacpp/opencv_core$CvSeq;I)Lorg/bytedeco/javacpp/opencv_core$IplImage;+395
j  zpo.project.fuelscanner.controller.OcrController.checkReceipt(Ljava/lang/String;)V+77
j  zpo.project.fuelscanner.controller.OcrController.doOcr(Lorg/springframework/web/multipart/MultipartFile;)Lzpo/project/fuelscanner/model/Receipt;+96
v  ~StubRoutines::call_stub
J 2181  jdk.internal.reflect.NativeMethodAccessorImpl.invoke0(Ljava/lang/reflect/Method;Ljava/lang/Object;[Ljava/lang/Object;)Ljava/lang/Object; java.base@12.0.1 (0 bytes) @ 0x000000000b582b6f [0x000000000b582ae0+0x000000000000008f]
J 2180 c1 jdk.internal.reflect.NativeMethodAccessorImpl.invoke(Ljava/lang/Object;[Ljava/lang/Object;)Ljava/lang/Object; java.base@12.0.1 (104 bytes) @ 0x000000000b5834c4 [0x000000000b5830c0+0x0000000000000404]
J 2177 c1 jdk.internal.reflect.DelegatingMethodAccessorImpl.invoke(Ljava/lang/Object;[Ljava/lang/Object;)Ljava/lang/Object; java.base@12.0.1 (10 bytes) @ 0x000000000b581da4 [0x000000000b581d40+0x0000000000000064]
J 2178 c1 java.lang.reflect.Method.invoke(Ljava/lang/Object;[Ljava/lang/Object;)Ljava/lang/Object; java.base@12.0.1 (65 bytes) @ 0x000000000b5826a4 [0x000000000b582580+0x0000000000000124]
j  org.springframework.web.method.support.InvocableHandlerMethod.doInvoke([Ljava/lang/Object;)Ljava/lang/Object;+16
j  org.springframework.web.method.support.InvocableHandlerMethod.invokeForRequest(Lorg/springframework/web/context/request/NativeWebRequest;Lorg/springframework/web/method/support/ModelAndViewContainer;[Ljava/lang/Object;)Ljava/lang/Object;+56
j  org.springframework.web.servlet.mvc.method.annotation.ServletInvocableHandlerMethod.invokeAndHandle(Lorg/springframework/web/context/request/ServletWebRequest;Lorg/springframework/web/method/support/ModelAndViewContainer;[Ljava/lang/Object;)V+4
j  org.springframework.web.servlet.mvc.method.annotation.RequestMappingHandlerAdapter.invokeHandlerMethod(Ljavax/servlet/http/HttpServletRequest;Ljavax/servlet/http/HttpServletResponse;Lorg/springframework/web/method/HandlerMethod;)Lorg/springframework/web/servlet/ModelAndView;+244
j  org.springframework.web.servlet.mvc.method.annotation.RequestMappingHandlerAdapter.handleInternal(Ljavax/servlet/http/HttpServletRequest;Ljavax/servlet/http/HttpServletResponse;Lorg/springframework/web/method/HandlerMethod;)Lorg/springframework/web/servlet/ModelAndView;+81
j  org.springframework.web.servlet.mvc.method.AbstractHandlerMethodAdapter.handle(Ljavax/servlet/http/HttpServletRequest;Ljavax/servlet/http/HttpServletResponse;Ljava/lang/Object;)Lorg/springframework/web/servlet/ModelAndView;+7
j  org.springframework.web.servlet.DispatcherServlet.doDispatch(Ljavax/servlet/http/HttpServletRequest;Ljavax/servlet/http/HttpServletResponse;)V+257
j  org.springframework.web.servlet.DispatcherServlet.doService(Ljavax/servlet/http/HttpServletRequest;Ljavax/servlet/http/HttpServletResponse;)V+212
j  org.springframework.web.servlet.FrameworkServlet.processRequest(Ljavax/servlet/http/HttpServletRequest;Ljavax/servlet/http/HttpServletResponse;)V+71
j  org.springframework.web.servlet.FrameworkServlet.doPost(Ljavax/servlet/http/HttpServletRequest;Ljavax/servlet/http/HttpServletResponse;)V+3
j  javax.servlet.http.HttpServlet.service(Ljavax/servlet/http/HttpServletRequest;Ljavax/servlet/http/HttpServletResponse;)V+149
j  org.springframework.web.servlet.FrameworkServlet.service(Ljavax/servlet/http/HttpServletRequest;Ljavax/servlet/http/HttpServletResponse;)V+33
j  javax.servlet.http.HttpServlet.service(Ljavax/servlet/ServletRequest;Ljavax/servlet/ServletResponse;)V+36
j  org.apache.catalina.core.ApplicationFilterChain.internalDoFilter(Ljavax/servlet/ServletRequest;Ljavax/servlet/ServletResponse;)V+304
j  org.apache.catalina.core.ApplicationFilterChain.doFilter(Ljavax/servlet/ServletRequest;Ljavax/servlet/ServletResponse;)V+101
j  org.apache.tomcat.websocket.server.WsFilter.doFilter(Ljavax/servlet/ServletRequest;Ljavax/servlet/ServletResponse;Ljavax/servlet/FilterChain;)V+21
j  org.apache.catalina.core.ApplicationFilterChain.internalDoFilter(Ljavax/servlet/ServletRequest;Ljavax/servlet/ServletResponse;)V+135
j  org.apache.catalina.core.ApplicationFilterChain.doFilter(Ljavax/servlet/ServletRequest;Ljavax/servlet/ServletResponse;)V+101
j  org.springframework.web.filter.RequestContextFilter.doFilterInternal(Ljavax/servlet/http/HttpServletRequest;Ljavax/servlet/http/HttpServletResponse;Ljavax/servlet/FilterChain;)V+21
j  org.springframework.web.filter.OncePerRequestFilter.doFilter(Ljavax/servlet/ServletRequest;Ljavax/servlet/ServletResponse;Ljavax/servlet/FilterChain;)V+147
j  org.apache.catalina.core.ApplicationFilterChain.internalDoFilter(Ljavax/servlet/ServletRequest;Ljavax/servlet/ServletResponse;)V+135
j  org.apache.catalina.core.ApplicationFilterChain.doFilter(Ljavax/servlet/ServletRequest;Ljavax/servlet/ServletResponse;)V+101
j  org.springframework.web.filter.FormContentFilter.doFilterInternal(Ljavax/servlet/http/HttpServletRequest;Ljavax/servlet/http/HttpServletResponse;Ljavax/servlet/FilterChain;)V+38
j  org.springframework.web.filter.OncePerRequestFilter.doFilter(Ljavax/servlet/ServletRequest;Ljavax/servlet/ServletResponse;Ljavax/servlet/FilterChain;)V+147
j  org.apache.catalina.core.ApplicationFilterChain.internalDoFilter(Ljavax/servlet/ServletRequest;Ljavax/servlet/ServletResponse;)V+135
j  org.apache.catalina.core.ApplicationFilterChain.doFilter(Ljavax/servlet/ServletRequest;Ljavax/servlet/ServletResponse;)V+101
j  org.springframework.web.filter.CharacterEncodingFilter.doFilterInternal(Ljavax/servlet/http/HttpServletRequest;Ljavax/servlet/http/HttpServletResponse;Ljavax/servlet/FilterChain;)V+53
j  org.springframework.web.filter.OncePerRequestFilter.doFilter(Ljavax/servlet/ServletRequest;Ljavax/servlet/ServletResponse;Ljavax/servlet/FilterChain;)V+147
j  org.apache.catalina.core.ApplicationFilterChain.internalDoFilter(Ljavax/servlet/ServletRequest;Ljavax/servlet/ServletResponse;)V+135
j  org.apache.catalina.core.ApplicationFilterChain.doFilter(Ljavax/servlet/ServletRequest;Ljavax/servlet/ServletResponse;)V+101
j  org.apache.catalina.core.StandardWrapperValve.invoke(Lorg/apache/catalina/connector/Request;Lorg/apache/catalina/connector/Response;)V+694
j  org.apache.catalina.core.StandardContextValve.invoke(Lorg/apache/catalina/connector/Request;Lorg/apache/catalina/connector/Response;)V+166
j  org.apache.catalina.authenticator.AuthenticatorBase.invoke(Lorg/apache/catalina/connector/Request;Lorg/apache/catalina/connector/Response;)V+260
j  org.apache.catalina.core.StandardHostValve.invoke(Lorg/apache/catalina/connector/Request;Lorg/apache/catalina/connector/Response;)V+114
j  org.apache.catalina.valves.ErrorReportValve.invoke(Lorg/apache/catalina/connector/Request;Lorg/apache/catalina/connector/Response;)V+6
j  org.apache.catalina.core.StandardEngineValve.invoke(Lorg/apache/catalina/connector/Request;Lorg/apache/catalina/connector/Response;)V+45
j  org.apache.catalina.connector.CoyoteAdapter.service(Lorg/apache/coyote/Request;Lorg/apache/coyote/Response;)V+199
j  org.apache.coyote.http11.Http11Processor.service(Lorg/apache/tomcat/util/net/SocketWrapperBase;)Lorg/apache/tomcat/util/net/AbstractEndpoint$Handler$SocketState;+784
j  org.apache.coyote.AbstractProcessorLight.process(Lorg/apache/tomcat/util/net/SocketWrapperBase;Lorg/apache/tomcat/util/net/SocketEvent;)Lorg/apache/tomcat/util/net/AbstractEndpoint$Handler$SocketState;+113
j  org.apache.coyote.AbstractProtocol$ConnectionHandler.process(Lorg/apache/tomcat/util/net/SocketWrapperBase;Lorg/apache/tomcat/util/net/SocketEvent;)Lorg/apache/tomcat/util/net/AbstractEndpoint$Handler$SocketState;+442
j  org.apache.tomcat.util.net.NioEndpoint$SocketProcessor.doRun()V+221
j  org.apache.tomcat.util.net.SocketProcessorBase.run()V+21
j  java.util.concurrent.ThreadPoolExecutor.runWorker(Ljava/util/concurrent/ThreadPoolExecutor$Worker;)V+92 java.base@12.0.1
j  java.util.concurrent.ThreadPoolExecutor$Worker.run()V+5 java.base@12.0.1
j  org.apache.tomcat.util.threads.TaskThread$WrappingRunnable.run()V+4
j  java.lang.Thread.run()V+11 java.base@12.0.1
v  ~StubRoutines::call_stub

siginfo: EXCEPTION_UNCAUGHT_CXX_EXCEPTION (0xe06d7363), ExceptionInformation=0x0000000019930520 0x0000000029d8aeb0 0x000007feb2029fc0 0x000007feb1de0000 


Register to memory mapping:

RIP=0x000007fefcb6be0d KERNELBASE.dll
RAX=0x0000000058d80d46 is an unknown value
RBX=0x000007feb2029fc0 opencv_core300.dll
RCX=0x0000000029d8a720 is pointing into the stack for thread: 0x00000000252ce800
RDX=0x00000000000000d0 is an unknown value
RSP=0x0000000029d8ad30 is pointing into the stack for thread: 0x00000000252ce800
RBP=0x0000000029d8ae60 is pointing into the stack for thread: 0x00000000252ce800
RSI=0x000007feb0891148 opencv_imgproc300.dll
RDI=0x0000000029d8aeb0 is pointing into the stack for thread: 0x00000000252ce800
R8 =0x0 is NULL
R9 =0x0 is NULL
R10=0x000007feb1de0000 opencv_core300.dll
R11=0x0000000029d8ad70 is pointing into the stack for thread: 0x00000000252ce800
R12=
[error occurred during error reporting (printing register info), id 0xc0000005, EXCEPTION_ACCESS_VIOLATION (0xc0000005) at pc=0x000007fead978cff]

Registers:
RAX=0x0000000058d80d46, RBX=0x000007feb2029fc0, RCX=0x0000000029d8a720, RDX=0x00000000000000d0
RSP=0x0000000029d8ad30, RBP=0x0000000029d8ae60, RSI=0x000007feb0891148, RDI=0x0000000029d8aeb0
R8 =0x0000000000000000, R9 =0x0000000000000000, R10=0x000007feb1de0000, R11=0x0000000029d8ad70
R12=0x00000000ffffff29, R13=0x0000000000000000, R14=0x000007feb0891010, R15=0x0000000029d9b110
RIP=0x000007fefcb6be0d, EFLAGS=0x0000000000000202

Top of Stack: (sp=0x0000000029d8ad30)
0x0000000029d8ad30:   000007feb2029fc0 000007feb0891148
0x0000000029d8ad40:   0000000029d8aeb0 000007fef03fa1ae
0x0000000029d8ad50:   00000001e06d7363 0000000000000000
0x0000000029d8ad60:   000007fefcb6be0d 000007fe00000004
0x0000000029d8ad70:   0000000019930520 0000000029d8aeb0
0x0000000029d8ad80:   000007feb2029fc0 000007feb1de0000
0x0000000029d8ad90:   0000000000000002 0000000029d8ae18
0x0000000029d8ada0:   0000000000000000 0000000000000002
0x0000000029d8adb0:   0000000026b34630 000007feb0891010
0x0000000029d8adc0:   0000000029d8aeb0 000007fef03ed306
0x0000000029d8add0:   000007feb0891010 0000000000000000
0x0000000029d8ade0:   00000000ffffff29 0000000029d8aeb0
0x0000000029d8adf0:   000007feb0891148 000007fef03eef63
0x0000000029d8ae00:   000007feb2029fc0 0000000029d8ae70
0x0000000029d8ae10:   000007fe00000001 000007feb1de0100
0x0000000029d8ae20:   00000001e06d7363 0000000000000000 

Instructions: (pc=0x000007fefcb6be0d)
0x000007fefcb6bded:   54 24 24 48 89 4c 24 28 4d 85 c9 0f 85 8e 03 00
0x000007fefcb6bdfd:   00 89 4c 24 38 48 8d 4c 24 20 ff 15 93 e4 03 00
0x000007fefcb6be0d:   48 81 c4 c8 00 00 00 c3 90 90 90 90 90 90 90 90
0x000007fefcb6be1d:   90 90 90 48 83 ec 28 65 48 8b 04 25 30 00 00 00 


Stack slot to memory mapping:
stack at sp + 0 slots: 0x000007feb2029fc0 opencv_core300.dll
stack at sp + 1 slots: 0x000007feb0891148 opencv_imgproc300.dll
stack at sp + 2 slots: 0x0000000029d8aeb0 is pointing into the stack for thread: 0x00000000252ce800
stack at sp + 3 slots: 0x000007fef03fa1ae msvcr120.dll
stack at sp + 4 slots: 0x00000001e06d7363 is an unknown value
stack at sp + 5 slots: 0x0 is NULL
stack at sp + 6 slots: 0x000007fefcb6be0d KERNELBASE.dll
stack at sp + 7 slots: 0x000007fe00000004 is an unknown value


---------------  P R O C E S S  ---------------

Threads class SMR info:
_java_thread_list=0x0000000026b688d0, length=32, elements={
0x000000001ea2c000, 0x000000001ea2d800, 0x0000000022096000, 0x0000000022099000,
0x000000002209a000, 0x00000000220a2000, 0x0000000022af8800, 0x000000002309d800,
0x000000002309f000, 0x0000000023192800, 0x0000000024922000, 0x0000000024d43800,
0x0000000024d70800, 0x0000000024d71000, 0x0000000025584800, 0x000000002558e000,
0x000000002558f000, 0x00000000252cc800, 0x00000000252cd000, 0x00000000252ce000,
0x00000000252ce800, 0x00000000252cf800, 0x00000000252d0800, 0x00000000252d1000,
0x00000000252d2000, 0x0000000026c1a000, 0x0000000026c1a800, 0x0000000026c1b800,
0x0000000026c1c800, 0x0000000026c1d000, 0x0000000026c1e000, 0x00000000252cb800
}

Java Threads: ( => current thread )
  0x000000001ea2c000 JavaThread "Reference Handler" daemon [_thread_blocked, id=9912, stack(0x00000000223f0000,0x00000000224f0000)]
  0x000000001ea2d800 JavaThread "Finalizer" daemon [_thread_blocked, id=11340, stack(0x0000000022600000,0x0000000022700000)]
  0x0000000022096000 JavaThread "Signal Dispatcher" daemon [_thread_blocked, id=12132, stack(0x0000000021370000,0x0000000021470000)]
  0x0000000022099000 JavaThread "Attach Listener" daemon [_thread_blocked, id=8936, stack(0x00000000227c0000,0x00000000228c0000)]
  0x000000002209a000 JavaThread "C1 CompilerThread0" daemon [_thread_blocked, id=11744, stack(0x00000000229d0000,0x0000000022ad0000)]
  0x00000000220a2000 JavaThread "Sweeper thread" daemon [_thread_blocked, id=6892, stack(0x00000000228c0000,0x00000000229c0000)]
  0x0000000022af8800 JavaThread "Common-Cleaner" daemon [_thread_blocked, id=9208, stack(0x00000000224f0000,0x00000000225f0000)]
  0x000000002309d800 JavaThread "Monitor Ctrl-Break" daemon [_thread_in_native, id=11792, stack(0x0000000023710000,0x0000000023810000)]
  0x000000002309f000 JavaThread "Service Thread" daemon [_thread_blocked, id=11308, stack(0x00000000239d0000,0x0000000023ad0000)]
  0x0000000023192800 JavaThread "RMI TCP Accept-0" daemon [_thread_in_native, id=10732, stack(0x0000000023ee0000,0x0000000023fe0000)]
  0x0000000024922000 JavaThread "RMI Scheduler(0)" daemon [_thread_blocked, id=12020, stack(0x0000000025b60000,0x0000000025c60000)]
  0x0000000024d43800 JavaThread "mysql-cj-abandoned-connection-cleanup" daemon [_thread_blocked, id=12140, stack(0x0000000025a50000,0x0000000025b50000)]
  0x0000000024d70800 JavaThread "MVStore background writer nio:C:/Users/Mati/Documents/Fuel-Scanner/fuel-scanner.mv.db" daemon [_thread_blocked, id=9428, stack(0x0000000027c30000,0x0000000027d30000)]
  0x0000000024d71000 JavaThread "HikariPool-1 housekeeper" daemon [_thread_blocked, id=9656, stack(0x0000000024580000,0x0000000024680000)]
  0x0000000025584800 JavaThread "Catalina-utility-1" [_thread_blocked, id=12196, stack(0x0000000027ec0000,0x0000000027fc0000)]
  0x000000002558e000 JavaThread "Catalina-utility-2" [_thread_blocked, id=8364, stack(0x0000000028210000,0x0000000028310000)]
  0x000000002558f000 JavaThread "container-0" [_thread_blocked, id=12120, stack(0x0000000028390000,0x0000000028490000)]
  0x00000000252cc800 JavaThread "http-nio-8080-BlockPoller" daemon [_thread_in_native, id=5216, stack(0x0000000029a00000,0x0000000029b00000)]
  0x00000000252cd000 JavaThread "http-nio-8080-exec-1" daemon [_thread_blocked, id=10896, stack(0x0000000027d90000,0x0000000027e90000)]
  0x00000000252ce000 JavaThread "http-nio-8080-exec-2" daemon [_thread_blocked, id=7624, stack(0x0000000029b30000,0x0000000029c30000)]
=>0x00000000252ce800 JavaThread "http-nio-8080-exec-3" daemon [_thread_in_native, id=11328, stack(0x0000000029ca0000,0x0000000029da0000)]
  0x00000000252cf800 JavaThread "http-nio-8080-exec-4" daemon [_thread_blocked, id=11136, stack(0x0000000029e20000,0x0000000029f20000)]
  0x00000000252d0800 JavaThread "http-nio-8080-exec-5" daemon [_thread_blocked, id=11768, stack(0x000000002a060000,0x000000002a160000)]
  0x00000000252d1000 JavaThread "http-nio-8080-exec-6" daemon [_thread_blocked, id=5140, stack(0x000000002a280000,0x000000002a380000)]
  0x00000000252d2000 JavaThread "http-nio-8080-exec-7" daemon [_thread_blocked, id=412, stack(0x000000002a3f0000,0x000000002a4f0000)]
  0x0000000026c1a000 JavaThread "http-nio-8080-exec-8" daemon [_thread_blocked, id=828, stack(0x000000002a160000,0x000000002a260000)]
  0x0000000026c1a800 JavaThread "http-nio-8080-exec-9" daemon [_thread_blocked, id=11924, stack(0x000000002a5c0000,0x000000002a6c0000)]
  0x0000000026c1b800 JavaThread "http-nio-8080-exec-10" daemon [_thread_blocked, id=10792, stack(0x000000002a760000,0x000000002a860000)]
  0x0000000026c1c800 JavaThread "http-nio-8080-ClientPoller" daemon [_thread_in_native, id=9408, stack(0x000000002a870000,0x000000002a970000)]
  0x0000000026c1d000 JavaThread "http-nio-8080-Acceptor" daemon [_thread_in_native, id=7468, stack(0x000000002aac0000,0x000000002abc0000)]
  0x0000000026c1e000 JavaThread "DestroyJavaVM" [_thread_blocked, id=10340, stack(0x0000000002150000,0x0000000002250000)]
  0x00000000252cb800 JavaThread "Java2D Disposer" daemon [_thread_blocked, id=8400, stack(0x000000002b3b0000,0x000000002b4b0000)]

Other Threads:
  0x000000001ea21800 VMThread "VM Thread" [stack: 0x0000000022200000,0x0000000022300000] [id=4056]
  0x00000000231be800 WatcherThread [stack: 0x0000000024010000,0x0000000024110000] [id=8444]
  0x00000000002ba000 GCTaskThread "GC Thread#0" [stack: 0x000000001eaa0000,0x000000001eba0000] [id=7292]
  0x00000000231e4800 GCTaskThread "GC Thread#1" [stack: 0x0000000023dc0000,0x0000000023ec0000] [id=5268]
  0x0000000023455800 GCTaskThread "GC Thread#2" [stack: 0x00000000242c0000,0x00000000243c0000] [id=7592]
  0x000000002362c000 GCTaskThread "GC Thread#3" [stack: 0x00000000246a0000,0x00000000247a0000] [id=12228]
  0x00000000002c7800 ConcurrentGCThread "G1 Main Marker" [stack: 0x000000001ece0000,0x000000001ede0000] [id=11836]
  0x00000000002cc800 ConcurrentGCThread "G1 Conc#0" [stack: 0x000000001eec0000,0x000000001efc0000] [id=6056]
  0x000000001e9b7000 ConcurrentGCThread "G1 Refine#0" [stack: 0x0000000021480000,0x0000000021580000] [id=2416]
  0x000000002346e800 ConcurrentGCThread "G1 Refine#1" [stack: 0x0000000024150000,0x0000000024250000] [id=11160]
  0x000000001e9b8000 ConcurrentGCThread "G1 Young RemSet Sampling" [stack: 0x0000000021660000,0x0000000021760000] [id=11304]

Threads with active compile tasks:

VM state:not at safepoint (normal execution)

VM Mutex/Monitor currently owned by a thread: None

Heap address: 0x0000000081200000, size: 2030 MB, Compressed Oops mode: 32-bit
Narrow klass base: 0x0000000800000000, Narrow klass shift: 3
Compressed class space size: 1073741824 Address: 0x00000008011a0000

Heap:
 garbage-first heap   total 104448K, used 60008K [0x0000000081200000, 0x0000000100000000)
  region size 1024K, 26 young (26624K), 2 survivors (2048K)
 Metaspace       used 60673K, capacity 62431K, committed 62640K, reserved 1103872K
  class space    used 8195K, capacity 8852K, committed 8960K, reserved 1048576K
Heap Regions: E=young(eden), S=young(survivor), O=old, HS=humongous(starts), HC=humongous(continues), CS=collection set, F=free, A=archive, TAMS=top-at-mark-start (previous, next)
|   0|0x0000000081200000, 0x0000000081300000, 0x0000000081300000|100%|HS|  |TAMS 0x0000000081300000, 0x0000000081200000| Complete 
|   1|0x0000000081300000, 0x0000000081400000, 0x0000000081400000|100%| O|  |TAMS 0x0000000081400000, 0x0000000081300000| Untracked 
|   2|0x0000000081400000, 0x0000000081500000, 0x0000000081500000|100%| O|  |TAMS 0x0000000081500000, 0x0000000081400000| Untracked 
|   3|0x0000000081500000, 0x0000000081600000, 0x0000000081600000|100%| O|  |TAMS 0x0000000081600000, 0x0000000081500000| Untracked 
|   4|0x0000000081600000, 0x0000000081700000, 0x0000000081700000|100%| O|  |TAMS 0x0000000081700000, 0x0000000081600000| Untracked 
|   5|0x0000000081700000, 0x0000000081800000, 0x0000000081800000|100%| O|  |TAMS 0x0000000081800000, 0x0000000081700000| Untracked 
|   6|0x0000000081800000, 0x0000000081900000, 0x0000000081900000|100%| O|  |TAMS 0x0000000081900000, 0x0000000081800000| Untracked 
|   7|0x0000000081900000, 0x000000008192d200, 0x0000000081a00000| 17%| O|  |TAMS 0x000000008192d200, 0x0000000081900000| Untracked 
|   8|0x0000000081a00000, 0x0000000081b00000, 0x0000000081b00000|100%| O|  |TAMS 0x0000000081b00000, 0x0000000081a00000| Untracked 
|   9|0x0000000081b00000, 0x0000000081c00000, 0x0000000081c00000|100%| O|  |TAMS 0x0000000081c00000, 0x0000000081b00000| Untracked 
|  10|0x0000000081c00000, 0x0000000081d00000, 0x0000000081d00000|100%| O|  |TAMS 0x0000000081d00000, 0x0000000081c00000| Untracked 
|  11|0x0000000081d00000, 0x0000000081e00000, 0x0000000081e00000|100%| O|  |TAMS 0x0000000081e00000, 0x0000000081d00000| Untracked 
|  12|0x0000000081e00000, 0x0000000081f00000, 0x0000000081f00000|100%| O|  |TAMS 0x0000000081f00000, 0x0000000081e00000| Untracked 
|  13|0x0000000081f00000, 0x0000000082000000, 0x0000000082000000|100%| O|  |TAMS 0x0000000082000000, 0x0000000081f00000| Untracked 
|  14|0x0000000082000000, 0x0000000082100000, 0x0000000082100000|100%| O|  |TAMS 0x0000000082100000, 0x0000000082000000| Untracked 
|  15|0x0000000082100000, 0x0000000082200000, 0x0000000082200000|100%| O|  |TAMS 0x0000000082200000, 0x0000000082100000| Untracked 
|  16|0x0000000082200000, 0x0000000082300000, 0x0000000082300000|100%| O|  |TAMS 0x0000000082300000, 0x0000000082200000| Untracked 
|  17|0x0000000082300000, 0x0000000082400000, 0x0000000082400000|100%| O|  |TAMS 0x0000000082400000, 0x0000000082300000| Untracked 
|  18|0x0000000082400000, 0x0000000082500000, 0x0000000082500000|100%|HS|  |TAMS 0x0000000082500000, 0x0000000082400000| Complete 
|  19|0x0000000082500000, 0x0000000082600000, 0x0000000082600000|100%|HC|  |TAMS 0x0000000082600000, 0x0000000082500000| Complete 
|  20|0x0000000082600000, 0x0000000082700000, 0x0000000082700000|100%| O|  |TAMS 0x0000000082700000, 0x0000000082600000| Untracked 
|  21|0x0000000082700000, 0x0000000082800000, 0x0000000082800000|100%| O|  |TAMS 0x0000000082800000, 0x0000000082700000| Untracked 
|  22|0x0000000082800000, 0x0000000082900000, 0x0000000082900000|100%| O|  |TAMS 0x0000000082900000, 0x0000000082800000| Untracked 
|  23|0x0000000082900000, 0x0000000082a00000, 0x0000000082a00000|100%| O|  |TAMS 0x0000000082a00000, 0x0000000082900000| Untracked 
|  24|0x0000000082a00000, 0x0000000082b00000, 0x0000000082b00000|100%| O|  |TAMS 0x0000000082b00000, 0x0000000082a00000| Untracked 
|  25|0x0000000082b00000, 0x0000000082c00000, 0x0000000082c00000|100%| O|  |TAMS 0x0000000082c00000, 0x0000000082b00000| Untracked 
|  26|0x0000000082c00000, 0x0000000082d00000, 0x0000000082d00000|100%| O|  |TAMS 0x0000000082d00000, 0x0000000082c00000| Untracked 
|  27|0x0000000082d00000, 0x0000000082e00000, 0x0000000082e00000|100%| O|  |TAMS 0x0000000082e00000, 0x0000000082d00000| Untracked 
|  28|0x0000000082e00000, 0x0000000082f00000, 0x0000000082f00000|100%|HS|  |TAMS 0x0000000082e00000, 0x0000000082e00000| Complete 
|  29|0x0000000082f00000, 0x0000000083000000, 0x0000000083000000|100%|HS|  |TAMS 0x0000000082f00000, 0x0000000082f00000| Complete 
|  30|0x0000000083000000, 0x0000000083100000, 0x0000000083100000|100%|HS|  |TAMS 0x0000000083000000, 0x0000000083000000| Complete 
|  31|0x0000000083100000, 0x0000000083200000, 0x0000000083200000|100%|HS|  |TAMS 0x0000000083100000, 0x0000000083100000| Complete 
|  32|0x0000000083200000, 0x0000000083300000, 0x0000000083300000|100%|HS|  |TAMS 0x0000000083200000, 0x0000000083200000| Complete 
|  33|0x0000000083300000, 0x0000000083400000, 0x0000000083400000|100%|HS|  |TAMS 0x0000000083300000, 0x0000000083300000| Complete 
|  34|0x0000000083400000, 0x0000000083400000, 0x0000000083500000|  0%| F|  |TAMS 0x0000000083400000, 0x0000000083400000| Untracked 
|  35|0x0000000083500000, 0x0000000083500000, 0x0000000083600000|  0%| F|  |TAMS 0x0000000083500000, 0x0000000083500000| Untracked 
|  36|0x0000000083600000, 0x0000000083600000, 0x0000000083700000|  0%| F|  |TAMS 0x0000000083600000, 0x0000000083600000| Untracked 
|  37|0x0000000083700000, 0x0000000083700000, 0x0000000083800000|  0%| F|  |TAMS 0x0000000083700000, 0x0000000083700000| Untracked 
|  38|0x0000000083800000, 0x0000000083800000, 0x0000000083900000|  0%| F|  |TAMS 0x0000000083800000, 0x0000000083800000| Untracked 
|  39|0x0000000083900000, 0x0000000083900000, 0x0000000083a00000|  0%| F|  |TAMS 0x0000000083900000, 0x0000000083900000| Untracked 
|  40|0x0000000083a00000, 0x0000000083a00000, 0x0000000083b00000|  0%| F|  |TAMS 0x0000000083a00000, 0x0000000083a00000| Untracked 
|  41|0x0000000083b00000, 0x0000000083b00000, 0x0000000083c00000|  0%| F|  |TAMS 0x0000000083b00000, 0x0000000083b00000| Untracked 
|  42|0x0000000083c00000, 0x0000000083c00000, 0x0000000083d00000|  0%| F|  |TAMS 0x0000000083c00000, 0x0000000083c00000| Untracked 
|  43|0x0000000083d00000, 0x0000000083d00000, 0x0000000083e00000|  0%| F|  |TAMS 0x0000000083d00000, 0x0000000083d00000| Untracked 
|  44|0x0000000083e00000, 0x0000000083e00000, 0x0000000083f00000|  0%| F|  |TAMS 0x0000000083e00000, 0x0000000083e00000| Untracked 
|  45|0x0000000083f00000, 0x0000000083f00000, 0x0000000084000000|  0%| F|  |TAMS 0x0000000083f00000, 0x0000000083f00000| Untracked 
|  46|0x0000000084000000, 0x0000000084000000, 0x0000000084100000|  0%| F|  |TAMS 0x0000000084000000, 0x0000000084000000| Untracked 
|  47|0x0000000084100000, 0x0000000084100000, 0x0000000084200000|  0%| F|  |TAMS 0x0000000084100000, 0x0000000084100000| Untracked 
|  48|0x0000000084200000, 0x0000000084200000, 0x0000000084300000|  0%| F|  |TAMS 0x0000000084200000, 0x0000000084200000| Untracked 
|  49|0x0000000084300000, 0x0000000084300000, 0x0000000084400000|  0%| F|  |TAMS 0x0000000084300000, 0x0000000084300000| Untracked 
|  50|0x0000000084400000, 0x0000000084400000, 0x0000000084500000|  0%| F|  |TAMS 0x0000000084400000, 0x0000000084400000| Untracked 
|  51|0x0000000084500000, 0x0000000084600000, 0x0000000084600000|100%| O|  |TAMS 0x0000000084600000, 0x0000000084500000| Untracked 
|  52|0x0000000084600000, 0x0000000084600000, 0x0000000084700000|  0%| F|  |TAMS 0x0000000084600000, 0x0000000084600000| Untracked 
|  53|0x0000000084700000, 0x0000000084700000, 0x0000000084800000|  0%| F|  |TAMS 0x0000000084700000, 0x0000000084700000| Untracked 
|  54|0x0000000084800000, 0x0000000084800000, 0x0000000084900000|  0%| F|  |TAMS 0x0000000084800000, 0x0000000084800000| Untracked 
|  55|0x0000000084900000, 0x0000000084900000, 0x0000000084a00000|  0%| F|  |TAMS 0x0000000084900000, 0x0000000084900000| Untracked 
|  56|0x0000000084a00000, 0x0000000084a00000, 0x0000000084b00000|  0%| F|  |TAMS 0x0000000084a00000, 0x0000000084a00000| Untracked 
|  57|0x0000000084b00000, 0x0000000084b00000, 0x0000000084c00000|  0%| F|  |TAMS 0x0000000084b00000, 0x0000000084b00000| Untracked 
|  58|0x0000000084c00000, 0x0000000084c00000, 0x0000000084d00000|  0%| F|  |TAMS 0x0000000084c00000, 0x0000000084c00000| Untracked 
|  59|0x0000000084d00000, 0x0000000084d00000, 0x0000000084e00000|  0%| F|  |TAMS 0x0000000084d00000, 0x0000000084d00000| Untracked 
|  60|0x0000000084e00000, 0x0000000084e00000, 0x0000000084f00000|  0%| F|  |TAMS 0x0000000084e00000, 0x0000000084e00000| Untracked 
|  61|0x0000000084f00000, 0x0000000084f00000, 0x0000000085000000|  0%| F|  |TAMS 0x0000000084f00000, 0x0000000084f00000| Untracked 
|  62|0x0000000085000000, 0x0000000085000000, 0x0000000085100000|  0%| F|  |TAMS 0x0000000085000000, 0x0000000085000000| Untracked 
|  63|0x0000000085100000, 0x0000000085100000, 0x0000000085200000|  0%| F|  |TAMS 0x0000000085100000, 0x0000000085100000| Untracked 
|  64|0x0000000085200000, 0x0000000085200000, 0x0000000085300000|  0%| F|  |TAMS 0x0000000085200000, 0x0000000085200000| Untracked 
|  65|0x0000000085300000, 0x0000000085300000, 0x0000000085400000|  0%| F|  |TAMS 0x0000000085300000, 0x0000000085300000| Untracked 
|  66|0x0000000085400000, 0x0000000085400000, 0x0000000085500000|  0%| F|  |TAMS 0x0000000085400000, 0x0000000085400000| Untracked 
|  67|0x0000000085500000, 0x0000000085500000, 0x0000000085600000|  0%| F|  |TAMS 0x0000000085500000, 0x0000000085500000| Untracked 
|  68|0x0000000085600000, 0x0000000085600000, 0x0000000085700000|  0%| F|  |TAMS 0x0000000085600000, 0x0000000085600000| Untracked 
|  69|0x0000000085700000, 0x0000000085700000, 0x0000000085800000|  0%| F|  |TAMS 0x0000000085700000, 0x0000000085700000| Untracked 
|  70|0x0000000085800000, 0x0000000085800000, 0x0000000085900000|  0%| F|  |TAMS 0x0000000085800000, 0x0000000085800000| Untracked 
|  71|0x0000000085900000, 0x0000000085900000, 0x0000000085a00000|  0%| F|  |TAMS 0x0000000085900000, 0x0000000085900000| Untracked 
|  72|0x0000000085a00000, 0x0000000085a00000, 0x0000000085b00000|  0%| F|  |TAMS 0x0000000085a00000, 0x0000000085a00000| Untracked 
|  73|0x0000000085b00000, 0x0000000085b00000, 0x0000000085c00000|  0%| F|  |TAMS 0x0000000085b00000, 0x0000000085b00000| Untracked 
|  74|0x0000000085c00000, 0x0000000085c00000, 0x0000000085d00000|  0%| F|  |TAMS 0x0000000085c00000, 0x0000000085c00000| Untracked 
|  75|0x0000000085d00000, 0x0000000085d3d7e0, 0x0000000085e00000| 24%| E|  |TAMS 0x0000000085d00000, 0x0000000085d00000| Complete 
|  76|0x0000000085e00000, 0x0000000085ef5d90, 0x0000000085f00000| 96%| S|CS|TAMS 0x0000000085e00000, 0x0000000085e00000| Complete 
|  77|0x0000000085f00000, 0x0000000086000000, 0x0000000086000000|100%| S|CS|TAMS 0x0000000085f00000, 0x0000000085f00000| Complete 
|  78|0x0000000086000000, 0x0000000086100000, 0x0000000086100000|100%| E|CS|TAMS 0x0000000086000000, 0x0000000086000000| Complete 
|  79|0x0000000086100000, 0x0000000086200000, 0x0000000086200000|100%| E|  |TAMS 0x0000000086100000, 0x0000000086100000| Complete 
|  80|0x0000000086200000, 0x0000000086300000, 0x0000000086300000|100%| E|CS|TAMS 0x0000000086200000, 0x0000000086200000| Complete 
|  81|0x0000000086300000, 0x0000000086400000, 0x0000000086400000|100%| E|CS|TAMS 0x0000000086300000, 0x0000000086300000| Complete 
|  82|0x0000000086400000, 0x0000000086500000, 0x0000000086500000|100%| E|CS|TAMS 0x0000000086400000, 0x0000000086400000| Complete 
|  83|0x0000000086500000, 0x0000000086600000, 0x0000000086600000|100%| E|CS|TAMS 0x0000000086500000, 0x0000000086500000| Complete 
|  84|0x0000000086600000, 0x0000000086700000, 0x0000000086700000|100%| E|CS|TAMS 0x0000000086600000, 0x0000000086600000| Complete 
|  85|0x0000000086700000, 0x0000000086800000, 0x0000000086800000|100%| E|CS|TAMS 0x0000000086700000, 0x0000000086700000| Complete 
|  86|0x0000000086800000, 0x0000000086900000, 0x0000000086900000|100%| E|CS|TAMS 0x0000000086800000, 0x0000000086800000| Complete 
|  87|0x0000000086900000, 0x0000000086a00000, 0x0000000086a00000|100%| E|CS|TAMS 0x0000000086900000, 0x0000000086900000| Complete 
|  88|0x0000000086a00000, 0x0000000086b00000, 0x0000000086b00000|100%| E|CS|TAMS 0x0000000086a00000, 0x0000000086a00000| Complete 
|  89|0x0000000086b00000, 0x0000000086c00000, 0x0000000086c00000|100%| E|CS|TAMS 0x0000000086b00000, 0x0000000086b00000| Complete 
|  90|0x0000000086c00000, 0x0000000086d00000, 0x0000000086d00000|100%| E|CS|TAMS 0x0000000086c00000, 0x0000000086c00000| Complete 
|  91|0x0000000086d00000, 0x0000000086d77200, 0x0000000086e00000| 46%| O|  |TAMS 0x0000000086d77200, 0x0000000086d00000| Untracked 
|  92|0x0000000086e00000, 0x0000000086f00000, 0x0000000086f00000|100%| E|CS|TAMS 0x0000000086e00000, 0x0000000086e00000| Complete 
|  93|0x0000000086f00000, 0x0000000087000000, 0x0000000087000000|100%| E|CS|TAMS 0x0000000086f00000, 0x0000000086f00000| Complete 
| 121|0x0000000088b00000, 0x0000000088c00000, 0x0000000088c00000|100%| E|CS|TAMS 0x0000000088b00000, 0x0000000088b00000| Complete 
| 122|0x0000000088c00000, 0x0000000088d00000, 0x0000000088d00000|100%| E|CS|TAMS 0x0000000088c00000, 0x0000000088c00000| Complete 
| 123|0x0000000088d00000, 0x0000000088e00000, 0x0000000088e00000|100%| E|CS|TAMS 0x0000000088d00000, 0x0000000088d00000| Complete 
| 124|0x0000000088e00000, 0x0000000088f00000, 0x0000000088f00000|100%| E|CS|TAMS 0x0000000088e00000, 0x0000000088e00000| Complete 
| 125|0x0000000088f00000, 0x0000000089000000, 0x0000000089000000|100%| E|CS|TAMS 0x0000000088f00000, 0x0000000088f00000| Complete 
| 126|0x0000000089000000, 0x0000000089100000, 0x0000000089100000|100%| E|CS|TAMS 0x0000000089000000, 0x0000000089000000| Complete 
| 127|0x0000000089100000, 0x0000000089200000, 0x0000000089200000|100%| E|CS|TAMS 0x0000000089100000, 0x0000000089100000| Complete 
| 153|0x000000008ab00000, 0x000000008ac00000, 0x000000008ac00000|100%| E|CS|TAMS 0x000000008ab00000, 0x000000008ab00000| Complete 

Card table byte_map: [0x000000001a1b0000,0x000000001a5b0000] _byte_map_base: 0x0000000019da7000

Marking Bits (Prev, Next): (CMBitMap*) 0x00000000002bada8, (CMBitMap*) 0x00000000002bad68
 Prev Bits: [0x000000001c970000, 0x000000001e928000)
 Next Bits: [0x000000001a9b0000, 0x000000001c968000)

Polling page: 0x0000000001e30000

Metaspace:

Usage:
  Non-class:     52.32 MB capacity,    51.25 MB ( 98%) used,   896.99 KB (  2%) free+waste,   204.13 KB ( <1%) overhead. 
      Class:      8.64 MB capacity,     8.00 MB ( 93%) used,   557.88 KB (  6%) free+waste,    98.38 KB (  1%) overhead. 
       Both:     60.97 MB capacity,    59.25 MB ( 97%) used,     1.42 MB (  2%) free+waste,   302.50 KB ( <1%) overhead. 

Virtual space:
  Non-class space:       54.00 MB reserved,      52.42 MB ( 97%) committed 
      Class space:        1.00 GB reserved,       8.75 MB ( <1%) committed 
             Both:        1.05 GB reserved,      61.17 MB (  6%) committed 

Chunk freelists:
   Non-Class:  4.63 KB
       Class:  1.50 KB
        Both:  6.13 KB

CodeHeap 'non-profiled nmethods': size=238912Kb used=11109Kb max_used=11109Kb free=227803Kb
 bounds [0x000000000b240000, 0x000000000bd20000, 0x0000000019b90000]
CodeHeap 'non-nmethods': size=6848Kb used=1346Kb max_used=1346Kb free=5501Kb
 bounds [0x000000000ab90000, 0x000000000ae00000, 0x000000000b240000]
 total_blobs=7421 nmethods=6563 adapters=685
 compilation: enabled
              stopped_count=0, restarted_count=0
 full_count=0

Compilation events (10 events):
Event: 128.003 Thread 0x000000002209a000 6649       1       org.hibernate.event.spi.LoadEvent::setResult (6 bytes)
Event: 128.003 Thread 0x000000002209a000 nmethod 6649 0x000000000bd18b90 code [0x000000000bd18d40, 0x000000000bd18eb8]
Event: 128.003 Thread 0x000000002209a000 6650       1       org.h2.mvstore.tx.Transaction::hasRollback (16 bytes)
Event: 128.004 Thread 0x000000002209a000 nmethod 6650 0x000000000bd18f10 code [0x000000000bd190c0, 0x000000000bd191f8]
Event: 128.004 Thread 0x000000002209a000 6651       1       jdk.internal.reflect.ClassFileAssembler::decStack (11 bytes)
Event: 128.004 Thread 0x000000002209a000 nmethod 6651 0x000000000bd19290 code [0x000000000bd19440, 0x000000000bd19578]
Event: 128.005 Thread 0x000000002209a000 6652       1       org.springframework.transaction.support.TransactionSynchronizationUtils::unwrapResourceIfNecessary (38 bytes)
Event: 128.005 Thread 0x000000002209a000 nmethod 6652 0x000000000bd19610 code [0x000000000bd19800, 0x000000000bd19bb0]
Event: 128.005 Thread 0x000000002209a000 6653       1       org.springframework.transaction.support.TransactionSynchronizationUtils$ScopedProxyUnwrapper::unwrapIfNecessary (19 bytes)
Event: 128.005 Thread 0x000000002209a000 nmethod 6653 0x000000000bd19d10 code [0x000000000bd19ee0, 0x000000000bd1a0f0]

GC Heap History (10 events):
Event: 61.682 GC heap before
{Heap before GC invocations=30 (full 0):
 garbage-first heap   total 104448K, used 87135K [0x0000000081200000, 0x0000000100000000)
  region size 1024K, 34 young (34816K), 2 survivors (2048K)
 Metaspace       used 57912K, capacity 59569K, committed 59696K, reserved 1099776K
  class space    used 7862K, capacity 8499K, committed 8576K, reserved 1048576K
}
Event: 61.686 GC heap after
{Heap after GC invocations=31 (full 0):
 garbage-first heap   total 104448K, used 54481K [0x0000000081200000, 0x0000000100000000)
  region size 1024K, 2 young (2048K), 2 survivors (2048K)
 Metaspace       used 57912K, capacity 59569K, committed 59696K, reserved 1099776K
  class space    used 7862K, capacity 8499K, committed 8576K, reserved 1048576K
}
Event: 62.104 GC heap before
{Heap before GC invocations=32 (full 0):
 garbage-first heap   total 104448K, used 87249K [0x0000000081200000, 0x0000000100000000)
  region size 1024K, 34 young (34816K), 2 survivors (2048K)
 Metaspace       used 57912K, capacity 59569K, committed 59696K, reserved 1099776K
  class space    used 7862K, capacity 8499K, committed 8576K, reserved 1048576K
}
Event: 62.108 GC heap after
{Heap after GC invocations=33 (full 0):
 garbage-first heap   total 104448K, used 54468K [0x0000000081200000, 0x0000000100000000)
  region size 1024K, 2 young (2048K), 2 survivors (2048K)
 Metaspace       used 57912K, capacity 59569K, committed 59696K, reserved 1099776K
  class space    used 7862K, capacity 8499K, committed 8576K, reserved 1048576K
}
Event: 62.529 GC heap before
{Heap before GC invocations=33 (full 0):
 garbage-first heap   total 104448K, used 87236K [0x0000000081200000, 0x0000000100000000)
  region size 1024K, 34 young (34816K), 2 survivors (2048K)
 Metaspace       used 57912K, capacity 59569K, committed 59696K, reserved 1099776K
  class space    used 7862K, capacity 8499K, committed 8576K, reserved 1048576K
}
Event: 62.534 GC heap after
{Heap after GC invocations=34 (full 0):
 garbage-first heap   total 104448K, used 54401K [0x0000000081200000, 0x0000000100000000)
  region size 1024K, 2 young (2048K), 2 survivors (2048K)
 Metaspace       used 57912K, capacity 59569K, committed 59696K, reserved 1099776K
  class space    used 7862K, capacity 8499K, committed 8576K, reserved 1048576K
}
Event: 62.929 GC heap before
{Heap before GC invocations=35 (full 0):
 garbage-first heap   total 104448K, used 88193K [0x0000000081200000, 0x0000000100000000)
  region size 1024K, 35 young (35840K), 2 survivors (2048K)
 Metaspace       used 57912K, capacity 59569K, committed 59696K, reserved 1099776K
  class space    used 7862K, capacity 8499K, committed 8576K, reserved 1048576K
}
Event: 62.933 GC heap after
{Heap after GC invocations=36 (full 0):
 garbage-first heap   total 104448K, used 54464K [0x0000000081200000, 0x0000000100000000)
  region size 1024K, 2 young (2048K), 2 survivors (2048K)
 Metaspace       used 57912K, capacity 59569K, committed 59696K, reserved 1099776K
  class space    used 7862K, capacity 8499K, committed 8576K, reserved 1048576K
}
Event: 64.426 GC heap before
{Heap before GC invocations=36 (full 0):
 garbage-first heap   total 104448K, used 76992K [0x0000000081200000, 0x0000000100000000)
  region size 1024K, 25 young (25600K), 2 survivors (2048K)
 Metaspace       used 59933K, capacity 61591K, committed 61744K, reserved 1101824K
  class space    used 8117K, capacity 8745K, committed 8832K, reserved 1048576K
}
Event: 64.432 GC heap after
{Heap after GC invocations=37 (full 0):
 garbage-first heap   total 104448K, used 31336K [0x0000000081200000, 0x0000000100000000)
  region size 1024K, 2 young (2048K), 2 survivors (2048K)
 Metaspace       used 59933K, capacity 61591K, committed 61744K, reserved 1101824K
  class space    used 8117K, capacity 8745K, committed 8832K, reserved 1048576K
}

Deoptimization events (0 events):
No events

Classes redefined (0 events):
No events

Internal exceptions (10 events):
Event: 9.166 Thread 0x000000000027c800 Exception <a 'java/lang/NoSuchMethodError'{0x000000008577a580}: java.lang.invoke.DirectMethodHandle$Holder.invokeVirtual(Ljava/lang/Object;Ljava/lang/Object;I)V> (0x000000008577a580) thrown at [t:/workspace/open/src/hotspot/share/interpreter/linkResolver.
Event: 9.239 Thread 0x000000000027c800 Exception <a 'java/lang/IncompatibleClassChangeError'{0x000000008505ed40}: Found class java.lang.Object, but interface was expected> (0x000000008505ed40) thrown at [t:/workspace/open/src/hotspot/share/interpreter/linkResolver.cpp, line 843]
Event: 9.265 Thread 0x000000000027c800 Exception <a 'java/lang/NoSuchMethodError'{0x0000000084e71ff0}: java.lang.invoke.DirectMethodHandle$Holder.invokeStaticInit(Ljava/lang/Object;Ljava/lang/Object;Ljava/lang/Object;Ljava/lang/Object;)I> (0x0000000084e71ff0) thrown at [t:/workspace/open/src/h
Event: 59.288 Thread 0x00000000252cd000 Exception <a 'java/lang/ClassNotFoundException'{0x0000000085df29d0}: sun/awt/resources/spi/awtProvider> (0x0000000085df29d0) thrown at [t:/workspace/open/src/hotspot/share/classfile/systemDictionary.cpp, line 235]
Event: 59.299 Thread 0x00000000252cd000 Exception <a 'java/io/FileNotFoundException'{0x0000000085c14438}> (0x0000000085c14438) thrown at [t:/workspace/open/src/hotspot/share/prims/jni.cpp, line 615]
Event: 59.300 Thread 0x00000000252cd000 Exception <a 'java/io/FileNotFoundException'{0x0000000085c16730}> (0x0000000085c16730) thrown at [t:/workspace/open/src/hotspot/share/prims/jni.cpp, line 615]
Event: 63.067 Thread 0x00000000252cd000 Exception <a 'java/lang/NoClassDefFoundError'{0x0000000086c9d330}: sun/reflect/Reflection> (0x0000000086c9d330) thrown at [t:/workspace/open/src/hotspot/share/classfile/systemDictionary.cpp, line 224]
Event: 63.086 Thread 0x00000000252cd000 Exception <a 'java/lang/ClassNotFoundException'{0x0000000086b86540}: java/lang/ObjectCustomizer> (0x0000000086b86540) thrown at [t:/workspace/open/src/hotspot/share/classfile/systemDictionary.cpp, line 235]
Event: 63.089 Thread 0x00000000252cd000 Exception <a 'java/lang/ClassNotFoundException'{0x0000000086ba6878}: zpo/project/fuelscanner/model/ReceiptCustomizer> (0x0000000086ba6878) thrown at [t:/workspace/open/src/hotspot/share/classfile/systemDictionary.cpp, line 235]
Event: 127.993 Thread 0x00000000252ce800 Exception <a 'javax/imageio/IIOException'{0x00000000860c2eb0}: Not a JPEG file: starts with 0x89 0x50> (0x00000000860c2eb0) thrown at [t:/workspace/open/src/hotspot/share/prims/jni.cpp, line 636]

Events (10 events):
Event: 127.972 Executing VM operation: RevokeBias
Event: 127.972 Executing VM operation: RevokeBias done
Event: 127.992 Executing VM operation: RevokeBias
Event: 127.992 Executing VM operation: RevokeBias done
Event: 127.992 Executing VM operation: RevokeBias
Event: 127.992 Executing VM operation: RevokeBias done
Event: 127.992 Executing VM operation: RevokeBias
Event: 127.992 Executing VM operation: RevokeBias done
Event: 127.992 Executing VM operation: RevokeBias
Event: 127.992 Executing VM operation: RevokeBias done


Dynamic libraries:
0x000000013f5b0000 - 0x000000013f5bf000 	C:\Program Files\Java\jdk-12.0.1\bin\java.exe
0x0000000076ef0000 - 0x000000007708f000 	C:\Windows\SYSTEM32\ntdll.dll
0x000007fed7d80000 - 0x000007fed7d94000 	C:\Program Files\AVAST Software\Avast\aswhook.dll
0x0000000076dd0000 - 0x0000000076eef000 	C:\Windows\system32\kernel32.dll
0x000007fefcb60000 - 0x000007fefcbca000 	C:\Windows\system32\KERNELBASE.dll
0x000007fedb2e0000 - 0x000007fedb2f8000 	C:\Program Files\Java\jdk-12.0.1\bin\jli.dll
0x000007fefed10000 - 0x000007fefedeb000 	C:\Windows\system32\ADVAPI32.dll
0x000007fefef80000 - 0x000007feff01f000 	C:\Windows\system32\msvcrt.dll
0x000007fefce10000 - 0x000007fefce2f000 	C:\Windows\SYSTEM32\sechost.dll
0x000007feff080000 - 0x000007feff1ad000 	C:\Windows\system32\RPCRT4.dll
0x000007fefaed0000 - 0x000007fefb0c4000 	C:\Windows\WinSxS\amd64_microsoft.windows.common-controls_6595b64144ccf1df_6.0.7601.18837_none_fa3b1e3d17594757\COMCTL32.dll
0x000007fefe070000 - 0x000007fefe0d7000 	C:\Windows\system32\GDI32.dll
0x0000000076cd0000 - 0x0000000076dca000 	C:\Windows\system32\USER32.dll
0x000007fefce00000 - 0x000007fefce0e000 	C:\Windows\system32\LPK.dll
0x000007fefec30000 - 0x000007fefecfb000 	C:\Windows\system32\USP10.dll
0x000007fefdff0000 - 0x000007fefe061000 	C:\Windows\system32\SHLWAPI.dll
0x000007fefc970000 - 0x000007fefc97c000 	C:\Windows\system32\VERSION.dll
0x000007fedb2c0000 - 0x000007fedb2d6000 	C:\Program Files\Java\jdk-12.0.1\bin\VCRUNTIME140.dll
0x000007fefb880000 - 0x000007fefb884000 	C:\Program Files\Java\jdk-12.0.1\bin\api-ms-win-crt-runtime-l1-1-0.dll
0x000007feb9e90000 - 0x000007feb9f86000 	C:\Program Files\Java\jdk-12.0.1\bin\ucrtbase.DLL
0x000007fef1770000 - 0x000007fef1773000 	C:\Program Files\Java\jdk-12.0.1\bin\api-ms-win-core-localization-l1-2-0.dll
0x000007fedb2b0000 - 0x000007fedb2b3000 	C:\Program Files\Java\jdk-12.0.1\bin\api-ms-win-core-processthreads-l1-1-1.dll
0x000007fedb1c0000 - 0x000007fedb1c3000 	C:\Program Files\Java\jdk-12.0.1\bin\api-ms-win-core-file-l1-2-0.dll
0x000007fedb1b0000 - 0x000007fedb1b3000 	C:\Program Files\Java\jdk-12.0.1\bin\api-ms-win-core-timezone-l1-1-0.dll
0x000007fed8000000 - 0x000007fed8003000 	C:\Program Files\Java\jdk-12.0.1\bin\api-ms-win-core-file-l2-1-0.dll
0x000007fed7ff0000 - 0x000007fed7ff3000 	C:\Program Files\Java\jdk-12.0.1\bin\api-ms-win-core-synch-l1-2-0.dll
0x000007fed7fe0000 - 0x000007fed7fe4000 	C:\Program Files\Java\jdk-12.0.1\bin\api-ms-win-crt-string-l1-1-0.dll
0x000007fed7fd0000 - 0x000007fed7fd3000 	C:\Program Files\Java\jdk-12.0.1\bin\api-ms-win-crt-heap-l1-1-0.dll
0x000007fed49b0000 - 0x000007fed49b4000 	C:\Program Files\Java\jdk-12.0.1\bin\api-ms-win-crt-stdio-l1-1-0.dll
0x000007fed49a0000 - 0x000007fed49a4000 	C:\Program Files\Java\jdk-12.0.1\bin\api-ms-win-crt-convert-l1-1-0.dll
0x000007fed4990000 - 0x000007fed4993000 	C:\Program Files\Java\jdk-12.0.1\bin\api-ms-win-crt-environment-l1-1-0.dll
0x000007fed4980000 - 0x000007fed4983000 	C:\Program Files\Java\jdk-12.0.1\bin\api-ms-win-crt-filesystem-l1-1-0.dll
0x000007fed4970000 - 0x000007fed4975000 	C:\Program Files\Java\jdk-12.0.1\bin\api-ms-win-crt-math-l1-1-0.dll
0x000007fed4960000 - 0x000007fed4963000 	C:\Program Files\Java\jdk-12.0.1\bin\api-ms-win-crt-locale-l1-1-0.dll
0x000007feff1b0000 - 0x000007feff1de000 	C:\Windows\system32\IMM32.DLL
0x000007fefd150000 - 0x000007fefd259000 	C:\Windows\system32\MSCTF.dll
0x000007fefc980000 - 0x000007fefc9b0000 	C:\Windows\system32\nvinitx.dll
0x0000000073440000 - 0x0000000073446000 	C:\Program Files\NVIDIA Corporation\CoProcManager\detoured.dll
0x000007fef9900000 - 0x000007fef9938000 	C:\Program Files\NVIDIA Corporation\CoProcManager\nvd3d9wrapx.dll
0x000007fefe1c0000 - 0x000007fefe397000 	C:\Windows\system32\SETUPAPI.dll
0x000007fefcb00000 - 0x000007fefcb36000 	C:\Windows\system32\CFGMGR32.dll
0x000007fefe0e0000 - 0x000007fefe1ba000 	C:\Windows\system32\OLEAUT32.dll
0x000007fefceb0000 - 0x000007fefd0af000 	C:\Windows\system32\ole32.dll
0x000007fefcd70000 - 0x000007fefcd8a000 	C:\Windows\system32\DEVOBJ.dll
0x000007fef98d0000 - 0x000007fef98f4000 	C:\Program Files\NVIDIA Corporation\CoProcManager\nvdxgiwrapx.dll
0x000007febb510000 - 0x000007febb5ba000 	C:\Program Files\Java\jdk-12.0.1\bin\msvcp140.dll
0x000007fed4950000 - 0x000007fed4955000 	C:\Program Files\Java\jdk-12.0.1\bin\api-ms-win-crt-multibyte-l1-1-0.dll
0x000007fed4940000 - 0x000007fed4943000 	C:\Program Files\Java\jdk-12.0.1\bin\api-ms-win-crt-time-l1-1-0.dll
0x000007fed47b0000 - 0x000007fed47b3000 	C:\Program Files\Java\jdk-12.0.1\bin\api-ms-win-crt-utility-l1-1-0.dll
0x000007fead680000 - 0x000007feae1f4000 	C:\Program Files\Java\jdk-12.0.1\bin\server\jvm.dll
0x000007fef7550000 - 0x000007fef7559000 	C:\Windows\system32\WSOCK32.dll
0x000007fefe870000 - 0x000007fefe8bd000 	C:\Windows\system32\WS2_32.dll
0x000007fefed00000 - 0x000007fefed08000 	C:\Windows\system32\NSI.dll
0x000007fef2be0000 - 0x000007fef2c1b000 	C:\Windows\system32\WINMM.dll
0x0000000077090000 - 0x0000000077097000 	C:\Windows\system32\PSAPI.DLL
0x000007fec50d0000 - 0x000007fec50e1000 	C:\Program Files\Java\jdk-12.0.1\bin\verify.dll
0x000007fef66e0000 - 0x000007fef6805000 	C:\Windows\system32\DBGHELP.DLL
0x000007febd410000 - 0x000007febd436000 	C:\Program Files\Java\jdk-12.0.1\bin\java.dll
0x000007fefaae0000 - 0x000007fefaaee000 	C:\Program Files\Java\jdk-12.0.1\bin\instrument.dll
0x000007febd3f0000 - 0x000007febd407000 	C:\Program Files\Java\jdk-12.0.1\bin\zip.dll
0x000007fed47a0000 - 0x000007fed47aa000 	C:\Program Files\Java\jdk-12.0.1\bin\jimage.dll
0x000007fefd260000 - 0x000007fefdfea000 	C:\Windows\system32\SHELL32.dll
0x000007fefca50000 - 0x000007fefca5f000 	C:\Windows\system32\profapi.dll
0x000007febd3d0000 - 0x000007febd3e9000 	C:\Program Files\Java\jdk-12.0.1\bin\net.dll
0x000007fef68d0000 - 0x000007fef6941000 	C:\Windows\system32\WINHTTP.dll
0x000007fef6860000 - 0x000007fef68c5000 	C:\Windows\system32\webio.dll
0x000007fefedf0000 - 0x000007fefef78000 	C:\Windows\system32\urlmon.dll
0x000007fefcbe0000 - 0x000007fefcbe4000 	C:\Windows\system32\api-ms-win-downlevel-ole32-l1-1-0.dll
0x000007fefcbd0000 - 0x000007fefcbd4000 	C:\Windows\system32\api-ms-win-downlevel-shlwapi-l1-1-0.dll
0x000007fefcb40000 - 0x000007fefcb45000 	C:\Windows\system32\api-ms-win-downlevel-advapi32-l1-1-0.dll
0x000007fefcdf0000 - 0x000007fefcdf4000 	C:\Windows\system32\api-ms-win-downlevel-user32-l1-1-0.dll
0x0000000001e70000 - 0x0000000001e74000 	C:\Windows\system32\api-ms-win-downlevel-version-l1-1-0.dll
0x000007fefcbf0000 - 0x000007fefcbf3000 	C:\Windows\system32\api-ms-win-downlevel-normaliz-l1-1-0.dll
0x00000000770a0000 - 0x00000000770a3000 	C:\Windows\system32\normaliz.DLL
0x000007fefe8c0000 - 0x000007fefeb8a000 	C:\Windows\system32\iertutil.dll
0x000007fefe3a0000 - 0x000007fefe84c000 	C:\Windows\system32\WININET.dll
0x000007fefcd90000 - 0x000007fefcdae000 	C:\Windows\system32\USERENV.dll
0x000007fefc180000 - 0x000007fefc1d5000 	C:\Windows\system32\mswsock.dll
0x000007fefc170000 - 0x000007fefc177000 	C:\Windows\System32\wship6.dll
0x000007febd2d0000 - 0x000007febd2e3000 	C:\Program Files\Java\jdk-12.0.1\bin\nio.dll
0x000007fef7080000 - 0x000007fef709a000 	C:\Program Files\JetBrains\IntelliJ IDEA 2019.1.1\bin\breakgen64.dll
0x000007fefbbb0000 - 0x000007fefbbb7000 	C:\Windows\System32\wshtcpip.dll
0x000007fefc000000 - 0x000007fefc05b000 	C:\Windows\system32\DNSAPI.dll
0x000007fefa0b0000 - 0x000007fefa0d7000 	C:\Windows\system32\IPHLPAPI.DLL
0x000007fefa0a0000 - 0x000007fefa0ab000 	C:\Windows\system32\WINNSI.DLL
0x000007fef0080000 - 0x000007fef0088000 	C:\Windows\system32\rasadhlp.dll
0x000007fef7b30000 - 0x000007fef7b83000 	C:\Windows\System32\fwpuclnt.dll
0x000007fed3820000 - 0x000007fed3829000 	C:\Program Files\Java\jdk-12.0.1\bin\management.dll
0x000007fec5a20000 - 0x000007fec5a2c000 	C:\Program Files\Java\jdk-12.0.1\bin\management_ext.dll
0x000007fefc1e0000 - 0x000007fefc1f8000 	C:\Windows\system32\CRYPTSP.dll
0x000007fefbee0000 - 0x000007fefbf27000 	C:\Windows\system32\rsaenh.dll
0x000007fefc8a0000 - 0x000007fefc8af000 	C:\Windows\system32\CRYPTBASE.dll
0x000007fef7ab0000 - 0x000007fef7ac8000 	C:\Windows\system32\dhcpcsvc.DLL
0x000007fef7a90000 - 0x000007fef7aa1000 	C:\Windows\system32\dhcpcsvc6.DLL
0x000007fefb130000 - 0x000007fefb145000 	C:\Windows\system32\NLAapi.dll
0x000007fee7d40000 - 0x000007fee7d55000 	C:\Windows\system32\napinsp.dll
0x000007fee7d20000 - 0x000007fee7d39000 	C:\Windows\system32\pnrpnsp.dll
0x000007fee7d10000 - 0x000007fee7d1b000 	C:\Windows\System32\winrnr.dll
0x000007fee7d00000 - 0x000007fee7d10000 	C:\Windows\system32\wshbth.dll
0x000007febb7d0000 - 0x000007febb96f000 	C:\Program Files\Java\jdk-12.0.1\bin\awt.dll
0x000007febbd70000 - 0x000007febc134000 	C:\Windows\system32\d2d1.dll
0x000007fef1100000 - 0x000007fef112d000 	C:\Program Files\Java\jdk-12.0.1\bin\javajpeg.dll
0x000007fef0950000 - 0x000007fef098f000 	C:\Program Files\Java\jdk-12.0.1\bin\lcms.dll
0x000007fef08a0000 - 0x000007fef08e2000 	C:\Users\Mati\AppData\Local\Temp\jna-2390825\jna4622856038943234461.dll
0x000007feb0da0000 - 0x000007feb129b000 	C:\Users\Mati\AppData\Local\Temp\tess4j\win32-x86-64\libtesseract400.dll
0x000007feb0a00000 - 0x000007feb0d99000 	C:\Users\Mati\AppData\Local\Temp\tess4j\win32-x86-64\liblept1760.dll
0x000007fef0390000 - 0x000007fef047f000 	C:\Users\Mati\AppData\Local\Temp\javacpp100850861156113\msvcr120.dll
0x000007feba300000 - 0x000007feba3a6000 	C:\Users\Mati\AppData\Local\Temp\javacpp100850861156113\msvcp120.dll
0x000007feb1de0000 - 0x000007feb2061000 	C:\Users\Mati\AppData\Local\Temp\javacpp100850861156113\opencv_core300.dll
0x000007feb0680000 - 0x000007feb09ff000 	C:\Users\Mati\AppData\Local\Temp\javacpp100850861156113\opencv_imgproc300.dll
0x000007feb14e0000 - 0x000007feb1698000 	C:\Users\Mati\AppData\Local\Temp\javacpp100850861156113\jniopencv_core.dll
0x000007feb1d30000 - 0x000007feb1dd5000 	C:\Users\Mati\AppData\Local\Temp\javacpp100850861156113\jniopencv_imgproc.dll
0x000007feb03c0000 - 0x000007feb0677000 	C:\Users\Mati\AppData\Local\Temp\javacpp100850861156113\opencv_imgcodecs300.dll
0x000007fef11a0000 - 0x000007fef11bb000 	C:\Users\Mati\AppData\Local\Temp\javacpp100850861156113\jniopencv_imgcodecs.dll

dbghelp: loaded successfully - version: 4.0.5 - missing functions: none
symbol engine: initialized successfully - sym options: 0x614 - pdb path: .;C:\Program Files\Java\jdk-12.0.1\bin;C:\Windows\SYSTEM32;C:\Program Files\AVAST Software\Avast;C:\Windows\WinSxS\amd64_microsoft.windows.common-controls_6595b64144ccf1df_6.0.7601.18837_none_fa3b1e3d17594757;C:\Program Files\NVIDIA Corporation\CoProcManager;C:\Program Files\Java\jdk-12.0.1\bin\server;C:\Program Files\JetBrains\IntelliJ IDEA 2019.1.1\bin;C:\Users\Mati\AppData\Local\Temp\jna-2390825;C:\Users\Mati\AppData\Local\Temp\tess4j\win32-x86-64;C:\Users\Mati\AppData\Local\Temp\javacpp100850861156113

VM Arguments:
jvm_args: -XX:TieredStopAtLevel=1 -Xverify:none -Dspring.output.ansi.enabled=always -Dcom.sun.management.jmxremote -Dspring.jmx.enabled=true -Dspring.liveBeansView.mbeanDomain -Dspring.application.admin.enabled=true -javaagent:C:\Program Files\JetBrains\IntelliJ IDEA 2019.1.1\lib\idea_rt.jar=50859:C:\Program Files\JetBrains\IntelliJ IDEA 2019.1.1\bin -Dfile.encoding=UTF-8 
java_command: zpo.project.fuelscanner.FuelScannerApplication
java_class_path (initial): C:\Users\Mati\Documents\Fuel-Scanner\target\classes;C:\Users\Mati\.m2\repository\net\sourceforge\tess4j\tess4j\4.3.1\tess4j-4.3.1.jar;C:\Users\Mati\.m2\repository\net\java\dev\jna\jna\4.5.2\jna-4.5.2.jar;C:\Users\Mati\.m2\repository\com\github\jai-imageio\jai-imageio-core\1.4.0\jai-imageio-core-1.4.0.jar;C:\Users\Mati\.m2\repository\org\ghost4j\ghost4j\1.0.1\ghost4j-1.0.1.jar;C:\Users\Mati\.m2\repository\log4j\log4j\1.2.17\log4j-1.2.17.jar;C:\Users\Mati\.m2\repository\commons-beanutils\commons-beanutils\1.9.2\commons-beanutils-1.9.2.jar;C:\Users\Mati\.m2\repository\commons-collections\commons-collections\3.2.1\commons-collections-3.2.1.jar;C:\Users\Mati\.m2\repository\org\apache\xmlgraphics\xmlgraphics-commons\1.4\xmlgraphics-commons-1.4.jar;C:\Users\Mati\.m2\repository\com\lowagie\itext\2.1.7\itext-2.1.7.jar;C:\Users\Mati\.m2\repository\org\apache\pdfbox\pdfbox\2.0.12\pdfbox-2.0.12.jar;C:\Users\Mati\.m2\repository\org\apache\pdfbox\fontbox\2.0.12\fontbox-2.0.12.jar;C:\Users\Mati\.m2\repository\commons-logging\commons-logging\1.2\commons-logging-1.2.jar;C:\Users\Mati\.m2\repository\org\apache\pdfbox\pdfbox-tools\2.0.12\pdfbox-tools-2.0.12.jar;C:\Users\Mati\.m2\repository\org\apache\pdfbox\pdfbox-debugger\2.0.12\pdfbox-debugger-2.0.12.jar;C:\Users\Mati\.m2\repository\org\apache\pdfbox\jbig2-imageio\3.0.2\jbig2-imageio-3.0.2.jar;C:\Users\Mati\.m2\repository\commons-io\commons-io\2.6\commons-io-2.6.jar;C:\Users\Mati\.m2\repository\net\sourceforge\lept4j\lept4j\1.10.0\lept4j-1.10.0.jar;C:\Users\Mati\.m2\repository\org\jboss\jboss-vfs\3.2.14.Final\jboss-vfs-3.2.14.Final.jar;C:\Users\Mati\.m2\repository\org\jboss\logging\jboss-logging\3.4.1.Final\jboss-logging-3.4.1.Final.jar;C:\Users\Mati\.m2\repository\ch\qos\logback\logback-classic\1.2.3\logback-classic-1.2.3.jar;C:\Users\Mati\.m2\repository\ch\qos\logback\logback-core\1.2.3\logback-core-1.2.3.jar;C:\Users\Mati\.m2\repository\org\slf4j\jul-to-slf4j\1.7.29\jul-to-slf4j-1.7.29.jar;C:\Users\Ma
Launcher Type: SUN_STANDARD

[Global flags]
     bool BytecodeVerificationLocal                = false                                     {product} {command line}
     bool BytecodeVerificationRemote               = false                                     {product} {command line}
     intx CICompilerCount                          = 3                                         {product} {ergonomic}
     uint ConcGCThreads                            = 1                                         {product} {ergonomic}
     uint G1ConcRefinementThreads                  = 4                                         {product} {ergonomic}
   size_t G1HeapRegionSize                         = 1048576                                   {product} {ergonomic}
    uintx GCDrainStackTargetSize                   = 64                                        {product} {ergonomic}
   size_t InitialHeapSize                          = 134217728                                 {product} {ergonomic}
     bool ManagementServer                         = true                                      {product} {command line}
   size_t MarkStackSize                            = 4194304                                   {product} {ergonomic}
   size_t MaxHeapSize                              = 2128609280                                {product} {ergonomic}
   size_t MaxNewSize                               = 1277165568                                {product} {ergonomic}
   size_t MinHeapDeltaBytes                        = 1048576                                   {product} {ergonomic}
    uintx NonNMethodCodeHeapSize                   = 6973028                                {pd product} {ergonomic}
    uintx NonProfiledCodeHeapSize                  = 244685212                              {pd product} {ergonomic}
    uintx ProfiledCodeHeapSize                     = 0                                      {pd product} {ergonomic}
    uintx ReservedCodeCacheSize                    = 251658240                              {pd product} {ergonomic}
     bool SegmentedCodeCache                       = true                                      {product} {ergonomic}
     intx TieredStopAtLevel                        = 1                                         {product} {command line}
     bool UseCompressedClassPointers               = true                                 {lp64_product} {ergonomic}
     bool UseCompressedOops                        = true                                 {lp64_product} {ergonomic}
     bool UseG1GC                                  = true                                      {product} {ergonomic}
     bool UseLargePagesIndividualAllocation        = false                                  {pd product} {ergonomic}

Logging:
Log output configuration:
 #0: stdout all=warning uptime,level,tags
 #1: stderr all=off uptime,level,tags

Environment Variables:
PATH=C:\Program Files (x86)\PC Connectivity Solution\;C:\Program Files (x86)\Common Files\Oracle\Java\javapath;C:\ProgramData\Oracle\Java\javapath;C:\Program Files (x86)\Intel\iCLS Client\;C:\Program Files\Intel\iCLS Client\;C:\Windows\system32;C:\Windows;C:\Windows\System32\Wbem;C:\Windows\System32\WindowsPowerShell\v1.0\;C:\Program Files\Intel\Intel(R) Management Engine Components\DAL;C:\Program Files (x86)\Intel\Intel(R) Management Engine Components\DAL;C:\Program Files\Intel\Intel(R) Management Engine Components\IPT;C:\Program Files (x86)\Intel\Intel(R) Management Engine Components\IPT;C:\Program Files (x86)\Skype\Phone\;C:\Program Files (x86)\PostgreSQL\9.5\bin;C:\Program Files\PuTTY\;C:\Program Files\Git\cmd;C:\Users\Mati\AppData\Local\Programs\Python\Python37-32\Scripts;C:\Users\Mati\AppData\Local\Programs\Python\Python37-32;C:\Program Files\nodejs\;C:\Users\Mati\AppData\Roaming\npm
USERNAME=Mati
OS=Windows_NT
PROCESSOR_IDENTIFIER=Intel64 Family 6 Model 69 Stepping 1, GenuineIntel



---------------  S Y S T E M  ---------------

OS: Windows 7 , 64 bit Build 7601 (6.1.7601.24354)

CPU:total 4 (initial active 4) (2 cores per cpu, 2 threads per core) family 6 model 69 stepping 1, cmov, cx8, fxsr, mmx, sse, sse2, sse3, ssse3, sse4.1, sse4.2, popcnt, avx, avx2, aes, clmul, erms, lzcnt, ht, tsc, tscinvbit, bmi1, bmi2, fma

Memory: 4k page, system-wide physical 8115M (609M free)
TotalPageFile size 16228M (AvailPageFile size 6498M)
current process WorkingSet (physical memory assigned to process): 484M, peak: 537M
current process commit charge ("private bytes"): 516M, peak: 570M

vm_info: Java HotSpot(TM) 64-Bit Server VM (12.0.1+12) for windows-amd64 JRE (12.0.1+12), built on Apr  2 2019 14:02:19 by "mach5one" with MS VC++ 15.5 (VS2017)

END.
