#
# A fatal error has been detected by the Java Runtime Environment:
#
#  EXCEPTION_UNCAUGHT_CXX_EXCEPTION (0xe06d7363) at pc=0x000007fefcb6be0d, pid=9084, tid=2800
#
# JRE version: Java(TM) SE Runtime Environment (12.0.1+12) (build 12.0.1+12)
# Java VM: Java HotSpot(TM) 64-Bit Server VM (12.0.1+12, mixed mode, sharing, tiered, compressed oops, g1 gc, windows-amd64)
# Problematic frame:
# C  [KERNELBASE.dll+0xbe0d]
#
# No core dump will be written. Minidumps are not enabled by default on client versions of Windows
#
# If you would like to submit a bug report, please visit:
#   http://bugreport.java.com/bugreport/crash.jsp
# The crash happened outside the Java Virtual Machine in native code.
# See problematic frame for where to report the bug.
#

---------------  S U M M A R Y ------------

Command Line: -XX:TieredStopAtLevel=1 -Xverify:none -Dspring.output.ansi.enabled=always -Dcom.sun.management.jmxremote -Dspring.jmx.enabled=true -Dspring.liveBeansView.mbeanDomain -Dspring.application.admin.enabled=true -javaagent:C:\Program Files\JetBrains\IntelliJ IDEA 2019.1.1\lib\idea_rt.jar=61235:C:\Program Files\JetBrains\IntelliJ IDEA 2019.1.1\bin -Dfile.encoding=UTF-8 zpo.project.fuelscanner.FuelScannerApplication

Host: Intel(R) Core(TM) i5-4288U CPU @ 2.60GHz, 4 cores, 7G,  Windows 7 , 64 bit Build 7601 (6.1.7601.24354)
Time: Sun Feb  2 22:00:59 2020 ?rodkowoeuropejski czas stand. elapsed time: 46 seconds (0d 0h 0m 46s)

---------------  T H R E A D  ---------------

Current thread (0x0000000026b19000):  JavaThread "http-nio-8080-exec-1" daemon [_thread_in_native, id=2800, stack(0x0000000029b70000,0x0000000029c70000)]

Stack: [0x0000000029b70000,0x0000000029c70000],  sp=0x0000000029c5c900,  free space=946k
Native frames: (J=compiled Java code, j=interpreted, Vv=VM code, C=native code)
C  [KERNELBASE.dll+0xbe0d]
C  [msvcr120.dll+0x5ef63]

Java frames: (J=compiled Java code, j=interpreted, Vv=VM code)
j  org.bytedeco.javacpp.opencv_core.cvSetImageROI(Lorg/bytedeco/javacpp/opencv_core$IplImage;Lorg/bytedeco/javacpp/opencv_core$CvRect;)V+0
j  zpo.project.fuelscanner.config.ReceiptScanning.cropImage(Lorg/bytedeco/javacpp/opencv_core$IplImage;IIII)Lorg/bytedeco/javacpp/opencv_core$IplImage;+10
j  zpo.project.fuelscanner.config.ReceiptScanning.applyPerspectiveTransformThresholdOnOriginalImage(Lorg/bytedeco/javacpp/opencv_core$IplImage;Lorg/bytedeco/javacpp/opencv_core$CvSeq;I)Lorg/bytedeco/javacpp/opencv_core$IplImage;+389
j  zpo.project.fuelscanner.controller.OcrController.scanning(Lorg/bytedeco/javacpp/opencv_core$IplImage;)Ljava/io/File;+37
j  zpo.project.fuelscanner.controller.OcrController.checkReceipt(Ljava/lang/String;)V+46
j  zpo.project.fuelscanner.controller.OcrController.doOcr(Lorg/springframework/web/multipart/MultipartFile;)Lzpo/project/fuelscanner/model/Receipt;+96
v  ~StubRoutines::call_stub
J 2218  jdk.internal.reflect.NativeMethodAccessorImpl.invoke0(Ljava/lang/reflect/Method;Ljava/lang/Object;[Ljava/lang/Object;)Ljava/lang/Object; java.base@12.0.1 (0 bytes) @ 0x000000000b5e5c6f [0x000000000b5e5be0+0x000000000000008f]
J 2217 c1 jdk.internal.reflect.NativeMethodAccessorImpl.invoke(Ljava/lang/Object;[Ljava/lang/Object;)Ljava/lang/Object; java.base@12.0.1 (104 bytes) @ 0x000000000b5e65c4 [0x000000000b5e61c0+0x0000000000000404]
J 2215 c1 jdk.internal.reflect.DelegatingMethodAccessorImpl.invoke(Ljava/lang/Object;[Ljava/lang/Object;)Ljava/lang/Object; java.base@12.0.1 (10 bytes) @ 0x000000000b5e4e24 [0x000000000b5e4dc0+0x0000000000000064]
J 2216 c1 java.lang.reflect.Method.invoke(Ljava/lang/Object;[Ljava/lang/Object;)Ljava/lang/Object; java.base@12.0.1 (65 bytes) @ 0x000000000b5e52a4 [0x000000000b5e5180+0x0000000000000124]
j  org.springframework.web.method.support.InvocableHandlerMethod.doInvoke([Ljava/lang/Object;)Ljava/lang/Object;+16
j  org.springframework.web.method.support.InvocableHandlerMethod.invokeForRequest(Lorg/springframework/web/context/request/NativeWebRequest;Lorg/springframework/web/method/support/ModelAndViewContainer;[Ljava/lang/Object;)Ljava/lang/Object;+56
j  org.springframework.web.servlet.mvc.method.annotation.ServletInvocableHandlerMethod.invokeAndHandle(Lorg/springframework/web/context/request/ServletWebRequest;Lorg/springframework/web/method/support/ModelAndViewContainer;[Ljava/lang/Object;)V+4
j  org.springframework.web.servlet.mvc.method.annotation.RequestMappingHandlerAdapter.invokeHandlerMethod(Ljavax/servlet/http/HttpServletRequest;Ljavax/servlet/http/HttpServletResponse;Lorg/springframework/web/method/HandlerMethod;)Lorg/springframework/web/servlet/ModelAndView;+244
j  org.springframework.web.servlet.mvc.method.annotation.RequestMappingHandlerAdapter.handleInternal(Ljavax/servlet/http/HttpServletRequest;Ljavax/servlet/http/HttpServletResponse;Lorg/springframework/web/method/HandlerMethod;)Lorg/springframework/web/servlet/ModelAndView;+81
j  org.springframework.web.servlet.mvc.method.AbstractHandlerMethodAdapter.handle(Ljavax/servlet/http/HttpServletRequest;Ljavax/servlet/http/HttpServletResponse;Ljava/lang/Object;)Lorg/springframework/web/servlet/ModelAndView;+7
j  org.springframework.web.servlet.DispatcherServlet.doDispatch(Ljavax/servlet/http/HttpServletRequest;Ljavax/servlet/http/HttpServletResponse;)V+257
j  org.springframework.web.servlet.DispatcherServlet.doService(Ljavax/servlet/http/HttpServletRequest;Ljavax/servlet/http/HttpServletResponse;)V+212
j  org.springframework.web.servlet.FrameworkServlet.processRequest(Ljavax/servlet/http/HttpServletRequest;Ljavax/servlet/http/HttpServletResponse;)V+71
j  org.springframework.web.servlet.FrameworkServlet.doPost(Ljavax/servlet/http/HttpServletRequest;Ljavax/servlet/http/HttpServletResponse;)V+3
j  javax.servlet.http.HttpServlet.service(Ljavax/servlet/http/HttpServletRequest;Ljavax/servlet/http/HttpServletResponse;)V+149
j  org.springframework.web.servlet.FrameworkServlet.service(Ljavax/servlet/http/HttpServletRequest;Ljavax/servlet/http/HttpServletResponse;)V+33
j  javax.servlet.http.HttpServlet.service(Ljavax/servlet/ServletRequest;Ljavax/servlet/ServletResponse;)V+36
j  org.apache.catalina.core.ApplicationFilterChain.internalDoFilter(Ljavax/servlet/ServletRequest;Ljavax/servlet/ServletResponse;)V+304
j  org.apache.catalina.core.ApplicationFilterChain.doFilter(Ljavax/servlet/ServletRequest;Ljavax/servlet/ServletResponse;)V+101
j  org.apache.tomcat.websocket.server.WsFilter.doFilter(Ljavax/servlet/ServletRequest;Ljavax/servlet/ServletResponse;Ljavax/servlet/FilterChain;)V+21
j  org.apache.catalina.core.ApplicationFilterChain.internalDoFilter(Ljavax/servlet/ServletRequest;Ljavax/servlet/ServletResponse;)V+135
j  org.apache.catalina.core.ApplicationFilterChain.doFilter(Ljavax/servlet/ServletRequest;Ljavax/servlet/ServletResponse;)V+101
j  org.springframework.web.filter.RequestContextFilter.doFilterInternal(Ljavax/servlet/http/HttpServletRequest;Ljavax/servlet/http/HttpServletResponse;Ljavax/servlet/FilterChain;)V+21
j  org.springframework.web.filter.OncePerRequestFilter.doFilter(Ljavax/servlet/ServletRequest;Ljavax/servlet/ServletResponse;Ljavax/servlet/FilterChain;)V+147
j  org.apache.catalina.core.ApplicationFilterChain.internalDoFilter(Ljavax/servlet/ServletRequest;Ljavax/servlet/ServletResponse;)V+135
j  org.apache.catalina.core.ApplicationFilterChain.doFilter(Ljavax/servlet/ServletRequest;Ljavax/servlet/ServletResponse;)V+101
j  org.springframework.web.filter.FormContentFilter.doFilterInternal(Ljavax/servlet/http/HttpServletRequest;Ljavax/servlet/http/HttpServletResponse;Ljavax/servlet/FilterChain;)V+38
j  org.springframework.web.filter.OncePerRequestFilter.doFilter(Ljavax/servlet/ServletRequest;Ljavax/servlet/ServletResponse;Ljavax/servlet/FilterChain;)V+147
j  org.apache.catalina.core.ApplicationFilterChain.internalDoFilter(Ljavax/servlet/ServletRequest;Ljavax/servlet/ServletResponse;)V+135
j  org.apache.catalina.core.ApplicationFilterChain.doFilter(Ljavax/servlet/ServletRequest;Ljavax/servlet/ServletResponse;)V+101
j  org.springframework.web.filter.CharacterEncodingFilter.doFilterInternal(Ljavax/servlet/http/HttpServletRequest;Ljavax/servlet/http/HttpServletResponse;Ljavax/servlet/FilterChain;)V+53
j  org.springframework.web.filter.OncePerRequestFilter.doFilter(Ljavax/servlet/ServletRequest;Ljavax/servlet/ServletResponse;Ljavax/servlet/FilterChain;)V+147
j  org.apache.catalina.core.ApplicationFilterChain.internalDoFilter(Ljavax/servlet/ServletRequest;Ljavax/servlet/ServletResponse;)V+135
j  org.apache.catalina.core.ApplicationFilterChain.doFilter(Ljavax/servlet/ServletRequest;Ljavax/servlet/ServletResponse;)V+101
j  org.apache.catalina.core.StandardWrapperValve.invoke(Lorg/apache/catalina/connector/Request;Lorg/apache/catalina/connector/Response;)V+694
j  org.apache.catalina.core.StandardContextValve.invoke(Lorg/apache/catalina/connector/Request;Lorg/apache/catalina/connector/Response;)V+166
j  org.apache.catalina.authenticator.AuthenticatorBase.invoke(Lorg/apache/catalina/connector/Request;Lorg/apache/catalina/connector/Response;)V+260
j  org.apache.catalina.core.StandardHostValve.invoke(Lorg/apache/catalina/connector/Request;Lorg/apache/catalina/connector/Response;)V+114
j  org.apache.catalina.valves.ErrorReportValve.invoke(Lorg/apache/catalina/connector/Request;Lorg/apache/catalina/connector/Response;)V+6
j  org.apache.catalina.core.StandardEngineValve.invoke(Lorg/apache/catalina/connector/Request;Lorg/apache/catalina/connector/Response;)V+45
j  org.apache.catalina.connector.CoyoteAdapter.service(Lorg/apache/coyote/Request;Lorg/apache/coyote/Response;)V+199
j  org.apache.coyote.http11.Http11Processor.service(Lorg/apache/tomcat/util/net/SocketWrapperBase;)Lorg/apache/tomcat/util/net/AbstractEndpoint$Handler$SocketState;+784
j  org.apache.coyote.AbstractProcessorLight.process(Lorg/apache/tomcat/util/net/SocketWrapperBase;Lorg/apache/tomcat/util/net/SocketEvent;)Lorg/apache/tomcat/util/net/AbstractEndpoint$Handler$SocketState;+113
j  org.apache.coyote.AbstractProtocol$ConnectionHandler.process(Lorg/apache/tomcat/util/net/SocketWrapperBase;Lorg/apache/tomcat/util/net/SocketEvent;)Lorg/apache/tomcat/util/net/AbstractEndpoint$Handler$SocketState;+442
j  org.apache.tomcat.util.net.NioEndpoint$SocketProcessor.doRun()V+221
j  org.apache.tomcat.util.net.SocketProcessorBase.run()V+21
j  java.util.concurrent.ThreadPoolExecutor.runWorker(Ljava/util/concurrent/ThreadPoolExecutor$Worker;)V+92 java.base@12.0.1
j  java.util.concurrent.ThreadPoolExecutor$Worker.run()V+5 java.base@12.0.1
j  org.apache.tomcat.util.threads.TaskThread$WrappingRunnable.run()V+4
j  java.lang.Thread.run()V+11 java.base@12.0.1
v  ~StubRoutines::call_stub

siginfo: EXCEPTION_UNCAUGHT_CXX_EXCEPTION (0xe06d7363), ExceptionInformation=0x0000000019930520 0x0000000029c5ca80 0x000007feacfa9fc0 0x000007feacd60000 


Register to memory mapping:

RIP=0x000007fefcb6be0d KERNELBASE.dll
RAX=0x0000000059e061db is an unknown value
RBX=0x000007feacfa9fc0 opencv_core300.dll
RCX=0x0000000029c5c2f0 is pointing into the stack for thread: 0x0000000026b19000
RDX=0x00000000000000d0 is an unknown value
RSP=0x0000000029c5c900 is pointing into the stack for thread: 0x0000000026b19000
RBP=0x0000000029c5ca30 is pointing into the stack for thread: 0x0000000026b19000
RSI=0x000007feacf252c8 opencv_core300.dll
RDI=0x0000000029c5ca80 is pointing into the stack for thread: 0x0000000026b19000
R8 =0x0 is NULL
R9 =0x0 is NULL
R10=0x000007feacd60000 opencv_core300.dll
R11=0x0000000029c5c940 is pointing into the stack for thread: 0x0000000026b19000
R12=
[error occurred during error reporting (printing register info), id 0xc0000005, EXCEPTION_ACCESS_VIOLATION (0xc0000005) at pc=0x000007feaded8cff]

Registers:
RAX=0x0000000059e061db, RBX=0x000007feacfa9fc0, RCX=0x0000000029c5c2f0, RDX=0x00000000000000d0
RSP=0x0000000029c5c900, RBP=0x0000000029c5ca30, RSI=0x000007feacf252c8, RDI=0x0000000029c5ca80
R8 =0x0000000000000000, R9 =0x0000000000000000, R10=0x000007feacd60000, R11=0x0000000029c5c940
R12=0x00000000ffffff29, R13=0x0000000000000000, R14=0x000007feacf24308, R15=0x0000000029c6cc28
RIP=0x000007fefcb6be0d, EFLAGS=0x0000000000000206

Top of Stack: (sp=0x0000000029c5c900)
0x0000000029c5c900:   000007feacfa9fc0 000007feacf252c8
0x0000000029c5c910:   0000000029c5ca80 000007febb5ba1ae
0x0000000029c5c920:   00000001e06d7363 0000000000000000
0x0000000029c5c930:   000007fefcb6be0d 000007fe00000004
0x0000000029c5c940:   0000000019930520 0000000029c5ca80
0x0000000029c5c950:   000007feacfa9fc0 000007feacd60000
0x0000000029c5c960:   0000000000000002 0000000029c5c9e8
0x0000000029c5c970:   0000000000000000 0000000000000002
0x0000000029c5c980:   0000000023230c90 000007feacf24308
0x0000000029c5c990:   0000000029c5ca80 000007febb5ad306
0x0000000029c5c9a0:   000007feacf24308 0000000000000000
0x0000000029c5c9b0:   00000000ffffff29 0000000029c5ca80
0x0000000029c5c9c0:   000007feacf252c8 000007febb5aef63
0x0000000029c5c9d0:   000007feacfa9fc0 0000000029c5ca40
0x0000000029c5c9e0:   000007fe00000001 000007feacd60100
0x0000000029c5c9f0:   00000001e06d7363 0000000000000000 

Instructions: (pc=0x000007fefcb6be0d)
0x000007fefcb6bded:   54 24 24 48 89 4c 24 28 4d 85 c9 0f 85 8e 03 00
0x000007fefcb6bdfd:   00 89 4c 24 38 48 8d 4c 24 20 ff 15 93 e4 03 00
0x000007fefcb6be0d:   48 81 c4 c8 00 00 00 c3 90 90 90 90 90 90 90 90
0x000007fefcb6be1d:   90 90 90 48 83 ec 28 65 48 8b 04 25 30 00 00 00 


Stack slot to memory mapping:
stack at sp + 0 slots: 0x000007feacfa9fc0 opencv_core300.dll
stack at sp + 1 slots: 0x000007feacf252c8 opencv_core300.dll
stack at sp + 2 slots: 0x0000000029c5ca80 is pointing into the stack for thread: 0x0000000026b19000
stack at sp + 3 slots: 0x000007febb5ba1ae msvcr120.dll
stack at sp + 4 slots: 0x00000001e06d7363 is an unknown value
stack at sp + 5 slots: 0x0 is NULL
stack at sp + 6 slots: 0x000007fefcb6be0d KERNELBASE.dll
stack at sp + 7 slots: 0x000007fe00000004 is an unknown value


---------------  P R O C E S S  ---------------

Threads class SMR info:
_java_thread_list=0x000000002536d500, length=35, elements={
0x0000000020ea6000, 0x0000000020ea7800, 0x0000000021f95000, 0x0000000021f98000,
0x0000000021f99000, 0x0000000021f9c800, 0x0000000022810800, 0x00000000230b3800,
0x00000000230b6000, 0x00000000233b5800, 0x00000000235a3800, 0x000000002474c800,
0x00000000262a5000, 0x0000000024db0800, 0x0000000024fb6000, 0x0000000024fcc000,
0x0000000024b06000, 0x0000000024b06800, 0x0000000026b18000, 0x0000000026b19000,
0x0000000026b19800, 0x0000000026b1a800, 0x0000000026b1b800, 0x0000000026b1c000,
0x0000000026b1d000, 0x0000000026b1d800, 0x0000000026b1e800, 0x0000000026bf7800,
0x0000000026bf8800, 0x0000000026bf9000, 0x0000000026bfa000, 0x0000000026bfa800,
0x0000000026bfb800, 0x0000000026bfc800, 0x0000000026bfd000
}

Java Threads: ( => current thread )
  0x0000000020ea6000 JavaThread "Reference Handler" daemon [_thread_blocked, id=5460, stack(0x00000000221c0000,0x00000000222c0000)]
  0x0000000020ea7800 JavaThread "Finalizer" daemon [_thread_blocked, id=2748, stack(0x00000000222d0000,0x00000000223d0000)]
  0x0000000021f95000 JavaThread "Signal Dispatcher" daemon [_thread_blocked, id=6164, stack(0x0000000022490000,0x0000000022590000)]
  0x0000000021f98000 JavaThread "Attach Listener" daemon [_thread_blocked, id=7684, stack(0x00000000213e0000,0x00000000214e0000)]
  0x0000000021f99000 JavaThread "C1 CompilerThread0" daemon [_thread_blocked, id=2840, stack(0x00000000226e0000,0x00000000227e0000)]
  0x0000000021f9c800 JavaThread "Sweeper thread" daemon [_thread_blocked, id=8832, stack(0x00000000225e0000,0x00000000226e0000)]
  0x0000000022810800 JavaThread "Common-Cleaner" daemon [_thread_blocked, id=10352, stack(0x0000000022dd0000,0x0000000022ed0000)]
  0x00000000230b3800 JavaThread "Monitor Ctrl-Break" daemon [_thread_in_native, id=7764, stack(0x0000000023870000,0x0000000023970000)]
  0x00000000230b6000 JavaThread "Service Thread" daemon [_thread_blocked, id=12272, stack(0x0000000023a70000,0x0000000023b70000)]
  0x00000000233b5800 JavaThread "RMI TCP Accept-0" daemon [_thread_in_native, id=9412, stack(0x0000000023e80000,0x0000000023f80000)]
  0x00000000235a3800 JavaThread "RMI TCP Connection(idle)" daemon [_thread_blocked, id=9660, stack(0x0000000025960000,0x0000000025a60000)]
  0x000000002474c800 JavaThread "RMI Scheduler(0)" daemon [_thread_blocked, id=4868, stack(0x0000000025b50000,0x0000000025c50000)]
  0x00000000262a5000 JavaThread "mysql-cj-abandoned-connection-cleanup" daemon [_thread_blocked, id=6180, stack(0x0000000023fa0000,0x00000000240a0000)]
  0x0000000024db0800 JavaThread "MVStore background writer nio:C:/Users/Mati/Documents/Fuel-Scanner/fuel-scanner.mv.db" daemon [_thread_blocked, id=2848, stack(0x0000000027aa0000,0x0000000027ba0000)]
  0x0000000024fb6000 JavaThread "HikariPool-1 housekeeper" daemon [_thread_blocked, id=11628, stack(0x0000000027d80000,0x0000000027e80000)]
  0x0000000024fcc000 JavaThread "Catalina-utility-1" [_thread_blocked, id=5012, stack(0x0000000028090000,0x0000000028190000)]
  0x0000000024b06000 JavaThread "Catalina-utility-2" [_thread_blocked, id=10376, stack(0x0000000027c40000,0x0000000027d40000)]
  0x0000000024b06800 JavaThread "container-0" [_thread_blocked, id=9920, stack(0x00000000282f0000,0x00000000283f0000)]
  0x0000000026b18000 JavaThread "http-nio-8080-BlockPoller" daemon [_thread_in_native, id=1744, stack(0x0000000029970000,0x0000000029a70000)]
=>0x0000000026b19000 JavaThread "http-nio-8080-exec-1" daemon [_thread_in_native, id=2800, stack(0x0000000029b70000,0x0000000029c70000)]
  0x0000000026b19800 JavaThread "http-nio-8080-exec-2" daemon [_thread_blocked, id=7524, stack(0x0000000029cf0000,0x0000000029df0000)]
  0x0000000026b1a800 JavaThread "http-nio-8080-exec-3" daemon [_thread_blocked, id=5516, stack(0x0000000029f00000,0x000000002a000000)]
  0x0000000026b1b800 JavaThread "http-nio-8080-exec-4" daemon [_thread_blocked, id=4716, stack(0x00000000281e0000,0x00000000282e0000)]
  0x0000000026b1c000 JavaThread "http-nio-8080-exec-5" daemon [_thread_blocked, id=10976, stack(0x000000002a040000,0x000000002a140000)]
  0x0000000026b1d000 JavaThread "http-nio-8080-exec-6" daemon [_thread_blocked, id=11360, stack(0x0000000029a70000,0x0000000029b70000)]
  0x0000000026b1d800 JavaThread "http-nio-8080-exec-7" daemon [_thread_blocked, id=9632, stack(0x000000002a180000,0x000000002a280000)]
  0x0000000026b1e800 JavaThread "http-nio-8080-exec-8" daemon [_thread_blocked, id=8580, stack(0x000000002a2a0000,0x000000002a3a0000)]
  0x0000000026bf7800 JavaThread "http-nio-8080-exec-9" daemon [_thread_blocked, id=8396, stack(0x000000002a3e0000,0x000000002a4e0000)]
  0x0000000026bf8800 JavaThread "http-nio-8080-exec-10" daemon [_thread_blocked, id=1216, stack(0x000000002a640000,0x000000002a740000)]
  0x0000000026bf9000 JavaThread "http-nio-8080-ClientPoller" daemon [_thread_in_native, id=9212, stack(0x000000002a740000,0x000000002a840000)]
  0x0000000026bfa000 JavaThread "http-nio-8080-Acceptor" daemon [_thread_in_native, id=7596, stack(0x000000002a880000,0x000000002a980000)]
  0x0000000026bfa800 JavaThread "DestroyJavaVM" [_thread_blocked, id=8484, stack(0x00000000021a0000,0x00000000022a0000)]
  0x0000000026bfb800 JavaThread "RMI TCP Connection(4)-192.168.0.103" daemon [_thread_in_native, id=1556, stack(0x000000002a980000,0x000000002aa80000)]
  0x0000000026bfc800 JavaThread "RMI TCP Connection(idle)" daemon [_thread_blocked, id=6816, stack(0x000000002abb0000,0x000000002acb0000)]
  0x0000000026bfd000 JavaThread "Java2D Disposer" daemon [_thread_blocked, id=8568, stack(0x000000002a4f0000,0x000000002a5f0000)]

Other Threads:
  0x0000000020ea3800 VMThread "VM Thread" [stack: 0x0000000022070000,0x0000000022170000] [id=11016]
  0x00000000233f7000 WatcherThread [stack: 0x00000000240a0000,0x00000000241a0000] [id=9788]
  0x00000000004da000 GCTaskThread "GC Thread#0" [stack: 0x000000001eaa0000,0x000000001eba0000] [id=6264]
  0x0000000023412800 GCTaskThread "GC Thread#1" [stack: 0x0000000024220000,0x0000000024320000] [id=8560]
  0x0000000023410800 GCTaskThread "GC Thread#2" [stack: 0x0000000023d70000,0x0000000023e70000] [id=6744]
  0x00000000235c5800 GCTaskThread "GC Thread#3" [stack: 0x00000000245b0000,0x00000000246b0000] [id=9416]
  0x00000000004e7800 ConcurrentGCThread "G1 Main Marker" [stack: 0x000000001e980000,0x000000001ea80000] [id=8872]
  0x00000000004e9000 ConcurrentGCThread "G1 Conc#0" [stack: 0x000000001ecb0000,0x000000001edb0000] [id=1524]
  0x0000000020e37000 ConcurrentGCThread "G1 Refine#0" [stack: 0x00000000212c0000,0x00000000213c0000] [id=368]
  0x000000002294c800 ConcurrentGCThread "G1 Refine#1" [stack: 0x0000000023b80000,0x0000000023c80000] [id=11144]
  0x0000000020e38000 ConcurrentGCThread "G1 Young RemSet Sampling" [stack: 0x0000000021560000,0x0000000021660000] [id=1600]

Threads with active compile tasks:

VM state:not at safepoint (normal execution)

VM Mutex/Monitor currently owned by a thread: None

Heap address: 0x0000000081200000, size: 2030 MB, Compressed Oops mode: 32-bit
Narrow klass base: 0x0000000800000000, Narrow klass shift: 3
Compressed class space size: 1073741824 Address: 0x00000008011a0000

Heap:
 garbage-first heap   total 112640K, used 38667K [0x0000000081200000, 0x0000000100000000)
  region size 1024K, 11 young (11264K), 3 survivors (3072K)
 Metaspace       used 59912K, capacity 61628K, committed 61744K, reserved 1101824K
  class space    used 8096K, capacity 8734K, committed 8832K, reserved 1048576K
Heap Regions: E=young(eden), S=young(survivor), O=old, HS=humongous(starts), HC=humongous(continues), CS=collection set, F=free, A=archive, TAMS=top-at-mark-start (previous, next)
|   0|0x0000000081200000, 0x0000000081300000, 0x0000000081300000|100%|HS|  |TAMS 0x0000000081300000, 0x0000000081200000| Complete 
|   1|0x0000000081300000, 0x0000000081400000, 0x0000000081400000|100%| O|  |TAMS 0x0000000081400000, 0x0000000081300000| Untracked 
|   2|0x0000000081400000, 0x0000000081500000, 0x0000000081500000|100%| O|  |TAMS 0x0000000081500000, 0x0000000081400000| Untracked 
|   3|0x0000000081500000, 0x0000000081600000, 0x0000000081600000|100%| O|  |TAMS 0x0000000081600000, 0x0000000081500000| Untracked 
|   4|0x0000000081600000, 0x0000000081700000, 0x0000000081700000|100%| O|  |TAMS 0x0000000081700000, 0x0000000081600000| Untracked 
|   5|0x0000000081700000, 0x0000000081800000, 0x0000000081800000|100%| O|  |TAMS 0x0000000081800000, 0x0000000081700000| Untracked 
|   6|0x0000000081800000, 0x0000000081900000, 0x0000000081900000|100%| O|  |TAMS 0x0000000081900000, 0x0000000081800000| Untracked 
|   7|0x0000000081900000, 0x0000000081914600, 0x0000000081a00000|  7%| O|  |TAMS 0x0000000081914600, 0x0000000081900000| Untracked 
|   8|0x0000000081a00000, 0x0000000081b00000, 0x0000000081b00000|100%| O|  |TAMS 0x0000000081b00000, 0x0000000081a00000| Untracked 
|   9|0x0000000081b00000, 0x0000000081c00000, 0x0000000081c00000|100%| O|  |TAMS 0x0000000081c00000, 0x0000000081b00000| Untracked 
|  10|0x0000000081c00000, 0x0000000081d00000, 0x0000000081d00000|100%| O|  |TAMS 0x0000000081d00000, 0x0000000081c00000| Untracked 
|  11|0x0000000081d00000, 0x0000000081e00000, 0x0000000081e00000|100%| O|  |TAMS 0x0000000081e00000, 0x0000000081d00000| Untracked 
|  12|0x0000000081e00000, 0x0000000081f00000, 0x0000000081f00000|100%| O|  |TAMS 0x0000000081f00000, 0x0000000081e00000| Untracked 
|  13|0x0000000081f00000, 0x0000000082000000, 0x0000000082000000|100%| O|  |TAMS 0x0000000082000000, 0x0000000081f00000| Untracked 
|  14|0x0000000082000000, 0x0000000082100000, 0x0000000082100000|100%| O|  |TAMS 0x0000000082100000, 0x0000000082000000| Untracked 
|  15|0x0000000082100000, 0x0000000082200000, 0x0000000082200000|100%| O|  |TAMS 0x0000000082200000, 0x0000000082100000| Untracked 
|  16|0x0000000082200000, 0x0000000082300000, 0x0000000082300000|100%| O|  |TAMS 0x0000000082300000, 0x0000000082200000| Untracked 
|  17|0x0000000082300000, 0x0000000082400000, 0x0000000082400000|100%| O|  |TAMS 0x0000000082400000, 0x0000000082300000| Untracked 
|  18|0x0000000082400000, 0x0000000082500000, 0x0000000082500000|100%|HS|  |TAMS 0x0000000082500000, 0x0000000082400000| Complete 
|  19|0x0000000082500000, 0x0000000082600000, 0x0000000082600000|100%|HC|  |TAMS 0x0000000082600000, 0x0000000082500000| Complete 
|  20|0x0000000082600000, 0x0000000082700000, 0x0000000082700000|100%| O|  |TAMS 0x0000000082700000, 0x0000000082600000| Untracked 
|  21|0x0000000082700000, 0x0000000082800000, 0x0000000082800000|100%| O|  |TAMS 0x0000000082800000, 0x0000000082700000| Untracked 
|  22|0x0000000082800000, 0x0000000082900000, 0x0000000082900000|100%| O|  |TAMS 0x0000000082900000, 0x0000000082800000| Untracked 
|  23|0x0000000082900000, 0x0000000082a00000, 0x0000000082a00000|100%| O|  |TAMS 0x0000000082a00000, 0x0000000082900000| Untracked 
|  24|0x0000000082a00000, 0x0000000082b00000, 0x0000000082b00000|100%| O|  |TAMS 0x0000000082b00000, 0x0000000082a00000| Untracked 
|  25|0x0000000082b00000, 0x0000000082c00000, 0x0000000082c00000|100%| O|  |TAMS 0x0000000082c00000, 0x0000000082b00000| Untracked 
|  26|0x0000000082c00000, 0x0000000082d00000, 0x0000000082d00000|100%| O|  |TAMS 0x0000000082d00000, 0x0000000082c00000| Untracked 
|  27|0x0000000082d00000, 0x0000000082d00000, 0x0000000082e00000|  0%| F|  |TAMS 0x0000000082d00000, 0x0000000082d00000| Untracked 
|  28|0x0000000082e00000, 0x0000000082f00000, 0x0000000082f00000|100%| O|  |TAMS 0x0000000082f00000, 0x0000000082e00000| Untracked 
|  29|0x0000000082f00000, 0x0000000082fdcc00, 0x0000000083000000| 86%| O|  |TAMS 0x0000000082fdcc00, 0x0000000082f00000| Untracked 
|  30|0x0000000083000000, 0x0000000083000000, 0x0000000083100000|  0%| F|  |TAMS 0x0000000083000000, 0x0000000083000000| Untracked 
|  31|0x0000000083100000, 0x0000000083100000, 0x0000000083200000|  0%| F|  |TAMS 0x0000000083100000, 0x0000000083100000| Untracked 
|  32|0x0000000083200000, 0x0000000083200000, 0x0000000083300000|  0%| F|  |TAMS 0x0000000083200000, 0x0000000083200000| Untracked 
|  33|0x0000000083300000, 0x0000000083300000, 0x0000000083400000|  0%| F|  |TAMS 0x0000000083300000, 0x0000000083300000| Untracked 
|  34|0x0000000083400000, 0x0000000083400000, 0x0000000083500000|  0%| F|  |TAMS 0x0000000083400000, 0x0000000083400000| Untracked 
|  35|0x0000000083500000, 0x0000000083500000, 0x0000000083600000|  0%| F|  |TAMS 0x0000000083500000, 0x0000000083500000| Untracked 
|  36|0x0000000083600000, 0x0000000083600000, 0x0000000083700000|  0%| F|  |TAMS 0x0000000083600000, 0x0000000083600000| Untracked 
|  37|0x0000000083700000, 0x0000000083700000, 0x0000000083800000|  0%| F|  |TAMS 0x0000000083700000, 0x0000000083700000| Untracked 
|  38|0x0000000083800000, 0x0000000083800000, 0x0000000083900000|  0%| F|  |TAMS 0x0000000083800000, 0x0000000083800000| Untracked 
|  39|0x0000000083900000, 0x0000000083900000, 0x0000000083a00000|  0%| F|  |TAMS 0x0000000083900000, 0x0000000083900000| Untracked 
|  40|0x0000000083a00000, 0x0000000083a00000, 0x0000000083b00000|  0%| F|  |TAMS 0x0000000083a00000, 0x0000000083a00000| Untracked 
|  41|0x0000000083b00000, 0x0000000083b00000, 0x0000000083c00000|  0%| F|  |TAMS 0x0000000083b00000, 0x0000000083b00000| Untracked 
|  42|0x0000000083c00000, 0x0000000083c00000, 0x0000000083d00000|  0%| F|  |TAMS 0x0000000083c00000, 0x0000000083c00000| Untracked 
|  43|0x0000000083d00000, 0x0000000083d00000, 0x0000000083e00000|  0%| F|  |TAMS 0x0000000083d00000, 0x0000000083d00000| Untracked 
|  44|0x0000000083e00000, 0x0000000083e00000, 0x0000000083f00000|  0%| F|  |TAMS 0x0000000083e00000, 0x0000000083e00000| Untracked 
|  45|0x0000000083f00000, 0x0000000083f00000, 0x0000000084000000|  0%| F|  |TAMS 0x0000000083f00000, 0x0000000083f00000| Untracked 
|  46|0x0000000084000000, 0x0000000084000000, 0x0000000084100000|  0%| F|  |TAMS 0x0000000084000000, 0x0000000084000000| Untracked 
|  47|0x0000000084100000, 0x0000000084100000, 0x0000000084200000|  0%| F|  |TAMS 0x0000000084100000, 0x0000000084100000| Untracked 
|  48|0x0000000084200000, 0x0000000084200000, 0x0000000084300000|  0%| F|  |TAMS 0x0000000084200000, 0x0000000084200000| Untracked 
|  49|0x0000000084300000, 0x0000000084300000, 0x0000000084400000|  0%| F|  |TAMS 0x0000000084300000, 0x0000000084300000| Untracked 
|  50|0x0000000084400000, 0x0000000084400000, 0x0000000084500000|  0%| F|  |TAMS 0x0000000084400000, 0x0000000084400000| Untracked 
|  51|0x0000000084500000, 0x0000000084500000, 0x0000000084600000|  0%| F|  |TAMS 0x0000000084500000, 0x0000000084500000| Untracked 
|  52|0x0000000084600000, 0x0000000084600000, 0x0000000084700000|  0%| F|  |TAMS 0x0000000084600000, 0x0000000084600000| Untracked 
|  53|0x0000000084700000, 0x0000000084700000, 0x0000000084800000|  0%| F|  |TAMS 0x0000000084700000, 0x0000000084700000| Untracked 
|  54|0x0000000084800000, 0x0000000084800000, 0x0000000084900000|  0%| F|  |TAMS 0x0000000084800000, 0x0000000084800000| Untracked 
|  55|0x0000000084900000, 0x0000000084900000, 0x0000000084a00000|  0%| F|  |TAMS 0x0000000084900000, 0x0000000084900000| Untracked 
|  56|0x0000000084a00000, 0x0000000084a00000, 0x0000000084b00000|  0%| F|  |TAMS 0x0000000084a00000, 0x0000000084a00000| Untracked 
|  57|0x0000000084b00000, 0x0000000084b00000, 0x0000000084c00000|  0%| F|  |TAMS 0x0000000084b00000, 0x0000000084b00000| Untracked 
|  58|0x0000000084c00000, 0x0000000084c00000, 0x0000000084d00000|  0%| F|  |TAMS 0x0000000084c00000, 0x0000000084c00000| Untracked 
|  59|0x0000000084d00000, 0x0000000084d00000, 0x0000000084e00000|  0%| F|  |TAMS 0x0000000084d00000, 0x0000000084d00000| Untracked 
|  60|0x0000000084e00000, 0x0000000084e00000, 0x0000000084f00000|  0%| F|  |TAMS 0x0000000084e00000, 0x0000000084e00000| Untracked 
|  61|0x0000000084f00000, 0x0000000084f00000, 0x0000000085000000|  0%| F|  |TAMS 0x0000000084f00000, 0x0000000084f00000| Untracked 
|  62|0x0000000085000000, 0x0000000085000000, 0x0000000085100000|  0%| F|  |TAMS 0x0000000085000000, 0x0000000085000000| Untracked 
|  63|0x0000000085100000, 0x0000000085100000, 0x0000000085200000|  0%| F|  |TAMS 0x0000000085100000, 0x0000000085100000| Untracked 
|  64|0x0000000085200000, 0x0000000085200000, 0x0000000085300000|  0%| F|  |TAMS 0x0000000085200000, 0x0000000085200000| Untracked 
|  65|0x0000000085300000, 0x0000000085300000, 0x0000000085400000|  0%| F|  |TAMS 0x0000000085300000, 0x0000000085300000| Untracked 
|  66|0x0000000085400000, 0x0000000085400000, 0x0000000085500000|  0%| F|  |TAMS 0x0000000085400000, 0x0000000085400000| Untracked 
|  67|0x0000000085500000, 0x0000000085500000, 0x0000000085600000|  0%| F|  |TAMS 0x0000000085500000, 0x0000000085500000| Untracked 
|  68|0x0000000085600000, 0x0000000085600000, 0x0000000085700000|  0%| F|  |TAMS 0x0000000085600000, 0x0000000085600000| Untracked 
|  69|0x0000000085700000, 0x0000000085700000, 0x0000000085800000|  0%| F|  |TAMS 0x0000000085700000, 0x0000000085700000| Untracked 
|  70|0x0000000085800000, 0x0000000085800000, 0x0000000085900000|  0%| F|  |TAMS 0x0000000085800000, 0x0000000085800000| Untracked 
|  71|0x0000000085900000, 0x0000000085900000, 0x0000000085a00000|  0%| F|  |TAMS 0x0000000085900000, 0x0000000085900000| Untracked 
|  72|0x0000000085a00000, 0x0000000085a00000, 0x0000000085b00000|  0%| F|  |TAMS 0x0000000085a00000, 0x0000000085a00000| Untracked 
|  73|0x0000000085b00000, 0x0000000085b00000, 0x0000000085c00000|  0%| F|  |TAMS 0x0000000085b00000, 0x0000000085b00000| Untracked 
|  74|0x0000000085c00000, 0x0000000085c00000, 0x0000000085d00000|  0%| F|  |TAMS 0x0000000085c00000, 0x0000000085c00000| Untracked 
|  75|0x0000000085d00000, 0x0000000085d00000, 0x0000000085e00000|  0%| F|  |TAMS 0x0000000085d00000, 0x0000000085d00000| Untracked 
|  76|0x0000000085e00000, 0x0000000085e00000, 0x0000000085f00000|  0%| F|  |TAMS 0x0000000085e00000, 0x0000000085e00000| Untracked 
|  77|0x0000000085f00000, 0x0000000085f00000, 0x0000000086000000|  0%| F|  |TAMS 0x0000000085f00000, 0x0000000085f00000| Untracked 
|  78|0x0000000086000000, 0x0000000086000000, 0x0000000086100000|  0%| F|  |TAMS 0x0000000086000000, 0x0000000086000000| Untracked 
|  79|0x0000000086100000, 0x0000000086100000, 0x0000000086200000|  0%| F|  |TAMS 0x0000000086100000, 0x0000000086100000| Untracked 
|  80|0x0000000086200000, 0x0000000086200000, 0x0000000086300000|  0%| F|  |TAMS 0x0000000086200000, 0x0000000086200000| Untracked 
|  81|0x0000000086300000, 0x0000000086300000, 0x0000000086400000|  0%| F|  |TAMS 0x0000000086300000, 0x0000000086300000| Untracked 
|  82|0x0000000086400000, 0x0000000086400000, 0x0000000086500000|  0%| F|  |TAMS 0x0000000086400000, 0x0000000086400000| Untracked 
|  83|0x0000000086500000, 0x0000000086500000, 0x0000000086600000|  0%| F|  |TAMS 0x0000000086500000, 0x0000000086500000| Untracked 
|  84|0x0000000086600000, 0x0000000086600000, 0x0000000086700000|  0%| F|  |TAMS 0x0000000086600000, 0x0000000086600000| Untracked 
|  85|0x0000000086700000, 0x0000000086700000, 0x0000000086800000|  0%| F|  |TAMS 0x0000000086700000, 0x0000000086700000| Untracked 
|  86|0x0000000086800000, 0x0000000086800000, 0x0000000086900000|  0%| F|  |TAMS 0x0000000086800000, 0x0000000086800000| Untracked 
|  87|0x0000000086900000, 0x0000000086900000, 0x0000000086a00000|  0%| F|  |TAMS 0x0000000086900000, 0x0000000086900000| Untracked 
|  88|0x0000000086a00000, 0x0000000086a00000, 0x0000000086b00000|  0%| F|  |TAMS 0x0000000086a00000, 0x0000000086a00000| Untracked 
|  89|0x0000000086b00000, 0x0000000086b00000, 0x0000000086c00000|  0%| F|  |TAMS 0x0000000086b00000, 0x0000000086b00000| Untracked 
|  90|0x0000000086c00000, 0x0000000086c00000, 0x0000000086d00000|  0%| F|  |TAMS 0x0000000086c00000, 0x0000000086c00000| Untracked 
|  91|0x0000000086d00000, 0x0000000086d00000, 0x0000000086e00000|  0%| F|  |TAMS 0x0000000086d00000, 0x0000000086d00000| Untracked 
|  92|0x0000000086e00000, 0x0000000086e00000, 0x0000000086f00000|  0%| F|  |TAMS 0x0000000086e00000, 0x0000000086e00000| Untracked 
|  93|0x0000000086f00000, 0x0000000086f00000, 0x0000000087000000|  0%| F|  |TAMS 0x0000000086f00000, 0x0000000086f00000| Untracked 
|  94|0x0000000087000000, 0x0000000087000000, 0x0000000087100000|  0%| F|  |TAMS 0x0000000087000000, 0x0000000087000000| Untracked 
|  95|0x0000000087100000, 0x0000000087100000, 0x0000000087200000|  0%| F|  |TAMS 0x0000000087100000, 0x0000000087100000| Untracked 
|  96|0x0000000087200000, 0x0000000087200000, 0x0000000087300000|  0%| F|  |TAMS 0x0000000087200000, 0x0000000087200000| Untracked 
|  97|0x0000000087300000, 0x0000000087300000, 0x0000000087400000|  0%| F|  |TAMS 0x0000000087300000, 0x0000000087300000| Untracked 
|  98|0x0000000087400000, 0x0000000087400000, 0x0000000087500000|  0%| F|  |TAMS 0x0000000087400000, 0x0000000087400000| Untracked 
|  99|0x0000000087500000, 0x00000000875635b8, 0x0000000087600000| 38%| E|  |TAMS 0x0000000087500000, 0x0000000087500000| Complete 
| 100|0x0000000087600000, 0x0000000087700000, 0x0000000087700000|100%| E|CS|TAMS 0x0000000087600000, 0x0000000087600000| Complete 
| 101|0x0000000087700000, 0x00000000877d1ac0, 0x0000000087800000| 81%| S|CS|TAMS 0x0000000087700000, 0x0000000087700000| Complete 
| 102|0x0000000087800000, 0x0000000087900000, 0x0000000087900000|100%| S|CS|TAMS 0x0000000087800000, 0x0000000087800000| Complete 
| 103|0x0000000087900000, 0x0000000087a00000, 0x0000000087a00000|100%| S|CS|TAMS 0x0000000087900000, 0x0000000087900000| Complete 
| 104|0x0000000087a00000, 0x0000000087b00000, 0x0000000087b00000|100%| E|CS|TAMS 0x0000000087a00000, 0x0000000087a00000| Complete 
| 151|0x000000008a900000, 0x000000008aa00000, 0x000000008aa00000|100%| E|CS|TAMS 0x000000008a900000, 0x000000008a900000| Complete 
| 152|0x000000008aa00000, 0x000000008ab00000, 0x000000008ab00000|100%| E|CS|TAMS 0x000000008aa00000, 0x000000008aa00000| Complete 
| 153|0x000000008ab00000, 0x000000008ac00000, 0x000000008ac00000|100%| E|CS|TAMS 0x000000008ab00000, 0x000000008ab00000| Complete 
| 154|0x000000008ac00000, 0x000000008ad00000, 0x000000008ad00000|100%| E|CS|TAMS 0x000000008ac00000, 0x000000008ac00000| Complete 
| 175|0x000000008c100000, 0x000000008c200000, 0x000000008c200000|100%| E|CS|TAMS 0x000000008c100000, 0x000000008c100000| Complete 

Card table byte_map: [0x000000001a200000,0x000000001a600000] _byte_map_base: 0x0000000019df7000

Marking Bits (Prev, Next): (CMBitMap*) 0x00000000004dada8, (CMBitMap*) 0x00000000004dad68
 Prev Bits: [0x000000001c9c0000, 0x000000001e978000)
 Next Bits: [0x000000001aa00000, 0x000000001c9b8000)

Polling page: 0x0000000000330000

Metaspace:

Usage:
  Non-class:     51.65 MB capacity,    50.60 MB ( 98%) used,   876.82 KB (  2%) free+waste,   201.06 KB ( <1%) overhead. 
      Class:      8.53 MB capacity,     7.91 MB ( 93%) used,   540.86 KB (  6%) free+waste,    96.81 KB (  1%) overhead. 
       Both:     60.18 MB capacity,    58.51 MB ( 97%) used,     1.38 MB (  2%) free+waste,   297.88 KB ( <1%) overhead. 

Virtual space:
  Non-class space:       52.00 MB reserved,      51.67 MB (>99%) committed 
      Class space:        1.00 GB reserved,       8.63 MB ( <1%) committed 
             Both:        1.05 GB reserved,      60.30 MB (  6%) committed 

Chunk freelists:
   Non-Class:  2.25 KB
       Class:  256 bytes
        Both:  2.50 KB

CodeHeap 'non-profiled nmethods': size=238912Kb used=10493Kb max_used=10584Kb free=228418Kb
 bounds [0x000000000b290000, 0x000000000bcf0000, 0x0000000019be0000]
CodeHeap 'non-nmethods': size=6848Kb used=1345Kb max_used=1345Kb free=5502Kb
 bounds [0x000000000abe0000, 0x000000000ae50000, 0x000000000b290000]
 total_blobs=7039 nmethods=6183 adapters=681
 compilation: enabled
              stopped_count=0, restarted_count=0
 full_count=0

Compilation events (10 events):
Event: 46.138 Thread 0x0000000021f99000 6263       1       java.net.URI::appendFragment (27 bytes)
Event: 46.138 Thread 0x0000000021f99000 nmethod 6263 0x000000000b613290 code [0x000000000b613460, 0x000000000b613630]
Event: 46.149 Thread 0x0000000021f99000 6264       1       java.lang.StackTraceElement::getClassName (5 bytes)
Event: 46.149 Thread 0x0000000021f99000 nmethod 6264 0x000000000b502a10 code [0x000000000b502bc0, 0x000000000b502cf8]
Event: 46.149 Thread 0x0000000021f99000 6265   !   1       com.sun.proxy.$Proxy129::value (29 bytes)
Event: 46.150 Thread 0x0000000021f99000 nmethod 6265 0x000000000b612d10 code [0x000000000b612ee0, 0x000000000b613140]
Event: 46.153 Thread 0x0000000021f99000 6266       1       org.bytedeco.javacpp.tools.Logger::isDebugEnabled (2 bytes)
Event: 46.153 Thread 0x0000000021f99000 nmethod 6266 0x000000000b612990 code [0x000000000b612b40, 0x000000000b612c78]
Event: 46.159 Thread 0x0000000021f99000 6267       1       java.lang.ClassLoader::findNative (81 bytes)
Event: 46.159 Thread 0x0000000021f99000 nmethod 6267 0x000000000b612290 code [0x000000000b6124c0, 0x000000000b6127c0]

GC Heap History (10 events):
Event: 8.029 GC heap before
{Heap before GC invocations=20 (full 0):
 garbage-first heap   total 96256K, used 69160K [0x0000000081200000, 0x0000000100000000)
  region size 1024K, 47 young (48128K), 4 survivors (4096K)
 Metaspace       used 48466K, capacity 49903K, committed 50096K, reserved 1091584K
  class space    used 6630K, capacity 7165K, committed 7168K, reserved 1048576K
}
Event: 8.035 GC heap after
{Heap after GC invocations=21 (full 0):
 garbage-first heap   total 96256K, used 26458K [0x0000000081200000, 0x0000000100000000)
  region size 1024K, 5 young (5120K), 5 survivors (5120K)
 Metaspace       used 48466K, capacity 49903K, committed 50096K, reserved 1091584K
  class space    used 6630K, capacity 7165K, committed 7168K, reserved 1048576K
}
Event: 8.654 GC heap before
{Heap before GC invocations=21 (full 0):
 garbage-first heap   total 96256K, used 71514K [0x0000000081200000, 0x0000000100000000)
  region size 1024K, 49 young (50176K), 5 survivors (5120K)
 Metaspace       used 50981K, capacity 52477K, committed 52528K, reserved 1093632K
  class space    used 6978K, capacity 7551K, committed 7552K, reserved 1048576K
}
Event: 8.664 GC heap after
{Heap after GC invocations=22 (full 0):
 garbage-first heap   total 96256K, used 28844K [0x0000000081200000, 0x0000000100000000)
  region size 1024K, 6 young (6144K), 6 survivors (6144K)
 Metaspace       used 50981K, capacity 52477K, committed 52528K, reserved 1093632K
  class space    used 6978K, capacity 7551K, committed 7552K, reserved 1048576K
}
Event: 9.146 GC heap before
{Heap before GC invocations=22 (full 0):
 garbage-first heap   total 96256K, used 72876K [0x0000000081200000, 0x0000000100000000)
  region size 1024K, 49 young (50176K), 6 survivors (6144K)
 Metaspace       used 53741K, capacity 55335K, committed 55600K, reserved 1097728K
  class space    used 7382K, capacity 7991K, committed 8064K, reserved 1048576K
}
Event: 9.159 GC heap after
{Heap after GC invocations=23 (full 0):
 garbage-first heap   total 96256K, used 30150K [0x0000000081200000, 0x0000000100000000)
  region size 1024K, 4 young (4096K), 4 survivors (4096K)
 Metaspace       used 53741K, capacity 55335K, committed 55600K, reserved 1097728K
  class space    used 7382K, capacity 7991K, committed 8064K, reserved 1048576K
}
Event: 44.528 GC heap before
{Heap before GC invocations=23 (full 0):
 garbage-first heap   total 96256K, used 74182K [0x0000000081200000, 0x0000000100000000)
  region size 1024K, 47 young (48128K), 4 survivors (4096K)
 Metaspace       used 57819K, capacity 59481K, committed 59696K, reserved 1099776K
  class space    used 7842K, capacity 8489K, committed 8576K, reserved 1048576K
}
Event: 44.537 GC heap after
{Heap after GC invocations=24 (full 0):
 garbage-first heap   total 115712K, used 32282K [0x0000000081200000, 0x0000000100000000)
  region size 1024K, 3 young (3072K), 3 survivors (3072K)
 Metaspace       used 57819K, capacity 59481K, committed 59696K, reserved 1099776K
  class space    used 7842K, capacity 8489K, committed 8576K, reserved 1048576K
}
Event: 45.735 GC heap before
{Heap before GC invocations=24 (full 0):
 garbage-first heap   total 115712K, used 41498K [0x0000000081200000, 0x0000000100000000)
  region size 1024K, 12 young (12288K), 3 survivors (3072K)
 Metaspace       used 58484K, capacity 60156K, committed 60208K, reserved 1101824K
  class space    used 7911K, capacity 8542K, committed 8576K, reserved 1048576K
}
Event: 45.742 GC heap after
{Heap after GC invocations=25 (full 0):
 garbage-first heap   total 115712K, used 31499K [0x0000000081200000, 0x0000000100000000)
  region size 1024K, 3 young (3072K), 3 survivors (3072K)
 Metaspace       used 58484K, capacity 60156K, committed 60208K, reserved 1101824K
  class space    used 7911K, capacity 8542K, committed 8576K, reserved 1048576K
}

Deoptimization events (0 events):
No events

Classes redefined (0 events):
No events

Internal exceptions (10 events):
Event: 8.393 Thread 0x000000000049c800 Exception <a 'java/lang/ClassNotFoundException'{0x0000000085745b38}: org/springframework/beans/factory/AwareCustomizer> (0x0000000085745b38) thrown at [t:/workspace/open/src/hotspot/share/classfile/systemDictionary.cpp, line 235]
Event: 8.584 Thread 0x000000000049c800 Exception <a 'java/lang/NoSuchMethodError'{0x00000000849911f8}: java.lang.invoke.DirectMethodHandle$Holder.invokeInterface(Ljava/lang/Object;Ljava/lang/Object;Ljava/lang/Object;Ljava/lang/Object;)Ljava/lang/Object;> (0x00000000849911f8) thrown at [t:/work
Event: 8.710 Thread 0x000000000049c800 Exception <a 'java/lang/NoSuchMethodError'{0x000000008aba07c8}: java.lang.invoke.DirectMethodHandle$Holder.invokeVirtual(Ljava/lang/Object;Ljava/lang/Object;I)V> (0x000000008aba07c8) thrown at [t:/workspace/open/src/hotspot/share/interpreter/linkResolver.
Event: 8.780 Thread 0x000000000049c800 Exception <a 'java/lang/IncompatibleClassChangeError'{0x0000000086386768}: Found class java.lang.Object, but interface was expected> (0x0000000086386768) thrown at [t:/workspace/open/src/hotspot/share/interpreter/linkResolver.cpp, line 843]
Event: 8.807 Thread 0x000000000049c800 Exception <a 'java/lang/NoSuchMethodError'{0x00000000861a7f70}: java.lang.invoke.DirectMethodHandle$Holder.invokeStaticInit(Ljava/lang/Object;Ljava/lang/Object;Ljava/lang/Object;Ljava/lang/Object;)I> (0x00000000861a7f70) thrown at [t:/workspace/open/src/h
Event: 44.002 Thread 0x0000000026b19000 Exception <a 'java/lang/ClassNotFoundException'{0x0000000084e83330}: sun/awt/resources/spi/awtProvider> (0x0000000084e83330) thrown at [t:/workspace/open/src/hotspot/share/classfile/systemDictionary.cpp, line 235]
Event: 44.008 Thread 0x0000000026b19000 Exception <a 'java/io/FileNotFoundException'{0x0000000084ea4228}> (0x0000000084ea4228) thrown at [t:/workspace/open/src/hotspot/share/prims/jni.cpp, line 615]
Event: 44.008 Thread 0x0000000026b19000 Exception <a 'java/io/FileNotFoundException'{0x0000000084ea6520}> (0x0000000084ea6520) thrown at [t:/workspace/open/src/hotspot/share/prims/jni.cpp, line 615]
Event: 45.683 Thread 0x0000000026b19000 Exception <a 'java/lang/ClassNotFoundException'{0x000000008acca0d0}: java/lang/ObjectCustomizer> (0x000000008acca0d0) thrown at [t:/workspace/open/src/hotspot/share/classfile/systemDictionary.cpp, line 235]
Event: 45.684 Thread 0x0000000026b19000 Exception <a 'java/lang/ClassNotFoundException'{0x000000008acea408}: zpo/project/fuelscanner/model/ReceiptCustomizer> (0x000000008acea408) thrown at [t:/workspace/open/src/hotspot/share/classfile/systemDictionary.cpp, line 235]

Events (10 events):
Event: 46.133 loading class org/bytedeco/javacv/FrameConverter
Event: 46.133 loading class org/bytedeco/javacv/FrameConverter done
Event: 46.133 loading class org/bytedeco/javacv/Frame
Event: 46.133 loading class org/bytedeco/javacv/Frame done
Event: 46.135 loading class org/bytedeco/javacpp/Pointer$2
Event: 46.135 loading class org/bytedeco/javacpp/Pointer$2 done
Event: 46.137 loading class org/bytedeco/javacpp/annotation/Name
Event: 46.137 loading class org/bytedeco/javacpp/annotation/Name done
Event: 46.143 loading class org/bytedeco/javacpp/helper/opencv_core$AbstractCvMemStorage$ReleaseDeallocator
Event: 46.143 loading class org/bytedeco/javacpp/helper/opencv_core$AbstractCvMemStorage$ReleaseDeallocator done


Dynamic libraries:
0x000000013f0e0000 - 0x000000013f0ef000 	C:\Program Files\Java\jdk-12.0.1\bin\java.exe
0x0000000076ef0000 - 0x000000007708f000 	C:\Windows\SYSTEM32\ntdll.dll
0x000007fed7d80000 - 0x000007fed7d94000 	C:\Program Files\AVAST Software\Avast\aswhook.dll
0x0000000076dd0000 - 0x0000000076eef000 	C:\Windows\system32\kernel32.dll
0x000007fefcb60000 - 0x000007fefcbca000 	C:\Windows\system32\KERNELBASE.dll
0x000007fef7090000 - 0x000007fef70a8000 	C:\Program Files\Java\jdk-12.0.1\bin\jli.dll
0x000007fefed10000 - 0x000007fefedeb000 	C:\Windows\system32\ADVAPI32.dll
0x000007fefef80000 - 0x000007feff01f000 	C:\Windows\system32\msvcrt.dll
0x000007fefce10000 - 0x000007fefce2f000 	C:\Windows\SYSTEM32\sechost.dll
0x000007feff080000 - 0x000007feff1ad000 	C:\Windows\system32\RPCRT4.dll
0x000007fefaed0000 - 0x000007fefb0c4000 	C:\Windows\WinSxS\amd64_microsoft.windows.common-controls_6595b64144ccf1df_6.0.7601.18837_none_fa3b1e3d17594757\COMCTL32.dll
0x000007fefe070000 - 0x000007fefe0d7000 	C:\Windows\system32\GDI32.dll
0x0000000076cd0000 - 0x0000000076dca000 	C:\Windows\system32\USER32.dll
0x000007fefce00000 - 0x000007fefce0e000 	C:\Windows\system32\LPK.dll
0x000007fefec30000 - 0x000007fefecfb000 	C:\Windows\system32\USP10.dll
0x000007fefdff0000 - 0x000007fefe061000 	C:\Windows\system32\SHLWAPI.dll
0x000007fefc970000 - 0x000007fefc97c000 	C:\Windows\system32\VERSION.dll
0x000007fef17b0000 - 0x000007fef17c6000 	C:\Program Files\Java\jdk-12.0.1\bin\VCRUNTIME140.dll
0x000007fef7bb0000 - 0x000007fef7bb4000 	C:\Program Files\Java\jdk-12.0.1\bin\api-ms-win-crt-runtime-l1-1-0.dll
0x000007fef0b70000 - 0x000007fef0c66000 	C:\Program Files\Java\jdk-12.0.1\bin\ucrtbase.DLL
0x000007fefb880000 - 0x000007fefb883000 	C:\Program Files\Java\jdk-12.0.1\bin\api-ms-win-core-localization-l1-2-0.dll
0x000007fef7080000 - 0x000007fef7083000 	C:\Program Files\Java\jdk-12.0.1\bin\api-ms-win-core-processthreads-l1-1-1.dll
0x000007fef1780000 - 0x000007fef1783000 	C:\Program Files\Java\jdk-12.0.1\bin\api-ms-win-core-file-l1-2-0.dll
0x000007fef1770000 - 0x000007fef1773000 	C:\Program Files\Java\jdk-12.0.1\bin\api-ms-win-core-timezone-l1-1-0.dll
0x000007fef1170000 - 0x000007fef1173000 	C:\Program Files\Java\jdk-12.0.1\bin\api-ms-win-core-file-l2-1-0.dll
0x000007fef1160000 - 0x000007fef1163000 	C:\Program Files\Java\jdk-12.0.1\bin\api-ms-win-core-synch-l1-2-0.dll
0x000007fef1150000 - 0x000007fef1154000 	C:\Program Files\Java\jdk-12.0.1\bin\api-ms-win-crt-string-l1-1-0.dll
0x000007fef1140000 - 0x000007fef1143000 	C:\Program Files\Java\jdk-12.0.1\bin\api-ms-win-crt-heap-l1-1-0.dll
0x000007fef1130000 - 0x000007fef1134000 	C:\Program Files\Java\jdk-12.0.1\bin\api-ms-win-crt-stdio-l1-1-0.dll
0x000007fef1120000 - 0x000007fef1124000 	C:\Program Files\Java\jdk-12.0.1\bin\api-ms-win-crt-convert-l1-1-0.dll
0x000007fef1110000 - 0x000007fef1113000 	C:\Program Files\Java\jdk-12.0.1\bin\api-ms-win-crt-environment-l1-1-0.dll
0x000007fef1100000 - 0x000007fef1103000 	C:\Program Files\Java\jdk-12.0.1\bin\api-ms-win-crt-filesystem-l1-1-0.dll
0x000007fef10f0000 - 0x000007fef10f5000 	C:\Program Files\Java\jdk-12.0.1\bin\api-ms-win-crt-math-l1-1-0.dll
0x000007fef10e0000 - 0x000007fef10e3000 	C:\Program Files\Java\jdk-12.0.1\bin\api-ms-win-crt-locale-l1-1-0.dll
0x000007feff1b0000 - 0x000007feff1de000 	C:\Windows\system32\IMM32.DLL
0x000007fefd150000 - 0x000007fefd259000 	C:\Windows\system32\MSCTF.dll
0x000007fefc980000 - 0x000007fefc9b0000 	C:\Windows\system32\nvinitx.dll
0x0000000073440000 - 0x0000000073446000 	C:\Program Files\NVIDIA Corporation\CoProcManager\detoured.dll
0x000007fef9900000 - 0x000007fef9938000 	C:\Program Files\NVIDIA Corporation\CoProcManager\nvd3d9wrapx.dll
0x000007fefe1c0000 - 0x000007fefe397000 	C:\Windows\system32\SETUPAPI.dll
0x000007fefcb00000 - 0x000007fefcb36000 	C:\Windows\system32\CFGMGR32.dll
0x000007fefe0e0000 - 0x000007fefe1ba000 	C:\Windows\system32\OLEAUT32.dll
0x000007fefceb0000 - 0x000007fefd0af000 	C:\Windows\system32\ole32.dll
0x000007fefcd70000 - 0x000007fefcd8a000 	C:\Windows\system32\DEVOBJ.dll
0x000007fef98d0000 - 0x000007fef98f4000 	C:\Program Files\NVIDIA Corporation\CoProcManager\nvdxgiwrapx.dll
0x000007fef0ce0000 - 0x000007fef0d8a000 	C:\Program Files\Java\jdk-12.0.1\bin\msvcp140.dll
0x000007fef10b0000 - 0x000007fef10b5000 	C:\Program Files\Java\jdk-12.0.1\bin\api-ms-win-crt-multibyte-l1-1-0.dll
0x000007fef1070000 - 0x000007fef1073000 	C:\Program Files\Java\jdk-12.0.1\bin\api-ms-win-crt-time-l1-1-0.dll
0x000007fef1060000 - 0x000007fef1063000 	C:\Program Files\Java\jdk-12.0.1\bin\api-ms-win-crt-utility-l1-1-0.dll
0x000007feadbe0000 - 0x000007feae754000 	C:\Program Files\Java\jdk-12.0.1\bin\server\jvm.dll
0x000007fef7550000 - 0x000007fef7559000 	C:\Windows\system32\WSOCK32.dll
0x000007fefe870000 - 0x000007fefe8bd000 	C:\Windows\system32\WS2_32.dll
0x000007fefed00000 - 0x000007fefed08000 	C:\Windows\system32\NSI.dll
0x000007fef2be0000 - 0x000007fef2c1b000 	C:\Windows\system32\WINMM.dll
0x0000000077090000 - 0x0000000077097000 	C:\Windows\system32\PSAPI.DLL
0x000007fef1040000 - 0x000007fef1051000 	C:\Program Files\Java\jdk-12.0.1\bin\verify.dll
0x000007fef66e0000 - 0x000007fef6805000 	C:\Windows\system32\DBGHELP.DLL
0x000007fef1010000 - 0x000007fef1036000 	C:\Program Files\Java\jdk-12.0.1\bin\java.dll
0x000007fefaad0000 - 0x000007fefaade000 	C:\Program Files\Java\jdk-12.0.1\bin\instrument.dll
0x000007fef0f70000 - 0x000007fef0f87000 	C:\Program Files\Java\jdk-12.0.1\bin\zip.dll
0x000007fef0f60000 - 0x000007fef0f6a000 	C:\Program Files\Java\jdk-12.0.1\bin\jimage.dll
0x000007fefd260000 - 0x000007fefdfea000 	C:\Windows\system32\SHELL32.dll
0x000007fefca50000 - 0x000007fefca5f000 	C:\Windows\system32\profapi.dll
0x000007fef0f40000 - 0x000007fef0f59000 	C:\Program Files\Java\jdk-12.0.1\bin\net.dll
0x000007fef68d0000 - 0x000007fef6941000 	C:\Windows\system32\WINHTTP.dll
0x000007fef6860000 - 0x000007fef68c5000 	C:\Windows\system32\webio.dll
0x000007fefedf0000 - 0x000007fefef78000 	C:\Windows\system32\urlmon.dll
0x000007fefcbe0000 - 0x000007fefcbe4000 	C:\Windows\system32\api-ms-win-downlevel-ole32-l1-1-0.dll
0x000007fefcbd0000 - 0x000007fefcbd4000 	C:\Windows\system32\api-ms-win-downlevel-shlwapi-l1-1-0.dll
0x000007fefcb40000 - 0x000007fefcb45000 	C:\Windows\system32\api-ms-win-downlevel-advapi32-l1-1-0.dll
0x000007fefcdf0000 - 0x000007fefcdf4000 	C:\Windows\system32\api-ms-win-downlevel-user32-l1-1-0.dll
0x00000000003c0000 - 0x00000000003c4000 	C:\Windows\system32\api-ms-win-downlevel-version-l1-1-0.dll
0x000007fefcbf0000 - 0x000007fefcbf3000 	C:\Windows\system32\api-ms-win-downlevel-normaliz-l1-1-0.dll
0x00000000770a0000 - 0x00000000770a3000 	C:\Windows\system32\normaliz.DLL
0x000007fefe8c0000 - 0x000007fefeb8a000 	C:\Windows\system32\iertutil.dll
0x000007fefe3a0000 - 0x000007fefe84c000 	C:\Windows\system32\WININET.dll
0x000007fefcd90000 - 0x000007fefcdae000 	C:\Windows\system32\USERENV.dll
0x000007fefc180000 - 0x000007fefc1d5000 	C:\Windows\system32\mswsock.dll
0x000007fefc170000 - 0x000007fefc177000 	C:\Windows\System32\wship6.dll
0x000007fef0f20000 - 0x000007fef0f33000 	C:\Program Files\Java\jdk-12.0.1\bin\nio.dll
0x000007fef1230000 - 0x000007fef124a000 	C:\Program Files\JetBrains\IntelliJ IDEA 2019.1.1\bin\breakgen64.dll
0x000007fefbbb0000 - 0x000007fefbbb7000 	C:\Windows\System32\wshtcpip.dll
0x000007fefc000000 - 0x000007fefc05b000 	C:\Windows\system32\DNSAPI.dll
0x000007fefa0b0000 - 0x000007fefa0d7000 	C:\Windows\system32\IPHLPAPI.DLL
0x000007fefa0a0000 - 0x000007fefa0ab000 	C:\Windows\system32\WINNSI.DLL
0x000007fef0080000 - 0x000007fef0088000 	C:\Windows\system32\rasadhlp.dll
0x000007fef7b30000 - 0x000007fef7b83000 	C:\Windows\System32\fwpuclnt.dll
0x000007fef0b60000 - 0x000007fef0b69000 	C:\Program Files\Java\jdk-12.0.1\bin\management.dll
0x000007fef0b50000 - 0x000007fef0b5c000 	C:\Program Files\Java\jdk-12.0.1\bin\management_ext.dll
0x000007fefc1e0000 - 0x000007fefc1f8000 	C:\Windows\system32\CRYPTSP.dll
0x000007fefbee0000 - 0x000007fefbf27000 	C:\Windows\system32\rsaenh.dll
0x000007fefc8a0000 - 0x000007fefc8af000 	C:\Windows\system32\CRYPTBASE.dll
0x000007fef7ab0000 - 0x000007fef7ac8000 	C:\Windows\system32\dhcpcsvc.DLL
0x000007fef7a90000 - 0x000007fef7aa1000 	C:\Windows\system32\dhcpcsvc6.DLL
0x000007fefb130000 - 0x000007fefb145000 	C:\Windows\system32\NLAapi.dll
0x000007fee7d40000 - 0x000007fee7d55000 	C:\Windows\system32\napinsp.dll
0x000007fee7d20000 - 0x000007fee7d39000 	C:\Windows\system32\pnrpnsp.dll
0x000007fee7d10000 - 0x000007fee7d1b000 	C:\Windows\System32\winrnr.dll
0x000007fee7d00000 - 0x000007fee7d10000 	C:\Windows\system32\wshbth.dll
0x000007fead890000 - 0x000007feada2f000 	C:\Program Files\Java\jdk-12.0.1\bin\awt.dll
0x000007febbd70000 - 0x000007febc134000 	C:\Windows\system32\d2d1.dll
0x000007fef0410000 - 0x000007fef043d000 	C:\Program Files\Java\jdk-12.0.1\bin\javajpeg.dll
0x000007fef03c0000 - 0x000007fef0402000 	C:\Users\Mati\AppData\Local\Temp\jna-2390825\jna4623197831820943324.dll
0x000007fead390000 - 0x000007fead88b000 	C:\Users\Mati\AppData\Local\Temp\tess4j\win32-x86-64\libtesseract400.dll
0x000007feacff0000 - 0x000007fead389000 	C:\Users\Mati\AppData\Local\Temp\tess4j\win32-x86-64\liblept1760.dll
0x000007febb550000 - 0x000007febb63f000 	C:\Users\Mati\AppData\Local\Temp\javacpp119902693627694\msvcr120.dll
0x000007fef0290000 - 0x000007fef0336000 	C:\Users\Mati\AppData\Local\Temp\javacpp119902693627694\msvcp120.dll
0x000007feacd60000 - 0x000007feacfe1000 	C:\Users\Mati\AppData\Local\Temp\javacpp119902693627694\opencv_core300.dll
0x000007feac9e0000 - 0x000007feacd5f000 	C:\Users\Mati\AppData\Local\Temp\javacpp119902693627694\opencv_imgproc300.dll
0x000007feb3390000 - 0x000007feb3548000 	C:\Users\Mati\AppData\Local\Temp\javacpp119902693627694\jniopencv_core.dll
0x000007fed4950000 - 0x000007fed49f5000 	C:\Users\Mati\AppData\Local\Temp\javacpp119902693627694\jniopencv_imgproc.dll
0x000007feac720000 - 0x000007feac9d7000 	C:\Users\Mati\AppData\Local\Temp\javacpp119902693627694\opencv_imgcodecs300.dll
0x000007fef0580000 - 0x000007fef059b000 	C:\Users\Mati\AppData\Local\Temp\javacpp119902693627694\jniopencv_imgcodecs.dll

dbghelp: loaded successfully - version: 4.0.5 - missing functions: none
symbol engine: initialized successfully - sym options: 0x614 - pdb path: .;C:\Program Files\Java\jdk-12.0.1\bin;C:\Windows\SYSTEM32;C:\Program Files\AVAST Software\Avast;C:\Windows\WinSxS\amd64_microsoft.windows.common-controls_6595b64144ccf1df_6.0.7601.18837_none_fa3b1e3d17594757;C:\Program Files\NVIDIA Corporation\CoProcManager;C:\Program Files\Java\jdk-12.0.1\bin\server;C:\Program Files\JetBrains\IntelliJ IDEA 2019.1.1\bin;C:\Users\Mati\AppData\Local\Temp\jna-2390825;C:\Users\Mati\AppData\Local\Temp\tess4j\win32-x86-64;C:\Users\Mati\AppData\Local\Temp\javacpp119902693627694

VM Arguments:
jvm_args: -XX:TieredStopAtLevel=1 -Xverify:none -Dspring.output.ansi.enabled=always -Dcom.sun.management.jmxremote -Dspring.jmx.enabled=true -Dspring.liveBeansView.mbeanDomain -Dspring.application.admin.enabled=true -javaagent:C:\Program Files\JetBrains\IntelliJ IDEA 2019.1.1\lib\idea_rt.jar=61235:C:\Program Files\JetBrains\IntelliJ IDEA 2019.1.1\bin -Dfile.encoding=UTF-8 
java_command: zpo.project.fuelscanner.FuelScannerApplication
java_class_path (initial): C:\Users\Mati\Documents\Fuel-Scanner\target\classes;C:\Users\Mati\.m2\repository\net\sourceforge\tess4j\tess4j\4.3.1\tess4j-4.3.1.jar;C:\Users\Mati\.m2\repository\net\java\dev\jna\jna\4.5.2\jna-4.5.2.jar;C:\Users\Mati\.m2\repository\com\github\jai-imageio\jai-imageio-core\1.4.0\jai-imageio-core-1.4.0.jar;C:\Users\Mati\.m2\repository\org\ghost4j\ghost4j\1.0.1\ghost4j-1.0.1.jar;C:\Users\Mati\.m2\repository\log4j\log4j\1.2.17\log4j-1.2.17.jar;C:\Users\Mati\.m2\repository\commons-beanutils\commons-beanutils\1.9.2\commons-beanutils-1.9.2.jar;C:\Users\Mati\.m2\repository\commons-collections\commons-collections\3.2.1\commons-collections-3.2.1.jar;C:\Users\Mati\.m2\repository\org\apache\xmlgraphics\xmlgraphics-commons\1.4\xmlgraphics-commons-1.4.jar;C:\Users\Mati\.m2\repository\com\lowagie\itext\2.1.7\itext-2.1.7.jar;C:\Users\Mati\.m2\repository\org\apache\pdfbox\pdfbox\2.0.12\pdfbox-2.0.12.jar;C:\Users\Mati\.m2\repository\org\apache\pdfbox\fontbox\2.0.12\fontbox-2.0.12.jar;C:\Users\Mati\.m2\repository\commons-logging\commons-logging\1.2\commons-logging-1.2.jar;C:\Users\Mati\.m2\repository\org\apache\pdfbox\pdfbox-tools\2.0.12\pdfbox-tools-2.0.12.jar;C:\Users\Mati\.m2\repository\org\apache\pdfbox\pdfbox-debugger\2.0.12\pdfbox-debugger-2.0.12.jar;C:\Users\Mati\.m2\repository\org\apache\pdfbox\jbig2-imageio\3.0.2\jbig2-imageio-3.0.2.jar;C:\Users\Mati\.m2\repository\commons-io\commons-io\2.6\commons-io-2.6.jar;C:\Users\Mati\.m2\repository\net\sourceforge\lept4j\lept4j\1.10.0\lept4j-1.10.0.jar;C:\Users\Mati\.m2\repository\org\jboss\jboss-vfs\3.2.14.Final\jboss-vfs-3.2.14.Final.jar;C:\Users\Mati\.m2\repository\org\jboss\logging\jboss-logging\3.4.1.Final\jboss-logging-3.4.1.Final.jar;C:\Users\Mati\.m2\repository\ch\qos\logback\logback-classic\1.2.3\logback-classic-1.2.3.jar;C:\Users\Mati\.m2\repository\ch\qos\logback\logback-core\1.2.3\logback-core-1.2.3.jar;C:\Users\Mati\.m2\repository\org\slf4j\jul-to-slf4j\1.7.29\jul-to-slf4j-1.7.29.jar;C:\Users\Ma
Launcher Type: SUN_STANDARD

[Global flags]
     bool BytecodeVerificationLocal                = false                                     {product} {command line}
     bool BytecodeVerificationRemote               = false                                     {product} {command line}
     intx CICompilerCount                          = 3                                         {product} {ergonomic}
     uint ConcGCThreads                            = 1                                         {product} {ergonomic}
     uint G1ConcRefinementThreads                  = 4                                         {product} {ergonomic}
   size_t G1HeapRegionSize                         = 1048576                                   {product} {ergonomic}
    uintx GCDrainStackTargetSize                   = 64                                        {product} {ergonomic}
   size_t InitialHeapSize                          = 134217728                                 {product} {ergonomic}
     bool ManagementServer                         = true                                      {product} {command line}
   size_t MarkStackSize                            = 4194304                                   {product} {ergonomic}
   size_t MaxHeapSize                              = 2128609280                                {product} {ergonomic}
   size_t MaxNewSize                               = 1277165568                                {product} {ergonomic}
   size_t MinHeapDeltaBytes                        = 1048576                                   {product} {ergonomic}
    uintx NonNMethodCodeHeapSize                   = 6973028                                {pd product} {ergonomic}
    uintx NonProfiledCodeHeapSize                  = 244685212                              {pd product} {ergonomic}
    uintx ProfiledCodeHeapSize                     = 0                                      {pd product} {ergonomic}
    uintx ReservedCodeCacheSize                    = 251658240                              {pd product} {ergonomic}
     bool SegmentedCodeCache                       = true                                      {product} {ergonomic}
     intx TieredStopAtLevel                        = 1                                         {product} {command line}
     bool UseCompressedClassPointers               = true                                 {lp64_product} {ergonomic}
     bool UseCompressedOops                        = true                                 {lp64_product} {ergonomic}
     bool UseG1GC                                  = true                                      {product} {ergonomic}
     bool UseLargePagesIndividualAllocation        = false                                  {pd product} {ergonomic}

Logging:
Log output configuration:
 #0: stdout all=warning uptime,level,tags
 #1: stderr all=off uptime,level,tags

Environment Variables:
PATH=C:\Program Files (x86)\PC Connectivity Solution\;C:\Program Files (x86)\Common Files\Oracle\Java\javapath;C:\ProgramData\Oracle\Java\javapath;C:\Program Files (x86)\Intel\iCLS Client\;C:\Program Files\Intel\iCLS Client\;C:\Windows\system32;C:\Windows;C:\Windows\System32\Wbem;C:\Windows\System32\WindowsPowerShell\v1.0\;C:\Program Files\Intel\Intel(R) Management Engine Components\DAL;C:\Program Files (x86)\Intel\Intel(R) Management Engine Components\DAL;C:\Program Files\Intel\Intel(R) Management Engine Components\IPT;C:\Program Files (x86)\Intel\Intel(R) Management Engine Components\IPT;C:\Program Files (x86)\Skype\Phone\;C:\Program Files (x86)\PostgreSQL\9.5\bin;C:\Program Files\PuTTY\;C:\Program Files\Git\cmd;C:\Users\Mati\AppData\Local\Programs\Python\Python37-32\Scripts;C:\Users\Mati\AppData\Local\Programs\Python\Python37-32;C:\Program Files\nodejs\;C:\Users\Mati\AppData\Roaming\npm
USERNAME=Mati
OS=Windows_NT
PROCESSOR_IDENTIFIER=Intel64 Family 6 Model 69 Stepping 1, GenuineIntel



---------------  S Y S T E M  ---------------

OS: Windows 7 , 64 bit Build 7601 (6.1.7601.24354)

CPU:total 4 (initial active 4) (2 cores per cpu, 2 threads per core) family 6 model 69 stepping 1, cmov, cx8, fxsr, mmx, sse, sse2, sse3, ssse3, sse4.1, sse4.2, popcnt, avx, avx2, aes, clmul, erms, lzcnt, ht, tsc, tscinvbit, bmi1, bmi2, fma

Memory: 4k page, system-wide physical 8115M (1208M free)
TotalPageFile size 16228M (AvailPageFile size 7795M)
current process WorkingSet (physical memory assigned to process): 279M, peak: 290M
current process commit charge ("private bytes"): 326M, peak: 332M

vm_info: Java HotSpot(TM) 64-Bit Server VM (12.0.1+12) for windows-amd64 JRE (12.0.1+12), built on Apr  2 2019 14:02:19 by "mach5one" with MS VC++ 15.5 (VS2017)

END.
