#
# A fatal error has been detected by the Java Runtime Environment:
#
#  EXCEPTION_UNCAUGHT_CXX_EXCEPTION (0xe06d7363) at pc=0x000007fefd25be0d, pid=4728, tid=10024
#
# JRE version: Java(TM) SE Runtime Environment (12.0.1+12) (build 12.0.1+12)
# Java VM: Java HotSpot(TM) 64-Bit Server VM (12.0.1+12, mixed mode, sharing, tiered, compressed oops, g1 gc, windows-amd64)
# Problematic frame:
# C  [KERNELBASE.dll+0xbe0d]
#
# No core dump will be written. Minidumps are not enabled by default on client versions of Windows
#
# If you would like to submit a bug report, please visit:
#   http://bugreport.java.com/bugreport/crash.jsp
# The crash happened outside the Java Virtual Machine in native code.
# See problematic frame for where to report the bug.
#

---------------  S U M M A R Y ------------

Command Line: -XX:TieredStopAtLevel=1 -Xverify:none -Dspring.output.ansi.enabled=always -Dcom.sun.management.jmxremote -Dspring.jmx.enabled=true -Dspring.liveBeansView.mbeanDomain -Dspring.application.admin.enabled=true -javaagent:C:\Program Files\JetBrains\IntelliJ IDEA 2019.1.1\lib\idea_rt.jar=50975:C:\Program Files\JetBrains\IntelliJ IDEA 2019.1.1\bin -Dfile.encoding=UTF-8 zpo.project.fuelscanner.FuelScannerApplication

Host: Intel(R) Core(TM) i5-4288U CPU @ 2.60GHz, 4 cores, 7G,  Windows 7 , 64 bit Build 7601 (6.1.7601.24354)
Time: Fri Jan 31 20:26:22 2020 ?rodkowoeuropejski czas stand. elapsed time: 56 seconds (0d 0h 0m 56s)

---------------  T H R E A D  ---------------

Current thread (0x00000000237af800):  JavaThread "http-nio-8080-exec-1" daemon [_thread_in_native, id=10024, stack(0x0000000029bb0000,0x0000000029cb0000)]

Stack: [0x0000000029bb0000,0x0000000029cb0000],  sp=0x0000000029c9a2d0,  free space=936k
Native frames: (J=compiled Java code, j=interpreted, Vv=VM code, C=native code)
C  [KERNELBASE.dll+0xbe0d]
C  [msvcr120.dll+0x5ef63]

Java frames: (J=compiled Java code, j=interpreted, Vv=VM code)
j  org.bytedeco.javacpp.opencv_imgproc.cvCvtColor(Lorg/bytedeco/javacpp/helper/opencv_core$CvArr;Lorg/bytedeco/javacpp/helper/opencv_core$CvArr;I)V+0
j  zpo.project.fuelscanner.config.ReceiptScanning.cleanImageSmoothingForOCR(Lorg/bytedeco/javacpp/opencv_core$IplImage;)Lorg/bytedeco/javacpp/opencv_core$IplImage;+15
j  zpo.project.fuelscanner.controller.OcrController.doOcr(Lorg/springframework/web/multipart/MultipartFile;)Lzpo/project/fuelscanner/model/Receipt;+84
v  ~StubRoutines::call_stub
J 2415  jdk.internal.reflect.NativeMethodAccessorImpl.invoke0(Ljava/lang/reflect/Method;Ljava/lang/Object;[Ljava/lang/Object;)Ljava/lang/Object; java.base@12.0.1 (0 bytes) @ 0x000000000b5fcd6f [0x000000000b5fcce0+0x000000000000008f]
J 2414 c1 jdk.internal.reflect.NativeMethodAccessorImpl.invoke(Ljava/lang/Object;[Ljava/lang/Object;)Ljava/lang/Object; java.base@12.0.1 (104 bytes) @ 0x000000000b5fd6c4 [0x000000000b5fd2c0+0x0000000000000404]
J 2214 c1 jdk.internal.reflect.DelegatingMethodAccessorImpl.invoke(Ljava/lang/Object;[Ljava/lang/Object;)Ljava/lang/Object; java.base@12.0.1 (10 bytes) @ 0x000000000b599524 [0x000000000b5994c0+0x0000000000000064]
J 2216 c1 java.lang.reflect.Method.invoke(Ljava/lang/Object;[Ljava/lang/Object;)Ljava/lang/Object; java.base@12.0.1 (65 bytes) @ 0x000000000b599fa4 [0x000000000b599e80+0x0000000000000124]
j  org.springframework.web.method.support.InvocableHandlerMethod.doInvoke([Ljava/lang/Object;)Ljava/lang/Object;+16
j  org.springframework.web.method.support.InvocableHandlerMethod.invokeForRequest(Lorg/springframework/web/context/request/NativeWebRequest;Lorg/springframework/web/method/support/ModelAndViewContainer;[Ljava/lang/Object;)Ljava/lang/Object;+56
j  org.springframework.web.servlet.mvc.method.annotation.ServletInvocableHandlerMethod.invokeAndHandle(Lorg/springframework/web/context/request/ServletWebRequest;Lorg/springframework/web/method/support/ModelAndViewContainer;[Ljava/lang/Object;)V+4
j  org.springframework.web.servlet.mvc.method.annotation.RequestMappingHandlerAdapter.invokeHandlerMethod(Ljavax/servlet/http/HttpServletRequest;Ljavax/servlet/http/HttpServletResponse;Lorg/springframework/web/method/HandlerMethod;)Lorg/springframework/web/servlet/ModelAndView;+244
j  org.springframework.web.servlet.mvc.method.annotation.RequestMappingHandlerAdapter.handleInternal(Ljavax/servlet/http/HttpServletRequest;Ljavax/servlet/http/HttpServletResponse;Lorg/springframework/web/method/HandlerMethod;)Lorg/springframework/web/servlet/ModelAndView;+81
j  org.springframework.web.servlet.mvc.method.AbstractHandlerMethodAdapter.handle(Ljavax/servlet/http/HttpServletRequest;Ljavax/servlet/http/HttpServletResponse;Ljava/lang/Object;)Lorg/springframework/web/servlet/ModelAndView;+7
j  org.springframework.web.servlet.DispatcherServlet.doDispatch(Ljavax/servlet/http/HttpServletRequest;Ljavax/servlet/http/HttpServletResponse;)V+257
j  org.springframework.web.servlet.DispatcherServlet.doService(Ljavax/servlet/http/HttpServletRequest;Ljavax/servlet/http/HttpServletResponse;)V+212
j  org.springframework.web.servlet.FrameworkServlet.processRequest(Ljavax/servlet/http/HttpServletRequest;Ljavax/servlet/http/HttpServletResponse;)V+71
j  org.springframework.web.servlet.FrameworkServlet.doPost(Ljavax/servlet/http/HttpServletRequest;Ljavax/servlet/http/HttpServletResponse;)V+3
j  javax.servlet.http.HttpServlet.service(Ljavax/servlet/http/HttpServletRequest;Ljavax/servlet/http/HttpServletResponse;)V+149
j  org.springframework.web.servlet.FrameworkServlet.service(Ljavax/servlet/http/HttpServletRequest;Ljavax/servlet/http/HttpServletResponse;)V+33
j  javax.servlet.http.HttpServlet.service(Ljavax/servlet/ServletRequest;Ljavax/servlet/ServletResponse;)V+36
j  org.apache.catalina.core.ApplicationFilterChain.internalDoFilter(Ljavax/servlet/ServletRequest;Ljavax/servlet/ServletResponse;)V+304
j  org.apache.catalina.core.ApplicationFilterChain.doFilter(Ljavax/servlet/ServletRequest;Ljavax/servlet/ServletResponse;)V+101
j  org.apache.tomcat.websocket.server.WsFilter.doFilter(Ljavax/servlet/ServletRequest;Ljavax/servlet/ServletResponse;Ljavax/servlet/FilterChain;)V+21
j  org.apache.catalina.core.ApplicationFilterChain.internalDoFilter(Ljavax/servlet/ServletRequest;Ljavax/servlet/ServletResponse;)V+135
j  org.apache.catalina.core.ApplicationFilterChain.doFilter(Ljavax/servlet/ServletRequest;Ljavax/servlet/ServletResponse;)V+101
j  org.springframework.web.filter.RequestContextFilter.doFilterInternal(Ljavax/servlet/http/HttpServletRequest;Ljavax/servlet/http/HttpServletResponse;Ljavax/servlet/FilterChain;)V+21
j  org.springframework.web.filter.OncePerRequestFilter.doFilter(Ljavax/servlet/ServletRequest;Ljavax/servlet/ServletResponse;Ljavax/servlet/FilterChain;)V+147
j  org.apache.catalina.core.ApplicationFilterChain.internalDoFilter(Ljavax/servlet/ServletRequest;Ljavax/servlet/ServletResponse;)V+135
j  org.apache.catalina.core.ApplicationFilterChain.doFilter(Ljavax/servlet/ServletRequest;Ljavax/servlet/ServletResponse;)V+101
j  org.springframework.web.filter.FormContentFilter.doFilterInternal(Ljavax/servlet/http/HttpServletRequest;Ljavax/servlet/http/HttpServletResponse;Ljavax/servlet/FilterChain;)V+38
j  org.springframework.web.filter.OncePerRequestFilter.doFilter(Ljavax/servlet/ServletRequest;Ljavax/servlet/ServletResponse;Ljavax/servlet/FilterChain;)V+147
j  org.apache.catalina.core.ApplicationFilterChain.internalDoFilter(Ljavax/servlet/ServletRequest;Ljavax/servlet/ServletResponse;)V+135
j  org.apache.catalina.core.ApplicationFilterChain.doFilter(Ljavax/servlet/ServletRequest;Ljavax/servlet/ServletResponse;)V+101
j  org.springframework.web.filter.CharacterEncodingFilter.doFilterInternal(Ljavax/servlet/http/HttpServletRequest;Ljavax/servlet/http/HttpServletResponse;Ljavax/servlet/FilterChain;)V+53
j  org.springframework.web.filter.OncePerRequestFilter.doFilter(Ljavax/servlet/ServletRequest;Ljavax/servlet/ServletResponse;Ljavax/servlet/FilterChain;)V+147
j  org.apache.catalina.core.ApplicationFilterChain.internalDoFilter(Ljavax/servlet/ServletRequest;Ljavax/servlet/ServletResponse;)V+135
j  org.apache.catalina.core.ApplicationFilterChain.doFilter(Ljavax/servlet/ServletRequest;Ljavax/servlet/ServletResponse;)V+101
j  org.apache.catalina.core.StandardWrapperValve.invoke(Lorg/apache/catalina/connector/Request;Lorg/apache/catalina/connector/Response;)V+694
j  org.apache.catalina.core.StandardContextValve.invoke(Lorg/apache/catalina/connector/Request;Lorg/apache/catalina/connector/Response;)V+166
j  org.apache.catalina.authenticator.AuthenticatorBase.invoke(Lorg/apache/catalina/connector/Request;Lorg/apache/catalina/connector/Response;)V+260
j  org.apache.catalina.core.StandardHostValve.invoke(Lorg/apache/catalina/connector/Request;Lorg/apache/catalina/connector/Response;)V+114
j  org.apache.catalina.valves.ErrorReportValve.invoke(Lorg/apache/catalina/connector/Request;Lorg/apache/catalina/connector/Response;)V+6
j  org.apache.catalina.core.StandardEngineValve.invoke(Lorg/apache/catalina/connector/Request;Lorg/apache/catalina/connector/Response;)V+45
j  org.apache.catalina.connector.CoyoteAdapter.service(Lorg/apache/coyote/Request;Lorg/apache/coyote/Response;)V+199
j  org.apache.coyote.http11.Http11Processor.service(Lorg/apache/tomcat/util/net/SocketWrapperBase;)Lorg/apache/tomcat/util/net/AbstractEndpoint$Handler$SocketState;+784
j  org.apache.coyote.AbstractProcessorLight.process(Lorg/apache/tomcat/util/net/SocketWrapperBase;Lorg/apache/tomcat/util/net/SocketEvent;)Lorg/apache/tomcat/util/net/AbstractEndpoint$Handler$SocketState;+113
j  org.apache.coyote.AbstractProtocol$ConnectionHandler.process(Lorg/apache/tomcat/util/net/SocketWrapperBase;Lorg/apache/tomcat/util/net/SocketEvent;)Lorg/apache/tomcat/util/net/AbstractEndpoint$Handler$SocketState;+442
j  org.apache.tomcat.util.net.NioEndpoint$SocketProcessor.doRun()V+221
j  org.apache.tomcat.util.net.SocketProcessorBase.run()V+21
j  java.util.concurrent.ThreadPoolExecutor.runWorker(Ljava/util/concurrent/ThreadPoolExecutor$Worker;)V+92 java.base@12.0.1
j  java.util.concurrent.ThreadPoolExecutor$Worker.run()V+5 java.base@12.0.1
j  org.apache.tomcat.util.threads.TaskThread$WrappingRunnable.run()V+4
j  java.lang.Thread.run()V+11 java.base@12.0.1
v  ~StubRoutines::call_stub

siginfo: EXCEPTION_UNCAUGHT_CXX_EXCEPTION (0xe06d7363), ExceptionInformation=0x0000000019930520 0x0000000029c9a450 0x000007fead369fc0 0x000007fead120000 


Register to memory mapping:

RIP=0x000007fefd25be0d KERNELBASE.dll
RAX=0x000000005f386de8 is an unknown value
RBX=0x000007fead369fc0 opencv_core300.dll
RCX=0x0000000029c99cc0 is pointing into the stack for thread: 0x00000000237af800
RDX=0x00000000000000d0 is an unknown value
RSP=0x0000000029c9a2d0 is pointing into the stack for thread: 0x00000000237af800
RBP=0x0000000029c9a400 is pointing into the stack for thread: 0x00000000237af800
RSI=0x000007feacf859f0 opencv_imgproc300.dll
RDI=0x0000000029c9a450 is pointing into the stack for thread: 0x00000000237af800
R8 =0x0 is NULL
R9 =0x0 is NULL
R10=0x000007fead120000 opencv_core300.dll
R11=0x0000000029c9a310 is pointing into the stack for thread: 0x00000000237af800
R12=
[error occurred during error reporting (printing register info), id 0xc0000005, EXCEPTION_ACCESS_VIOLATION (0xc0000005) at pc=0x000007fead758cff]

Registers:
RAX=0x000000005f386de8, RBX=0x000007fead369fc0, RCX=0x0000000029c99cc0, RDX=0x00000000000000d0
RSP=0x0000000029c9a2d0, RBP=0x0000000029c9a400, RSI=0x000007feacf859f0, RDI=0x0000000029c9a450
R8 =0x0000000000000000, R9 =0x0000000000000000, R10=0x000007fead120000, R11=0x0000000029c9a310
R12=0x00000000ffffff29, R13=0x0000000000000000, R14=0x000007feacf856f0, R15=0x0000000029caa978
RIP=0x000007fefd25be0d, EFLAGS=0x0000000000000206

Top of Stack: (sp=0x0000000029c9a2d0)
0x0000000029c9a2d0:   000007fead369fc0 000007feacf859f0
0x0000000029c9a2e0:   0000000029c9a450 000007feaf88a1ae
0x0000000029c9a2f0:   00000001e06d7363 0000000000000000
0x0000000029c9a300:   000007fefd25be0d 000007fe00000004
0x0000000029c9a310:   0000000019930520 0000000029c9a450
0x0000000029c9a320:   000007fead369fc0 000007fead120000
0x0000000029c9a330:   0000000000000002 0000000029c9a3b8
0x0000000029c9a340:   0000000000000000 0000000000000002
0x0000000029c9a350:   000000002be0fbd0 000007feacf856f0
0x0000000029c9a360:   0000000029c9a450 000007feaf87d306
0x0000000029c9a370:   000007feacf856f0 0000000000000000
0x0000000029c9a380:   00000000ffffff29 0000000029c9a450
0x0000000029c9a390:   000007feacf859f0 000007feaf87ef63
0x0000000029c9a3a0:   000007fead369fc0 0000000029c9a410
0x0000000029c9a3b0:   000007fe00000001 000007fead120100
0x0000000029c9a3c0:   00000001e06d7363 0000000000000000 

Instructions: (pc=0x000007fefd25be0d)
0x000007fefd25bded:   54 24 24 48 89 4c 24 28 4d 85 c9 0f 85 8e 03 00
0x000007fefd25bdfd:   00 89 4c 24 38 48 8d 4c 24 20 ff 15 93 e4 03 00
0x000007fefd25be0d:   48 81 c4 c8 00 00 00 c3 90 90 90 90 90 90 90 90
0x000007fefd25be1d:   90 90 90 48 83 ec 28 65 48 8b 04 25 30 00 00 00 


Stack slot to memory mapping:
stack at sp + 0 slots: 0x000007fead369fc0 opencv_core300.dll
stack at sp + 1 slots: 0x000007feacf859f0 opencv_imgproc300.dll
stack at sp + 2 slots: 0x0000000029c9a450 is pointing into the stack for thread: 0x00000000237af800
stack at sp + 3 slots: 0x000007feaf88a1ae msvcr120.dll
stack at sp + 4 slots: 0x00000001e06d7363 is an unknown value
stack at sp + 5 slots: 0x0 is NULL
stack at sp + 6 slots: 0x000007fefd25be0d KERNELBASE.dll
stack at sp + 7 slots: 0x000007fe00000004 is an unknown value


---------------  P R O C E S S  ---------------

Threads class SMR info:
_java_thread_list=0x000000002379b100, length=31, elements={
0x0000000020fee000, 0x0000000020fef000, 0x0000000022135800, 0x0000000022138800,
0x0000000022139800, 0x000000002213c800, 0x0000000022a3a800, 0x00000000233e5800,
0x00000000233e6800, 0x000000002350c800, 0x0000000025179800, 0x000000002509c800,
0x00000000221af000, 0x0000000022180000, 0x0000000022181000, 0x0000000022c63000,
0x00000000237ae800, 0x00000000237af800, 0x00000000237b0000, 0x00000000237b1000,
0x00000000237b2000, 0x00000000237b2800, 0x00000000237b3800, 0x00000000237b4800,
0x00000000237b5000, 0x0000000022c0c000, 0x0000000022c0d000, 0x0000000022c0e000,
0x0000000022c0e800, 0x0000000022c0f800, 0x0000000022c10800
}

Java Threads: ( => current thread )
  0x0000000020fee000 JavaThread "Reference Handler" daemon [_thread_blocked, id=9132, stack(0x0000000022240000,0x0000000022340000)]
  0x0000000020fef000 JavaThread "Finalizer" daemon [_thread_blocked, id=7268, stack(0x0000000021330000,0x0000000021430000)]
  0x0000000022135800 JavaThread "Signal Dispatcher" daemon [_thread_blocked, id=7872, stack(0x0000000022520000,0x0000000022620000)]
  0x0000000022138800 JavaThread "Attach Listener" daemon [_thread_blocked, id=4648, stack(0x0000000022680000,0x0000000022780000)]
  0x0000000022139800 JavaThread "C1 CompilerThread0" daemon [_thread_blocked, id=6388, stack(0x0000000022370000,0x0000000022470000)]
  0x000000002213c800 JavaThread "Sweeper thread" daemon [_thread_blocked, id=3360, stack(0x0000000022910000,0x0000000022a10000)]
  0x0000000022a3a800 JavaThread "Common-Cleaner" daemon [_thread_blocked, id=2700, stack(0x0000000022ea0000,0x0000000022fa0000)]
  0x00000000233e5800 JavaThread "Monitor Ctrl-Break" daemon [_thread_in_native, id=9340, stack(0x0000000022fd0000,0x00000000230d0000)]
  0x00000000233e6800 JavaThread "Service Thread" daemon [_thread_blocked, id=9436, stack(0x0000000023a60000,0x0000000023b60000)]
  0x000000002350c800 JavaThread "RMI TCP Accept-0" daemon [_thread_in_native, id=4524, stack(0x0000000023df0000,0x0000000023ef0000)]
  0x0000000025179800 JavaThread "mysql-cj-abandoned-connection-cleanup" daemon [_thread_blocked, id=6952, stack(0x0000000027840000,0x0000000027940000)]
  0x000000002509c800 JavaThread "MVStore background writer nio:C:/Users/Mati/Documents/Fuel-Scanner/fuel-scanner.mv.db" daemon [_thread_blocked, id=8916, stack(0x0000000027b50000,0x0000000027c50000)]
  0x00000000221af000 JavaThread "HikariPool-1 housekeeper" daemon [_thread_blocked, id=9596, stack(0x0000000027cc0000,0x0000000027dc0000)]
  0x0000000022180000 JavaThread "Catalina-utility-1" [_thread_blocked, id=9168, stack(0x0000000027eb0000,0x0000000027fb0000)]
  0x0000000022181000 JavaThread "Catalina-utility-2" [_thread_blocked, id=9220, stack(0x0000000028080000,0x0000000028180000)]
  0x0000000022c63000 JavaThread "container-0" [_thread_blocked, id=1532, stack(0x0000000028180000,0x0000000028280000)]
  0x00000000237ae800 JavaThread "http-nio-8080-BlockPoller" daemon [_thread_in_native, id=8288, stack(0x0000000029980000,0x0000000029a80000)]
=>0x00000000237af800 JavaThread "http-nio-8080-exec-1" daemon [_thread_in_native, id=10024, stack(0x0000000029bb0000,0x0000000029cb0000)]
  0x00000000237b0000 JavaThread "http-nio-8080-exec-2" daemon [_thread_blocked, id=9472, stack(0x0000000029d80000,0x0000000029e80000)]
  0x00000000237b1000 JavaThread "http-nio-8080-exec-3" daemon [_thread_blocked, id=5692, stack(0x0000000029f00000,0x000000002a000000)]
  0x00000000237b2000 JavaThread "http-nio-8080-exec-4" daemon [_thread_blocked, id=8384, stack(0x0000000023cf0000,0x0000000023df0000)]
  0x00000000237b2800 JavaThread "http-nio-8080-exec-5" daemon [_thread_blocked, id=7096, stack(0x000000002a180000,0x000000002a280000)]
  0x00000000237b3800 JavaThread "http-nio-8080-exec-6" daemon [_thread_blocked, id=2872, stack(0x000000002a290000,0x000000002a390000)]
  0x00000000237b4800 JavaThread "http-nio-8080-exec-7" daemon [_thread_blocked, id=10020, stack(0x000000002a3c0000,0x000000002a4c0000)]
  0x00000000237b5000 JavaThread "http-nio-8080-exec-8" daemon [_thread_blocked, id=9224, stack(0x0000000029880000,0x0000000029980000)]
  0x0000000022c0c000 JavaThread "http-nio-8080-exec-9" daemon [_thread_blocked, id=10132, stack(0x000000002a4e0000,0x000000002a5e0000)]
  0x0000000022c0d000 JavaThread "http-nio-8080-exec-10" daemon [_thread_blocked, id=9464, stack(0x0000000029a80000,0x0000000029b80000)]
  0x0000000022c0e000 JavaThread "http-nio-8080-ClientPoller" daemon [_thread_in_native, id=4272, stack(0x000000002a690000,0x000000002a790000)]
  0x0000000022c0e800 JavaThread "http-nio-8080-Acceptor" daemon [_thread_in_native, id=8228, stack(0x000000002a020000,0x000000002a120000)]
  0x0000000022c0f800 JavaThread "DestroyJavaVM" [_thread_blocked, id=9488, stack(0x0000000001f40000,0x0000000002040000)]
  0x0000000022c10800 JavaThread "Java2D Disposer" daemon [_thread_blocked, id=4440, stack(0x000000002ac90000,0x000000002ad90000)]

Other Threads:
  0x0000000020fdf000 VMThread "VM Thread" [stack: 0x00000000215b0000,0x00000000216b0000] [id=6316]
  0x0000000023512800 WatcherThread [stack: 0x0000000024080000,0x0000000024180000] [id=6872]
  0x000000000017a000 GCTaskThread "GC Thread#0" [stack: 0x000000001e9b0000,0x000000001eab0000] [id=9116]
  0x0000000023567000 GCTaskThread "GC Thread#1" [stack: 0x0000000023f20000,0x0000000024020000] [id=5536]
  0x0000000023567800 GCTaskThread "GC Thread#2" [stack: 0x0000000024250000,0x0000000024350000] [id=4404]
  0x0000000023568000 GCTaskThread "GC Thread#3" [stack: 0x0000000024830000,0x0000000024930000] [id=7280]
  0x0000000000187800 ConcurrentGCThread "G1 Main Marker" [stack: 0x000000001eb10000,0x000000001ec10000] [id=8920]
  0x0000000000189000 ConcurrentGCThread "G1 Conc#0" [stack: 0x000000001ece0000,0x000000001ede0000] [id=3760]
  0x0000000020f75800 ConcurrentGCThread "G1 Refine#0" [stack: 0x0000000021480000,0x0000000021580000] [id=8400]
  0x0000000022b8a000 ConcurrentGCThread "G1 Refine#1" [stack: 0x0000000024450000,0x0000000024550000] [id=7432]
  0x0000000020f78800 ConcurrentGCThread "G1 Young RemSet Sampling" [stack: 0x0000000021700000,0x0000000021800000] [id=9088]

Threads with active compile tasks:

VM state:not at safepoint (normal execution)

VM Mutex/Monitor currently owned by a thread: None

Heap address: 0x0000000081200000, size: 2030 MB, Compressed Oops mode: 32-bit
Narrow klass base: 0x0000000800000000, Narrow klass shift: 3
Compressed class space size: 1073741824 Address: 0x00000008011a0000

Heap:
 garbage-first heap   total 96256K, used 35171K [0x0000000081200000, 0x0000000100000000)
  region size 1024K, 9 young (9216K), 4 survivors (4096K)
 Metaspace       used 59028K, capacity 60645K, committed 60808K, reserved 1101824K
  class space    used 7958K, capacity 8558K, committed 8576K, reserved 1048576K
Heap Regions: E=young(eden), S=young(survivor), O=old, HS=humongous(starts), HC=humongous(continues), CS=collection set, F=free, A=archive, TAMS=top-at-mark-start (previous, next)
|   0|0x0000000081200000, 0x0000000081300000, 0x0000000081300000|100%|HS|  |TAMS 0x0000000081300000, 0x0000000081200000| Complete 
|   1|0x0000000081300000, 0x0000000081400000, 0x0000000081400000|100%| O|  |TAMS 0x0000000081400000, 0x0000000081300000| Untracked 
|   2|0x0000000081400000, 0x0000000081500000, 0x0000000081500000|100%| O|  |TAMS 0x0000000081500000, 0x0000000081400000| Untracked 
|   3|0x0000000081500000, 0x0000000081600000, 0x0000000081600000|100%| O|  |TAMS 0x0000000081600000, 0x0000000081500000| Untracked 
|   4|0x0000000081600000, 0x0000000081700000, 0x0000000081700000|100%| O|  |TAMS 0x0000000081700000, 0x0000000081600000| Untracked 
|   5|0x0000000081700000, 0x0000000081800000, 0x0000000081800000|100%| O|  |TAMS 0x0000000081800000, 0x0000000081700000| Untracked 
|   6|0x0000000081800000, 0x0000000081900000, 0x0000000081900000|100%| O|  |TAMS 0x0000000081900000, 0x0000000081800000| Untracked 
|   7|0x0000000081900000, 0x0000000081a00000, 0x0000000081a00000|100%| O|  |TAMS 0x0000000081a00000, 0x0000000081900000| Untracked 
|   8|0x0000000081a00000, 0x0000000081a7e800, 0x0000000081b00000| 49%| O|  |TAMS 0x0000000081a7e800, 0x0000000081a00000| Untracked 
|   9|0x0000000081b00000, 0x0000000081c00000, 0x0000000081c00000|100%| O|  |TAMS 0x0000000081c00000, 0x0000000081b00000| Untracked 
|  10|0x0000000081c00000, 0x0000000081d00000, 0x0000000081d00000|100%| O|  |TAMS 0x0000000081d00000, 0x0000000081c00000| Untracked 
|  11|0x0000000081d00000, 0x0000000081e00000, 0x0000000081e00000|100%| O|  |TAMS 0x0000000081e00000, 0x0000000081d00000| Untracked 
|  12|0x0000000081e00000, 0x0000000081f00000, 0x0000000081f00000|100%| O|  |TAMS 0x0000000081f00000, 0x0000000081e00000| Untracked 
|  13|0x0000000081f00000, 0x0000000082000000, 0x0000000082000000|100%| O|  |TAMS 0x0000000082000000, 0x0000000081f00000| Untracked 
|  14|0x0000000082000000, 0x0000000082100000, 0x0000000082100000|100%| O|  |TAMS 0x0000000082100000, 0x0000000082000000| Untracked 
|  15|0x0000000082100000, 0x0000000082200000, 0x0000000082200000|100%| O|  |TAMS 0x0000000082200000, 0x0000000082100000| Untracked 
|  16|0x0000000082200000, 0x0000000082300000, 0x0000000082300000|100%| O|  |TAMS 0x0000000082300000, 0x0000000082200000| Untracked 
|  17|0x0000000082300000, 0x0000000082400000, 0x0000000082400000|100%|HS|  |TAMS 0x0000000082400000, 0x0000000082300000| Complete 
|  18|0x0000000082400000, 0x0000000082500000, 0x0000000082500000|100%|HC|  |TAMS 0x0000000082500000, 0x0000000082400000| Complete 
|  19|0x0000000082500000, 0x0000000082600000, 0x0000000082600000|100%| O|  |TAMS 0x0000000082600000, 0x0000000082500000| Untracked 
|  20|0x0000000082600000, 0x0000000082700000, 0x0000000082700000|100%| O|  |TAMS 0x0000000082700000, 0x0000000082600000| Untracked 
|  21|0x0000000082700000, 0x0000000082800000, 0x0000000082800000|100%| O|  |TAMS 0x0000000082800000, 0x0000000082700000| Untracked 
|  22|0x0000000082800000, 0x0000000082900000, 0x0000000082900000|100%| O|  |TAMS 0x0000000082900000, 0x0000000082800000| Untracked 
|  23|0x0000000082900000, 0x0000000082a00000, 0x0000000082a00000|100%| O|  |TAMS 0x0000000082a00000, 0x0000000082900000| Untracked 
|  24|0x0000000082a00000, 0x0000000082b00000, 0x0000000082b00000|100%| O|  |TAMS 0x0000000082b00000, 0x0000000082a00000| Untracked 
|  25|0x0000000082b00000, 0x0000000082c00000, 0x0000000082c00000|100%| O|  |TAMS 0x0000000082c00000, 0x0000000082b00000| Untracked 
|  26|0x0000000082c00000, 0x0000000082d00000, 0x0000000082d00000|100%| O|  |TAMS 0x0000000082d00000, 0x0000000082c00000| Untracked 
|  27|0x0000000082d00000, 0x0000000082d71000, 0x0000000082e00000| 44%| O|  |TAMS 0x0000000082d71000, 0x0000000082d00000| Untracked 
|  28|0x0000000082e00000, 0x0000000082e00000, 0x0000000082f00000|  0%| F|  |TAMS 0x0000000082e00000, 0x0000000082e00000| Untracked 
|  29|0x0000000082f00000, 0x0000000082f00000, 0x0000000083000000|  0%| F|  |TAMS 0x0000000082f00000, 0x0000000082f00000| Untracked 
|  30|0x0000000083000000, 0x0000000083000000, 0x0000000083100000|  0%| F|  |TAMS 0x0000000083000000, 0x0000000083000000| Untracked 
|  31|0x0000000083100000, 0x0000000083100000, 0x0000000083200000|  0%| F|  |TAMS 0x0000000083100000, 0x0000000083100000| Untracked 
|  32|0x0000000083200000, 0x0000000083200000, 0x0000000083300000|  0%| F|  |TAMS 0x0000000083200000, 0x0000000083200000| Untracked 
|  33|0x0000000083300000, 0x0000000083300000, 0x0000000083400000|  0%| F|  |TAMS 0x0000000083300000, 0x0000000083300000| Untracked 
|  34|0x0000000083400000, 0x0000000083400000, 0x0000000083500000|  0%| F|  |TAMS 0x0000000083400000, 0x0000000083400000| Untracked 
|  35|0x0000000083500000, 0x0000000083500000, 0x0000000083600000|  0%| F|  |TAMS 0x0000000083500000, 0x0000000083500000| Untracked 
|  36|0x0000000083600000, 0x0000000083600000, 0x0000000083700000|  0%| F|  |TAMS 0x0000000083600000, 0x0000000083600000| Untracked 
|  37|0x0000000083700000, 0x0000000083700000, 0x0000000083800000|  0%| F|  |TAMS 0x0000000083700000, 0x0000000083700000| Untracked 
|  38|0x0000000083800000, 0x0000000083800000, 0x0000000083900000|  0%| F|  |TAMS 0x0000000083800000, 0x0000000083800000| Untracked 
|  39|0x0000000083900000, 0x0000000083900000, 0x0000000083a00000|  0%| F|  |TAMS 0x0000000083900000, 0x0000000083900000| Untracked 
|  40|0x0000000083a00000, 0x0000000083a00000, 0x0000000083b00000|  0%| F|  |TAMS 0x0000000083a00000, 0x0000000083a00000| Untracked 
|  41|0x0000000083b00000, 0x0000000083b00000, 0x0000000083c00000|  0%| F|  |TAMS 0x0000000083b00000, 0x0000000083b00000| Untracked 
|  42|0x0000000083c00000, 0x0000000083c00000, 0x0000000083d00000|  0%| F|  |TAMS 0x0000000083c00000, 0x0000000083c00000| Untracked 
|  43|0x0000000083d00000, 0x0000000083d00000, 0x0000000083e00000|  0%| F|  |TAMS 0x0000000083d00000, 0x0000000083d00000| Untracked 
|  44|0x0000000083e00000, 0x0000000083e00000, 0x0000000083f00000|  0%| F|  |TAMS 0x0000000083e00000, 0x0000000083e00000| Untracked 
|  45|0x0000000083f00000, 0x0000000083f00000, 0x0000000084000000|  0%| F|  |TAMS 0x0000000083f00000, 0x0000000083f00000| Untracked 
|  46|0x0000000084000000, 0x0000000084000000, 0x0000000084100000|  0%| F|  |TAMS 0x0000000084000000, 0x0000000084000000| Untracked 
|  47|0x0000000084100000, 0x0000000084100000, 0x0000000084200000|  0%| F|  |TAMS 0x0000000084100000, 0x0000000084100000| Untracked 
|  48|0x0000000084200000, 0x0000000084200000, 0x0000000084300000|  0%| F|  |TAMS 0x0000000084200000, 0x0000000084200000| Untracked 
|  49|0x0000000084300000, 0x0000000084300000, 0x0000000084400000|  0%| F|  |TAMS 0x0000000084300000, 0x0000000084300000| Untracked 
|  50|0x0000000084400000, 0x0000000084400000, 0x0000000084500000|  0%| F|  |TAMS 0x0000000084400000, 0x0000000084400000| Untracked 
|  51|0x0000000084500000, 0x0000000084500000, 0x0000000084600000|  0%| F|  |TAMS 0x0000000084500000, 0x0000000084500000| Untracked 
|  52|0x0000000084600000, 0x0000000084600000, 0x0000000084700000|  0%| F|  |TAMS 0x0000000084600000, 0x0000000084600000| Untracked 
|  53|0x0000000084700000, 0x0000000084700000, 0x0000000084800000|  0%| F|  |TAMS 0x0000000084700000, 0x0000000084700000| Untracked 
|  54|0x0000000084800000, 0x0000000084800000, 0x0000000084900000|  0%| F|  |TAMS 0x0000000084800000, 0x0000000084800000| Untracked 
|  55|0x0000000084900000, 0x0000000084900000, 0x0000000084a00000|  0%| F|  |TAMS 0x0000000084900000, 0x0000000084900000| Untracked 
|  56|0x0000000084a00000, 0x0000000084a00000, 0x0000000084b00000|  0%| F|  |TAMS 0x0000000084a00000, 0x0000000084a00000| Untracked 
|  57|0x0000000084b00000, 0x0000000084b69540, 0x0000000084c00000| 41%| S|CS|TAMS 0x0000000084b00000, 0x0000000084b00000| Complete 
|  58|0x0000000084c00000, 0x0000000084d00000, 0x0000000084d00000|100%| S|CS|TAMS 0x0000000084c00000, 0x0000000084c00000| Complete 
|  59|0x0000000084d00000, 0x0000000084e00000, 0x0000000084e00000|100%| S|CS|TAMS 0x0000000084d00000, 0x0000000084d00000| Complete 
|  60|0x0000000084e00000, 0x0000000084f00000, 0x0000000084f00000|100%| S|CS|TAMS 0x0000000084e00000, 0x0000000084e00000| Complete 
|  61|0x0000000084f00000, 0x0000000084f00000, 0x0000000085000000|  0%| F|  |TAMS 0x0000000084f00000, 0x0000000084f00000| Untracked 
|  62|0x0000000085000000, 0x0000000085000000, 0x0000000085100000|  0%| F|  |TAMS 0x0000000085000000, 0x0000000085000000| Untracked 
|  63|0x0000000085100000, 0x0000000085100000, 0x0000000085200000|  0%| F|  |TAMS 0x0000000085100000, 0x0000000085100000| Untracked 
|  64|0x0000000085200000, 0x0000000085200000, 0x0000000085300000|  0%| F|  |TAMS 0x0000000085200000, 0x0000000085200000| Untracked 
|  65|0x0000000085300000, 0x0000000085300000, 0x0000000085400000|  0%| F|  |TAMS 0x0000000085300000, 0x0000000085300000| Untracked 
|  66|0x0000000085400000, 0x0000000085400000, 0x0000000085500000|  0%| F|  |TAMS 0x0000000085400000, 0x0000000085400000| Untracked 
|  67|0x0000000085500000, 0x0000000085500000, 0x0000000085600000|  0%| F|  |TAMS 0x0000000085500000, 0x0000000085500000| Untracked 
|  68|0x0000000085600000, 0x0000000085600000, 0x0000000085700000|  0%| F|  |TAMS 0x0000000085600000, 0x0000000085600000| Untracked 
|  69|0x0000000085700000, 0x0000000085700000, 0x0000000085800000|  0%| F|  |TAMS 0x0000000085700000, 0x0000000085700000| Untracked 
|  70|0x0000000085800000, 0x0000000085800000, 0x0000000085900000|  0%| F|  |TAMS 0x0000000085800000, 0x0000000085800000| Untracked 
|  71|0x0000000085900000, 0x0000000085900000, 0x0000000085a00000|  0%| F|  |TAMS 0x0000000085900000, 0x0000000085900000| Untracked 
|  72|0x0000000085a00000, 0x0000000085a00000, 0x0000000085b00000|  0%| F|  |TAMS 0x0000000085a00000, 0x0000000085a00000| Untracked 
|  73|0x0000000085b00000, 0x0000000085b00000, 0x0000000085c00000|  0%| F|  |TAMS 0x0000000085b00000, 0x0000000085b00000| Untracked 
|  74|0x0000000085c00000, 0x0000000085c00000, 0x0000000085d00000|  0%| F|  |TAMS 0x0000000085c00000, 0x0000000085c00000| Untracked 
|  75|0x0000000085d00000, 0x0000000085d00000, 0x0000000085e00000|  0%| F|  |TAMS 0x0000000085d00000, 0x0000000085d00000| Untracked 
|  76|0x0000000085e00000, 0x0000000085e00000, 0x0000000085f00000|  0%| F|  |TAMS 0x0000000085e00000, 0x0000000085e00000| Untracked 
|  77|0x0000000085f00000, 0x0000000085f00000, 0x0000000086000000|  0%| F|  |TAMS 0x0000000085f00000, 0x0000000085f00000| Untracked 
|  78|0x0000000086000000, 0x0000000086000000, 0x0000000086100000|  0%| F|  |TAMS 0x0000000086000000, 0x0000000086000000| Untracked 
|  79|0x0000000086100000, 0x0000000086100000, 0x0000000086200000|  0%| F|  |TAMS 0x0000000086100000, 0x0000000086100000| Untracked 
|  80|0x0000000086200000, 0x0000000086200000, 0x0000000086300000|  0%| F|  |TAMS 0x0000000086200000, 0x0000000086200000| Untracked 
|  81|0x0000000086300000, 0x0000000086300000, 0x0000000086400000|  0%| F|  |TAMS 0x0000000086300000, 0x0000000086300000| Untracked 
|  82|0x0000000086400000, 0x0000000086400000, 0x0000000086500000|  0%| F|  |TAMS 0x0000000086400000, 0x0000000086400000| Untracked 
|  83|0x0000000086500000, 0x0000000086500000, 0x0000000086600000|  0%| F|  |TAMS 0x0000000086500000, 0x0000000086500000| Untracked 
|  84|0x0000000086600000, 0x0000000086600000, 0x0000000086700000|  0%| F|  |TAMS 0x0000000086600000, 0x0000000086600000| Untracked 
|  85|0x0000000086700000, 0x0000000086700000, 0x0000000086800000|  0%| F|  |TAMS 0x0000000086700000, 0x0000000086700000| Untracked 
|  86|0x0000000086800000, 0x0000000086800000, 0x0000000086900000|  0%| F|  |TAMS 0x0000000086800000, 0x0000000086800000| Untracked 
| 106|0x0000000087c00000, 0x0000000087c00000, 0x0000000087d00000|  0%| F|  |TAMS 0x0000000087c00000, 0x0000000087c00000| Untracked 
| 107|0x0000000087d00000, 0x0000000087d00000, 0x0000000087e00000|  0%| F|  |TAMS 0x0000000087d00000, 0x0000000087d00000| Untracked 
| 108|0x0000000087e00000, 0x0000000087e4e990, 0x0000000087f00000| 30%| E|  |TAMS 0x0000000087e00000, 0x0000000087e00000| Complete 
| 109|0x0000000087f00000, 0x0000000088000000, 0x0000000088000000|100%| E|CS|TAMS 0x0000000087f00000, 0x0000000087f00000| Complete 
| 110|0x0000000088000000, 0x0000000088100000, 0x0000000088100000|100%| E|CS|TAMS 0x0000000088000000, 0x0000000088000000| Complete 
| 111|0x0000000088100000, 0x0000000088200000, 0x0000000088200000|100%| E|CS|TAMS 0x0000000088100000, 0x0000000088100000| Complete 
| 153|0x000000008ab00000, 0x000000008ac00000, 0x000000008ac00000|100%| E|CS|TAMS 0x000000008ab00000, 0x000000008ab00000| Complete 

Card table byte_map: [0x000000001a1b0000,0x000000001a5b0000] _byte_map_base: 0x0000000019da7000

Marking Bits (Prev, Next): (CMBitMap*) 0x000000000017ada8, (CMBitMap*) 0x000000000017ad68
 Prev Bits: [0x000000001c970000, 0x000000001e928000)
 Next Bits: [0x000000001a9b0000, 0x000000001c968000)

Polling page: 0x0000000001eb0000

Metaspace:

Usage:
  Non-class:     50.87 MB capacity,    49.87 MB ( 98%) used,   826.45 KB (  2%) free+waste,   191.31 KB ( <1%) overhead. 
      Class:      8.36 MB capacity,     7.77 MB ( 93%) used,   507.46 KB (  6%) free+waste,    91.69 KB (  1%) overhead. 
       Both:     59.22 MB capacity,    57.64 MB ( 97%) used,     1.30 MB (  2%) free+waste,   283.00 KB ( <1%) overhead. 

Virtual space:
  Non-class space:       52.00 MB reserved,      51.01 MB ( 98%) committed 
      Class space:        1.00 GB reserved,       8.38 MB ( <1%) committed 
             Both:        1.05 GB reserved,      59.38 MB (  6%) committed 

Chunk freelists:
   Non-Class:  3.13 KB
       Class:  2.25 KB
        Both:  5.38 KB

CodeHeap 'non-profiled nmethods': size=238912Kb used=10278Kb max_used=10278Kb free=228633Kb
 bounds [0x000000000b240000, 0x000000000bc50000, 0x0000000019b90000]
CodeHeap 'non-nmethods': size=6848Kb used=1339Kb max_used=1339Kb free=5508Kb
 bounds [0x000000000ab90000, 0x000000000ae00000, 0x000000000b240000]
 total_blobs=6750 nmethods=5949 adapters=672
 compilation: enabled
              stopped_count=0, restarted_count=0
 full_count=0

Compilation events (10 events):
Event: 56.240 Thread 0x0000000022139800 5983       1       java.lang.StackTraceElement::getClassName (5 bytes)
Event: 56.240 Thread 0x0000000022139800 nmethod 5983 0x000000000bc46d90 code [0x000000000bc46f40, 0x000000000bc47078]
Event: 56.240 Thread 0x0000000022139800 5984   !   1       com.sun.proxy.$Proxy129::value (29 bytes)
Event: 56.240 Thread 0x0000000022139800 nmethod 5984 0x000000000bc47110 code [0x000000000bc472e0, 0x000000000bc47540]
Event: 56.240 Thread 0x0000000022139800 5985       1       org.bytedeco.javacpp.tools.Logger::isDebugEnabled (2 bytes)
Event: 56.241 Thread 0x0000000022139800 nmethod 5985 0x000000000bc47690 code [0x000000000bc47840, 0x000000000bc47978]
Event: 56.245 Thread 0x0000000022139800 5986       1       sun.nio.cs.UTF_8$Encoder::encodeArrayLoop (489 bytes)
Event: 56.248 Thread 0x0000000022139800 nmethod 5986 0x000000000bc47a10 code [0x000000000bc47e60, 0x000000000bc49270]
Event: 56.249 Thread 0x0000000022139800 5987  s    1       java.io.BufferedOutputStream::flush (12 bytes)
Event: 56.249 Thread 0x0000000022139800 nmethod 5987 0x000000000bc49f10 code [0x000000000bc4a0e0, 0x000000000bc4a420]

GC Heap History (10 events):
Event: 10.536 GC heap before
{Heap before GC invocations=22 (full 0):
 garbage-first heap   total 79872K, used 59085K [0x0000000081200000, 0x0000000100000000)
  region size 1024K, 37 young (37888K), 4 survivors (4096K)
 Metaspace       used 47494K, capacity 48862K, committed 49104K, reserved 1091584K
  class space    used 6494K, capacity 7002K, committed 7040K, reserved 1048576K
}
Event: 10.541 GC heap after
{Heap after GC invocations=23 (full 0):
 garbage-first heap   total 79872K, used 26291K [0x0000000081200000, 0x0000000100000000)
  region size 1024K, 4 young (4096K), 4 survivors (4096K)
 Metaspace       used 47494K, capacity 48862K, committed 49104K, reserved 1091584K
  class space    used 6494K, capacity 7002K, committed 7040K, reserved 1048576K
}
Event: 11.124 GC heap before
{Heap before GC invocations=23 (full 0):
 garbage-first heap   total 79872K, used 60083K [0x0000000081200000, 0x0000000100000000)
  region size 1024K, 37 young (37888K), 4 survivors (4096K)
 Metaspace       used 49630K, capacity 51046K, committed 51280K, reserved 1093632K
  class space    used 6784K, capacity 7324K, committed 7424K, reserved 1048576K
}
Event: 11.132 GC heap after
{Heap after GC invocations=24 (full 0):
 garbage-first heap   total 79872K, used 27941K [0x0000000081200000, 0x0000000100000000)
  region size 1024K, 4 young (4096K), 4 survivors (4096K)
 Metaspace       used 49630K, capacity 51046K, committed 51280K, reserved 1093632K
  class space    used 6784K, capacity 7324K, committed 7424K, reserved 1048576K
}
Event: 11.650 GC heap before
{Heap before GC invocations=24 (full 0):
 garbage-first heap   total 79872K, used 61733K [0x0000000081200000, 0x0000000100000000)
  region size 1024K, 37 young (37888K), 4 survivors (4096K)
 Metaspace       used 51397K, capacity 52942K, committed 53072K, reserved 1095680K
  class space    used 7041K, capacity 7634K, committed 7680K, reserved 1048576K
}
Event: 11.659 GC heap after
{Heap after GC invocations=25 (full 0):
 garbage-first heap   total 79872K, used 29834K [0x0000000081200000, 0x0000000100000000)
  region size 1024K, 5 young (5120K), 5 survivors (5120K)
 Metaspace       used 51397K, capacity 52942K, committed 53072K, reserved 1095680K
  class space    used 7041K, capacity 7634K, committed 7680K, reserved 1048576K
}
Event: 18.193 GC heap before
{Heap before GC invocations=25 (full 0):
 garbage-first heap   total 79872K, used 62602K [0x0000000081200000, 0x0000000100000000)
  region size 1024K, 37 young (37888K), 5 survivors (5120K)
 Metaspace       used 53770K, capacity 55328K, committed 55504K, reserved 1097728K
  class space    used 7390K, capacity 7981K, committed 8064K, reserved 1048576K
}
Event: 18.202 GC heap after
{Heap after GC invocations=26 (full 0):
 garbage-first heap   total 96256K, used 30037K [0x0000000081200000, 0x0000000100000000)
  region size 1024K, 3 young (3072K), 3 survivors (3072K)
 Metaspace       used 53770K, capacity 55328K, committed 55504K, reserved 1097728K
  class space    used 7390K, capacity 7981K, committed 8064K, reserved 1048576K
}
Event: 56.023 GC heap before
{Heap before GC invocations=26 (full 0):
 garbage-first heap   total 96256K, used 64853K [0x0000000081200000, 0x0000000100000000)
  region size 1024K, 36 young (36864K), 3 survivors (3072K)
 Metaspace       used 58566K, capacity 60133K, committed 60296K, reserved 1101824K
  class space    used 7898K, capacity 8494K, committed 8576K, reserved 1048576K
}
Event: 56.033 GC heap after
{Heap after GC invocations=27 (full 0):
 garbage-first heap   total 96256K, used 31075K [0x0000000081200000, 0x0000000100000000)
  region size 1024K, 4 young (4096K), 4 survivors (4096K)
 Metaspace       used 58566K, capacity 60133K, committed 60296K, reserved 1101824K
  class space    used 7898K, capacity 8494K, committed 8576K, reserved 1048576K
}

Deoptimization events (0 events):
No events

Classes redefined (0 events):
No events

Internal exceptions (10 events):
Event: 11.043 Thread 0x000000000013c800 Exception <a 'java/lang/ClassNotFoundException'{0x0000000084413d00}: org/springframework/beans/factory/AwareCustomizer> (0x0000000084413d00) thrown at [t:/workspace/open/src/hotspot/share/classfile/systemDictionary.cpp, line 235]
Event: 11.045 Thread 0x000000000013c800 Exception <a 'java/lang/ClassNotFoundException'{0x0000000084430c78}: org/springframework/web/context/ServletContextAwareCustomizer> (0x0000000084430c78) thrown at [t:/workspace/open/src/hotspot/share/classfile/systemDictionary.cpp, line 235]
Event: 11.046 Thread 0x000000000013c800 Exception <a 'java/lang/ClassNotFoundException'{0x000000008444c468}: org/springframework/beans/factory/AwareCustomizer> (0x000000008444c468) thrown at [t:/workspace/open/src/hotspot/share/classfile/systemDictionary.cpp, line 235]
Event: 11.299 Thread 0x000000000013c800 Exception <a 'java/lang/NoSuchMethodError'{0x000000008578f2b0}: java.lang.invoke.DirectMethodHandle$Holder.invokeInterface(Ljava/lang/Object;Ljava/lang/Object;Ljava/lang/Object;Ljava/lang/Object;)Ljava/lang/Object;> (0x000000008578f2b0) thrown at [t:/work
Event: 11.448 Thread 0x000000000013c800 Exception <a 'java/lang/NoSuchMethodError'{0x0000000084c91f80}: java.lang.invoke.DirectMethodHandle$Holder.invokeVirtual(Ljava/lang/Object;Ljava/lang/Object;I)V> (0x0000000084c91f80) thrown at [t:/workspace/open/src/hotspot/share/interpreter/linkResolver.
Event: 11.552 Thread 0x000000000013c800 Exception <a 'java/lang/IncompatibleClassChangeError'{0x0000000084574138}: Found class java.lang.Object, but interface was expected> (0x0000000084574138) thrown at [t:/workspace/open/src/hotspot/share/interpreter/linkResolver.cpp, line 843]
Event: 11.590 Thread 0x000000000013c800 Exception <a 'java/lang/NoSuchMethodError'{0x000000008438b4c0}: java.lang.invoke.DirectMethodHandle$Holder.invokeStaticInit(Ljava/lang/Object;Ljava/lang/Object;Ljava/lang/Object;Ljava/lang/Object;)I> (0x000000008438b4c0) thrown at [t:/workspace/open/src/h
Event: 42.880 Thread 0x00000000237af800 Exception <a 'java/lang/ClassNotFoundException'{0x0000000085b3d4d8}: sun/awt/resources/spi/awtProvider> (0x0000000085b3d4d8) thrown at [t:/workspace/open/src/hotspot/share/classfile/systemDictionary.cpp, line 235]
Event: 42.887 Thread 0x00000000237af800 Exception <a 'java/io/FileNotFoundException'{0x0000000085b620e8}> (0x0000000085b620e8) thrown at [t:/workspace/open/src/hotspot/share/prims/jni.cpp, line 615]
Event: 42.887 Thread 0x00000000237af800 Exception <a 'java/io/FileNotFoundException'{0x0000000085b643e0}> (0x0000000085b643e0) thrown at [t:/workspace/open/src/hotspot/share/prims/jni.cpp, line 615]

Events (10 events):
Event: 56.223 loading class org/bytedeco/javacv/FrameConverter
Event: 56.223 loading class org/bytedeco/javacv/FrameConverter done
Event: 56.223 loading class org/bytedeco/javacv/Frame
Event: 56.223 loading class org/bytedeco/javacv/Frame done
Event: 56.225 loading class org/bytedeco/javacpp/Pointer$2
Event: 56.225 loading class org/bytedeco/javacpp/Pointer$2 done
Event: 56.226 loading class org/bytedeco/javacpp/annotation/Name
Event: 56.226 loading class org/bytedeco/javacpp/annotation/Name done
Event: 56.235 loading class org/bytedeco/javacpp/helper/opencv_core$AbstractCvMemStorage$ReleaseDeallocator
Event: 56.235 loading class org/bytedeco/javacpp/helper/opencv_core$AbstractCvMemStorage$ReleaseDeallocator done


Dynamic libraries:
0x000000013fcd0000 - 0x000000013fcdf000 	C:\Program Files\Java\jdk-12.0.1\bin\java.exe
0x00000000774c0000 - 0x000000007765f000 	C:\Windows\SYSTEM32\ntdll.dll
0x000007fed9380000 - 0x000007fed9394000 	C:\Program Files\AVAST Software\Avast\aswhook.dll
0x00000000773a0000 - 0x00000000774bf000 	C:\Windows\system32\kernel32.dll
0x000007fefd250000 - 0x000007fefd2ba000 	C:\Windows\system32\KERNELBASE.dll
0x000007fef1730000 - 0x000007fef1748000 	C:\Program Files\Java\jdk-12.0.1\bin\jli.dll
0x000007fefd3e0000 - 0x000007fefd4bb000 	C:\Windows\system32\ADVAPI32.dll
0x000007fefd830000 - 0x000007fefd8cf000 	C:\Windows\system32\msvcrt.dll
0x000007fefdc40000 - 0x000007fefdc5f000 	C:\Windows\SYSTEM32\sechost.dll
0x000007feff600000 - 0x000007feff72d000 	C:\Windows\system32\RPCRT4.dll
0x000007fefb4a0000 - 0x000007fefb694000 	C:\Windows\WinSxS\amd64_microsoft.windows.common-controls_6595b64144ccf1df_6.0.7601.18837_none_fa3b1e3d17594757\COMCTL32.dll
0x000007fefddf0000 - 0x000007fefde57000 	C:\Windows\system32\GDI32.dll
0x00000000772a0000 - 0x000000007739a000 	C:\Windows\system32\USER32.dll
0x000007fefd3d0000 - 0x000007fefd3de000 	C:\Windows\system32\LPK.dll
0x000007fefd8d0000 - 0x000007fefd99b000 	C:\Windows\system32\USP10.dll
0x000007fefd9a0000 - 0x000007fefda11000 	C:\Windows\system32\SHLWAPI.dll
0x000007fefcf40000 - 0x000007fefcf4c000 	C:\Windows\system32\VERSION.dll
0x000007fef1710000 - 0x000007fef1726000 	C:\Program Files\Java\jdk-12.0.1\bin\VCRUNTIME140.dll
0x000007fefbef0000 - 0x000007fefbef4000 	C:\Program Files\Java\jdk-12.0.1\bin\api-ms-win-crt-runtime-l1-1-0.dll
0x000007febd930000 - 0x000007febda26000 	C:\Program Files\Java\jdk-12.0.1\bin\ucrtbase.DLL
0x000007fef8190000 - 0x000007fef8193000 	C:\Program Files\Java\jdk-12.0.1\bin\api-ms-win-core-localization-l1-2-0.dll
0x000007fef80a0000 - 0x000007fef80a3000 	C:\Program Files\Java\jdk-12.0.1\bin\api-ms-win-core-processthreads-l1-1-1.dll
0x000007fef0fc0000 - 0x000007fef0fc3000 	C:\Program Files\Java\jdk-12.0.1\bin\api-ms-win-core-file-l1-2-0.dll
0x000007fef0fb0000 - 0x000007fef0fb3000 	C:\Program Files\Java\jdk-12.0.1\bin\api-ms-win-core-timezone-l1-1-0.dll
0x000007fef0f90000 - 0x000007fef0f93000 	C:\Program Files\Java\jdk-12.0.1\bin\api-ms-win-core-file-l2-1-0.dll
0x000007fef0f80000 - 0x000007fef0f83000 	C:\Program Files\Java\jdk-12.0.1\bin\api-ms-win-core-synch-l1-2-0.dll
0x000007fef0f70000 - 0x000007fef0f74000 	C:\Program Files\Java\jdk-12.0.1\bin\api-ms-win-crt-string-l1-1-0.dll
0x000007fef0f60000 - 0x000007fef0f63000 	C:\Program Files\Java\jdk-12.0.1\bin\api-ms-win-crt-heap-l1-1-0.dll
0x000007fef0960000 - 0x000007fef0964000 	C:\Program Files\Java\jdk-12.0.1\bin\api-ms-win-crt-stdio-l1-1-0.dll
0x000007fef0950000 - 0x000007fef0954000 	C:\Program Files\Java\jdk-12.0.1\bin\api-ms-win-crt-convert-l1-1-0.dll
0x000007fef0940000 - 0x000007fef0943000 	C:\Program Files\Java\jdk-12.0.1\bin\api-ms-win-crt-environment-l1-1-0.dll
0x000007fef0930000 - 0x000007fef0933000 	C:\Program Files\Java\jdk-12.0.1\bin\api-ms-win-crt-filesystem-l1-1-0.dll
0x000007fef0920000 - 0x000007fef0925000 	C:\Program Files\Java\jdk-12.0.1\bin\api-ms-win-crt-math-l1-1-0.dll
0x000007fef0910000 - 0x000007fef0913000 	C:\Program Files\Java\jdk-12.0.1\bin\api-ms-win-crt-locale-l1-1-0.dll
0x000007fefef50000 - 0x000007fefef7e000 	C:\Windows\system32\IMM32.DLL
0x000007fefef90000 - 0x000007feff099000 	C:\Windows\system32\MSCTF.dll
0x000007fefcf50000 - 0x000007fefcf80000 	C:\Windows\system32\nvinitx.dll
0x0000000073a10000 - 0x0000000073a16000 	C:\Program Files\NVIDIA Corporation\CoProcManager\detoured.dll
0x000007fef9e10000 - 0x000007fef9e48000 	C:\Program Files\NVIDIA Corporation\CoProcManager\nvd3d9wrapx.dll
0x000007fefdfe0000 - 0x000007fefe1b7000 	C:\Windows\system32\SETUPAPI.dll
0x000007fefd2c0000 - 0x000007fefd2f6000 	C:\Windows\system32\CFGMGR32.dll
0x000007fefde60000 - 0x000007fefdf3a000 	C:\Windows\system32\OLEAUT32.dll
0x000007fefda20000 - 0x000007fefdc1f000 	C:\Windows\system32\ole32.dll
0x000007fefd230000 - 0x000007fefd24a000 	C:\Windows\system32\DEVOBJ.dll
0x000007fef9de0000 - 0x000007fef9e04000 	C:\Program Files\NVIDIA Corporation\CoProcManager\nvdxgiwrapx.dll
0x000007feb1540000 - 0x000007feb15ea000 	C:\Program Files\Java\jdk-12.0.1\bin\msvcp140.dll
0x000007fef08e0000 - 0x000007fef08e5000 	C:\Program Files\Java\jdk-12.0.1\bin\api-ms-win-crt-multibyte-l1-1-0.dll
0x000007fedfa70000 - 0x000007fedfa73000 	C:\Program Files\Java\jdk-12.0.1\bin\api-ms-win-crt-time-l1-1-0.dll
0x000007fedfa60000 - 0x000007fedfa63000 	C:\Program Files\Java\jdk-12.0.1\bin\api-ms-win-crt-utility-l1-1-0.dll
0x000007fead460000 - 0x000007feadfd4000 	C:\Program Files\Java\jdk-12.0.1\bin\server\jvm.dll
0x000007fef7b20000 - 0x000007fef7b29000 	C:\Windows\system32\WSOCK32.dll
0x000007feff100000 - 0x000007feff14d000 	C:\Windows\system32\WS2_32.dll
0x000007fefef80000 - 0x000007fefef88000 	C:\Windows\system32\NSI.dll
0x000007fef30e0000 - 0x000007fef311b000 	C:\Windows\system32\WINMM.dll
0x0000000077670000 - 0x0000000077677000 	C:\Windows\system32\PSAPI.DLL
0x000007fed1ab0000 - 0x000007fed1ac1000 	C:\Program Files\Java\jdk-12.0.1\bin\verify.dll
0x000007fef6cb0000 - 0x000007fef6dd5000 	C:\Windows\system32\DBGHELP.DLL
0x000007fed0f90000 - 0x000007fed0fb6000 	C:\Program Files\Java\jdk-12.0.1\bin\java.dll
0x000007fed33b0000 - 0x000007fed33be000 	C:\Program Files\Java\jdk-12.0.1\bin\instrument.dll
0x000007fed0d10000 - 0x000007fed0d27000 	C:\Program Files\Java\jdk-12.0.1\bin\zip.dll
0x000007fed33e0000 - 0x000007fed33ea000 	C:\Program Files\Java\jdk-12.0.1\bin\jimage.dll
0x000007fefe1c0000 - 0x000007fefef4a000 	C:\Windows\system32\SHELL32.dll
0x000007fefd020000 - 0x000007fefd02f000 	C:\Windows\system32\profapi.dll
0x000007fed03e0000 - 0x000007fed03f9000 	C:\Program Files\Java\jdk-12.0.1\bin\net.dll
0x000007fef6ea0000 - 0x000007fef6f11000 	C:\Windows\system32\WINHTTP.dll
0x000007fef6e30000 - 0x000007fef6e95000 	C:\Windows\system32\webio.dll
0x000007fefdc60000 - 0x000007fefdde8000 	C:\Windows\system32\urlmon.dll
0x000007fefd030000 - 0x000007fefd034000 	C:\Windows\system32\api-ms-win-downlevel-ole32-l1-1-0.dll
0x000007fefd1c0000 - 0x000007fefd1c4000 	C:\Windows\system32\api-ms-win-downlevel-shlwapi-l1-1-0.dll
0x000007fefd3c0000 - 0x000007fefd3c5000 	C:\Windows\system32\api-ms-win-downlevel-advapi32-l1-1-0.dll
0x000007fefd300000 - 0x000007fefd304000 	C:\Windows\system32\api-ms-win-downlevel-user32-l1-1-0.dll
0x000007fefd310000 - 0x000007fefd314000 	C:\Windows\system32\api-ms-win-downlevel-version-l1-1-0.dll
0x000007fefd1b0000 - 0x000007fefd1b3000 	C:\Windows\system32\api-ms-win-downlevel-normaliz-l1-1-0.dll
0x0000000077660000 - 0x0000000077663000 	C:\Windows\system32\normaliz.DLL
0x000007fefd4c0000 - 0x000007fefd78a000 	C:\Windows\system32\iertutil.dll
0x000007feff150000 - 0x000007feff5fc000 	C:\Windows\system32\WININET.dll
0x0000000002040000 - 0x000000000205e000 	C:\Windows\system32\USERENV.dll
0x000007fefc750000 - 0x000007fefc7a5000 	C:\Windows\system32\mswsock.dll
0x000007fefc740000 - 0x000007fefc747000 	C:\Windows\System32\wship6.dll
0x000007fed03c0000 - 0x000007fed03d3000 	C:\Program Files\Java\jdk-12.0.1\bin\nio.dll
0x000007fed03a0000 - 0x000007fed03ba000 	C:\Program Files\JetBrains\IntelliJ IDEA 2019.1.1\bin\breakgen64.dll
0x000007fefc180000 - 0x000007fefc187000 	C:\Windows\System32\wshtcpip.dll
0x000007fefc5d0000 - 0x000007fefc62b000 	C:\Windows\system32\DNSAPI.dll
0x000007fefa680000 - 0x000007fefa6a7000 	C:\Windows\system32\IPHLPAPI.DLL
0x000007fefa670000 - 0x000007fefa67b000 	C:\Windows\system32\WINNSI.DLL
0x000007feeff60000 - 0x000007feeff68000 	C:\Windows\system32\rasadhlp.dll
0x000007fef8100000 - 0x000007fef8153000 	C:\Windows\System32\fwpuclnt.dll
0x000007fed28b0000 - 0x000007fed28b9000 	C:\Program Files\Java\jdk-12.0.1\bin\management.dll
0x000007fed0f80000 - 0x000007fed0f8c000 	C:\Program Files\Java\jdk-12.0.1\bin\management_ext.dll
0x000007fefc7b0000 - 0x000007fefc7c8000 	C:\Windows\system32\CRYPTSP.dll
0x000007fefc4b0000 - 0x000007fefc4f7000 	C:\Windows\system32\rsaenh.dll
0x000007fefce70000 - 0x000007fefce7f000 	C:\Windows\system32\CRYPTBASE.dll
0x000007fef8080000 - 0x000007fef8098000 	C:\Windows\system32\dhcpcsvc.DLL
0x000007fef7f60000 - 0x000007fef7f71000 	C:\Windows\system32\dhcpcsvc6.DLL
0x000007fefb700000 - 0x000007fefb715000 	C:\Windows\system32\NLAapi.dll
0x000007feeb180000 - 0x000007feeb195000 	C:\Windows\system32\napinsp.dll
0x000007feeb160000 - 0x000007feeb179000 	C:\Windows\system32\pnrpnsp.dll
0x000007feeb150000 - 0x000007feeb15b000 	C:\Windows\System32\winrnr.dll
0x000007feeb140000 - 0x000007feeb150000 	C:\Windows\system32\wshbth.dll
0x000007feb13a0000 - 0x000007feb153f000 	C:\Program Files\Java\jdk-12.0.1\bin\awt.dll
0x000007feb9530000 - 0x000007feb98f4000 	C:\Windows\system32\d2d1.dll
0x000007febdaa0000 - 0x000007febdacd000 	C:\Program Files\Java\jdk-12.0.1\bin\javajpeg.dll
0x000007febda50000 - 0x000007febda92000 	C:\Users\Mati\AppData\Local\Temp\jna-2390825\jna18125606732246900230.dll
0x000007feb0ea0000 - 0x000007feb139b000 	C:\Users\Mati\AppData\Local\Temp\tess4j\win32-x86-64\libtesseract400.dll
0x000007feb0b00000 - 0x000007feb0e99000 	C:\Users\Mati\AppData\Local\Temp\tess4j\win32-x86-64\liblept1760.dll
0x000007feaf820000 - 0x000007feaf90f000 	C:\Users\Mati\AppData\Local\Temp\javacpp28338391817976\msvcr120.dll
0x000007fead3b0000 - 0x000007fead456000 	C:\Users\Mati\AppData\Local\Temp\javacpp28338391817976\msvcp120.dll
0x000007fead120000 - 0x000007fead3a1000 	C:\Users\Mati\AppData\Local\Temp\javacpp28338391817976\opencv_core300.dll
0x000007feacda0000 - 0x000007fead11f000 	C:\Users\Mati\AppData\Local\Temp\javacpp28338391817976\opencv_imgproc300.dll
0x000007feacbe0000 - 0x000007feacd98000 	C:\Users\Mati\AppData\Local\Temp\javacpp28338391817976\jniopencv_core.dll
0x000007feacb30000 - 0x000007feacbd5000 	C:\Users\Mati\AppData\Local\Temp\javacpp28338391817976\jniopencv_imgproc.dll
0x000007feac870000 - 0x000007feacb27000 	C:\Users\Mati\AppData\Local\Temp\javacpp28338391817976\opencv_imgcodecs300.dll
0x000007febdb00000 - 0x000007febdb1b000 	C:\Users\Mati\AppData\Local\Temp\javacpp28338391817976\jniopencv_imgcodecs.dll

dbghelp: loaded successfully - version: 4.0.5 - missing functions: none
symbol engine: initialized successfully - sym options: 0x614 - pdb path: .;C:\Program Files\Java\jdk-12.0.1\bin;C:\Windows\SYSTEM32;C:\Program Files\AVAST Software\Avast;C:\Windows\WinSxS\amd64_microsoft.windows.common-controls_6595b64144ccf1df_6.0.7601.18837_none_fa3b1e3d17594757;C:\Program Files\NVIDIA Corporation\CoProcManager;C:\Program Files\Java\jdk-12.0.1\bin\server;C:\Program Files\JetBrains\IntelliJ IDEA 2019.1.1\bin;C:\Users\Mati\AppData\Local\Temp\jna-2390825;C:\Users\Mati\AppData\Local\Temp\tess4j\win32-x86-64;C:\Users\Mati\AppData\Local\Temp\javacpp28338391817976

VM Arguments:
jvm_args: -XX:TieredStopAtLevel=1 -Xverify:none -Dspring.output.ansi.enabled=always -Dcom.sun.management.jmxremote -Dspring.jmx.enabled=true -Dspring.liveBeansView.mbeanDomain -Dspring.application.admin.enabled=true -javaagent:C:\Program Files\JetBrains\IntelliJ IDEA 2019.1.1\lib\idea_rt.jar=50975:C:\Program Files\JetBrains\IntelliJ IDEA 2019.1.1\bin -Dfile.encoding=UTF-8 
java_command: zpo.project.fuelscanner.FuelScannerApplication
java_class_path (initial): C:\Users\Mati\Documents\Fuel-Scanner\target\classes;C:\Users\Mati\.m2\repository\net\sourceforge\tess4j\tess4j\4.3.1\tess4j-4.3.1.jar;C:\Users\Mati\.m2\repository\net\java\dev\jna\jna\4.5.2\jna-4.5.2.jar;C:\Users\Mati\.m2\repository\com\github\jai-imageio\jai-imageio-core\1.4.0\jai-imageio-core-1.4.0.jar;C:\Users\Mati\.m2\repository\org\ghost4j\ghost4j\1.0.1\ghost4j-1.0.1.jar;C:\Users\Mati\.m2\repository\log4j\log4j\1.2.17\log4j-1.2.17.jar;C:\Users\Mati\.m2\repository\commons-beanutils\commons-beanutils\1.9.2\commons-beanutils-1.9.2.jar;C:\Users\Mati\.m2\repository\commons-collections\commons-collections\3.2.1\commons-collections-3.2.1.jar;C:\Users\Mati\.m2\repository\org\apache\xmlgraphics\xmlgraphics-commons\1.4\xmlgraphics-commons-1.4.jar;C:\Users\Mati\.m2\repository\com\lowagie\itext\2.1.7\itext-2.1.7.jar;C:\Users\Mati\.m2\repository\org\apache\pdfbox\pdfbox\2.0.12\pdfbox-2.0.12.jar;C:\Users\Mati\.m2\repository\org\apache\pdfbox\fontbox\2.0.12\fontbox-2.0.12.jar;C:\Users\Mati\.m2\repository\commons-logging\commons-logging\1.2\commons-logging-1.2.jar;C:\Users\Mati\.m2\repository\org\apache\pdfbox\pdfbox-tools\2.0.12\pdfbox-tools-2.0.12.jar;C:\Users\Mati\.m2\repository\org\apache\pdfbox\pdfbox-debugger\2.0.12\pdfbox-debugger-2.0.12.jar;C:\Users\Mati\.m2\repository\org\apache\pdfbox\jbig2-imageio\3.0.2\jbig2-imageio-3.0.2.jar;C:\Users\Mati\.m2\repository\commons-io\commons-io\2.6\commons-io-2.6.jar;C:\Users\Mati\.m2\repository\net\sourceforge\lept4j\lept4j\1.10.0\lept4j-1.10.0.jar;C:\Users\Mati\.m2\repository\org\jboss\jboss-vfs\3.2.14.Final\jboss-vfs-3.2.14.Final.jar;C:\Users\Mati\.m2\repository\org\jboss\logging\jboss-logging\3.4.1.Final\jboss-logging-3.4.1.Final.jar;C:\Users\Mati\.m2\repository\ch\qos\logback\logback-classic\1.2.3\logback-classic-1.2.3.jar;C:\Users\Mati\.m2\repository\ch\qos\logback\logback-core\1.2.3\logback-core-1.2.3.jar;C:\Users\Mati\.m2\repository\org\slf4j\jul-to-slf4j\1.7.29\jul-to-slf4j-1.7.29.jar;C:\Users\Ma
Launcher Type: SUN_STANDARD

[Global flags]
     bool BytecodeVerificationLocal                = false                                     {product} {command line}
     bool BytecodeVerificationRemote               = false                                     {product} {command line}
     intx CICompilerCount                          = 3                                         {product} {ergonomic}
     uint ConcGCThreads                            = 1                                         {product} {ergonomic}
     uint G1ConcRefinementThreads                  = 4                                         {product} {ergonomic}
   size_t G1HeapRegionSize                         = 1048576                                   {product} {ergonomic}
    uintx GCDrainStackTargetSize                   = 64                                        {product} {ergonomic}
   size_t InitialHeapSize                          = 134217728                                 {product} {ergonomic}
     bool ManagementServer                         = true                                      {product} {command line}
   size_t MarkStackSize                            = 4194304                                   {product} {ergonomic}
   size_t MaxHeapSize                              = 2128609280                                {product} {ergonomic}
   size_t MaxNewSize                               = 1277165568                                {product} {ergonomic}
   size_t MinHeapDeltaBytes                        = 1048576                                   {product} {ergonomic}
    uintx NonNMethodCodeHeapSize                   = 6973028                                {pd product} {ergonomic}
    uintx NonProfiledCodeHeapSize                  = 244685212                              {pd product} {ergonomic}
    uintx ProfiledCodeHeapSize                     = 0                                      {pd product} {ergonomic}
    uintx ReservedCodeCacheSize                    = 251658240                              {pd product} {ergonomic}
     bool SegmentedCodeCache                       = true                                      {product} {ergonomic}
     intx TieredStopAtLevel                        = 1                                         {product} {command line}
     bool UseCompressedClassPointers               = true                                 {lp64_product} {ergonomic}
     bool UseCompressedOops                        = true                                 {lp64_product} {ergonomic}
     bool UseG1GC                                  = true                                      {product} {ergonomic}
     bool UseLargePagesIndividualAllocation        = false                                  {pd product} {ergonomic}

Logging:
Log output configuration:
 #0: stdout all=warning uptime,level,tags
 #1: stderr all=off uptime,level,tags

Environment Variables:
PATH=C:\Program Files (x86)\PC Connectivity Solution\;C:\Program Files (x86)\Common Files\Oracle\Java\javapath;C:\ProgramData\Oracle\Java\javapath;C:\Program Files (x86)\Intel\iCLS Client\;C:\Program Files\Intel\iCLS Client\;C:\Windows\system32;C:\Windows;C:\Windows\System32\Wbem;C:\Windows\System32\WindowsPowerShell\v1.0\;C:\Program Files\Intel\Intel(R) Management Engine Components\DAL;C:\Program Files (x86)\Intel\Intel(R) Management Engine Components\DAL;C:\Program Files\Intel\Intel(R) Management Engine Components\IPT;C:\Program Files (x86)\Intel\Intel(R) Management Engine Components\IPT;C:\Program Files (x86)\Skype\Phone\;C:\Program Files (x86)\PostgreSQL\9.5\bin;C:\Program Files\PuTTY\;C:\Program Files\Git\cmd;C:\Users\Mati\AppData\Local\Programs\Python\Python37-32\Scripts;C:\Users\Mati\AppData\Local\Programs\Python\Python37-32;C:\Program Files\nodejs\;C:\Users\Mati\AppData\Roaming\npm
USERNAME=Mati
OS=Windows_NT
PROCESSOR_IDENTIFIER=Intel64 Family 6 Model 69 Stepping 1, GenuineIntel



---------------  S Y S T E M  ---------------

OS: Windows 7 , 64 bit Build 7601 (6.1.7601.24354)

CPU:total 4 (initial active 4) (2 cores per cpu, 2 threads per core) family 6 model 69 stepping 1, cmov, cx8, fxsr, mmx, sse, sse2, sse3, ssse3, sse4.1, sse4.2, popcnt, avx, avx2, aes, clmul, erms, lzcnt, ht, tsc, tscinvbit, bmi1, bmi2, fma

Memory: 4k page, system-wide physical 8115M (724M free)
TotalPageFile size 16228M (AvailPageFile size 6082M)
current process WorkingSet (physical memory assigned to process): 268M, peak: 289M
current process commit charge ("private bytes"): 299M, peak: 326M

vm_info: Java HotSpot(TM) 64-Bit Server VM (12.0.1+12) for windows-amd64 JRE (12.0.1+12), built on Apr  2 2019 14:02:19 by "mach5one" with MS VC++ 15.5 (VS2017)

END.
